2025-08-225 09:18 c.e.o.common.auth.JwtTokenFilter-JWT expired at 2025-08-12T23:27:40Z. Current time: 2025-08-13T00:18:05Z, a difference of 3025522 milliseconds.  Allowed clock skew: 0 milliseconds.
2025-08-225 09:18 c.e.o.common.auth.JwtTokenFilter-JWT expired at 2025-08-12T23:27:40Z. Current time: 2025-08-13T00:18:05Z, a difference of 3025531 milliseconds.  Allowed clock skew: 0 milliseconds.
2025-08-225 09:20 c.e.o.common.auth.JwtTokenFilter-JWT expired at 2025-08-12T23:27:40Z. Current time: 2025-08-13T00:20:05Z, a difference of 3145189 milliseconds.  Allowed clock skew: 0 milliseconds.
2025-08-225 09:20 c.e.o.common.auth.JwtTokenFilter-JWT expired at 2025-08-12T23:27:40Z. Current time: 2025-08-13T00:20:05Z, a difference of 3145191 milliseconds.  Allowed clock skew: 0 milliseconds.
2025-08-225 09:20 c.e.o.common.auth.JwtTokenFilter-JWT expired at 2025-08-12T23:27:40Z. Current time: 2025-08-13T00:20:06Z, a difference of 3146627 milliseconds.  Allowed clock skew: 0 milliseconds.
2025-08-225 09:20 c.e.o.common.auth.JwtTokenFilter-JWT expired at 2025-08-12T23:27:40Z. Current time: 2025-08-13T00:20:06Z, a difference of 3146628 milliseconds.  Allowed clock skew: 0 milliseconds.
2025-08-225 09:20 c.e.o.common.auth.JwtTokenFilter-JWT expired at 2025-08-12T23:27:40Z. Current time: 2025-08-13T00:20:06Z, a difference of 3146877 milliseconds.  Allowed clock skew: 0 milliseconds.
2025-08-225 09:20 c.e.o.common.auth.JwtTokenFilter-JWT expired at 2025-08-12T23:27:40Z. Current time: 2025-08-13T00:20:06Z, a difference of 3146879 milliseconds.  Allowed clock skew: 0 milliseconds.
2025-08-225 09:20 c.e.o.common.auth.JwtTokenFilter-JWT expired at 2025-08-12T23:27:40Z. Current time: 2025-08-13T00:20:07Z, a difference of 3147264 milliseconds.  Allowed clock skew: 0 milliseconds.
2025-08-225 09:20 c.e.o.common.auth.JwtTokenFilter-JWT expired at 2025-08-12T23:27:40Z. Current time: 2025-08-13T00:20:07Z, a difference of 3147266 milliseconds.  Allowed clock skew: 0 milliseconds.
2025-08-225 09:20 c.e.o.common.auth.JwtTokenFilter-JWT expired at 2025-08-12T23:27:40Z. Current time: 2025-08-13T00:20:27Z, a difference of 3167518 milliseconds.  Allowed clock skew: 0 milliseconds.
2025-08-225 09:20 c.e.o.common.auth.JwtTokenFilter-JWT expired at 2025-08-12T23:27:40Z. Current time: 2025-08-13T00:20:27Z, a difference of 3167520 milliseconds.  Allowed clock skew: 0 milliseconds.
2025-08-225 09:20 c.e.o.common.auth.JwtTokenFilter-JWT expired at 2025-08-12T23:27:40Z. Current time: 2025-08-13T00:20:28Z, a difference of 3168039 milliseconds.  Allowed clock skew: 0 milliseconds.
2025-08-225 09:20 c.e.o.common.auth.JwtTokenFilter-JWT expired at 2025-08-12T23:27:40Z. Current time: 2025-08-13T00:20:28Z, a difference of 3168041 milliseconds.  Allowed clock skew: 0 milliseconds.
2025-08-225 09:20 c.e.o.common.auth.JwtTokenFilter-JWT expired at 2025-08-12T23:27:40Z. Current time: 2025-08-13T00:20:28Z, a difference of 3168513 milliseconds.  Allowed clock skew: 0 milliseconds.
2025-08-225 09:20 c.e.o.common.auth.JwtTokenFilter-JWT expired at 2025-08-12T23:27:40Z. Current time: 2025-08-13T00:20:28Z, a difference of 3168518 milliseconds.  Allowed clock skew: 0 milliseconds.
2025-08-225 09:20 c.e.o.common.auth.JwtTokenFilter-JWT expired at 2025-08-12T23:27:40Z. Current time: 2025-08-13T00:20:28Z, a difference of 3168745 milliseconds.  Allowed clock skew: 0 milliseconds.
2025-08-225 09:20 c.e.o.common.auth.JwtTokenFilter-JWT expired at 2025-08-12T23:27:40Z. Current time: 2025-08-13T00:20:28Z, a difference of 3168746 milliseconds.  Allowed clock skew: 0 milliseconds.
2025-08-225 09:24 c.e.o.common.auth.JwtTokenFilter-JWT expired at 2025-08-12T23:27:40Z. Current time: 2025-08-13T00:24:04Z, a difference of 3384341 milliseconds.  Allowed clock skew: 0 milliseconds.
2025-08-225 09:24 c.e.o.common.auth.JwtTokenFilter-JWT expired at 2025-08-12T23:27:40Z. Current time: 2025-08-13T00:24:04Z, a difference of 3384344 milliseconds.  Allowed clock skew: 0 milliseconds.
2025-08-225 09:24 c.e.o.common.auth.JwtTokenFilter-JWT expired at 2025-08-12T23:27:40Z. Current time: 2025-08-13T00:24:08Z, a difference of 3388274 milliseconds.  Allowed clock skew: 0 milliseconds.
2025-08-225 09:24 c.e.o.common.auth.JwtTokenFilter-JWT expired at 2025-08-12T23:27:40Z. Current time: 2025-08-13T00:24:08Z, a difference of 3388276 milliseconds.  Allowed clock skew: 0 milliseconds.
2025-08-225 09:24 c.e.o.common.auth.JwtTokenFilter-JWT expired at 2025-08-12T23:27:40Z. Current time: 2025-08-13T00:24:14Z, a difference of 3394642 milliseconds.  Allowed clock skew: 0 milliseconds.
2025-08-225 09:24 c.e.o.common.auth.JwtTokenFilter-JWT expired at 2025-08-12T23:27:40Z. Current time: 2025-08-13T00:24:14Z, a difference of 3394645 milliseconds.  Allowed clock skew: 0 milliseconds.
2025-08-225 09:24 c.e.o.common.auth.JwtTokenFilter-JWT expired at 2025-08-12T23:27:40Z. Current time: 2025-08-13T00:24:19Z, a difference of 3399032 milliseconds.  Allowed clock skew: 0 milliseconds.
2025-08-225 09:24 c.e.o.common.auth.JwtTokenFilter-JWT expired at 2025-08-12T23:27:40Z. Current time: 2025-08-13T00:24:19Z, a difference of 3399036 milliseconds.  Allowed clock skew: 0 milliseconds.
2025-08-225 09:24 c.e.o.common.auth.JwtTokenFilter-JWT expired at 2025-08-12T23:27:40Z. Current time: 2025-08-13T00:24:22Z, a difference of 3402442 milliseconds.  Allowed clock skew: 0 milliseconds.
2025-08-225 09:24 c.e.o.common.auth.JwtTokenFilter-JWT expired at 2025-08-12T23:27:40Z. Current time: 2025-08-13T00:24:22Z, a difference of 3402446 milliseconds.  Allowed clock skew: 0 milliseconds.
2025-08-225 09:24 c.e.o.common.auth.JwtTokenFilter-JWT expired at 2025-08-12T23:27:40Z. Current time: 2025-08-13T00:24:31Z, a difference of 3411677 milliseconds.  Allowed clock skew: 0 milliseconds.
2025-08-225 09:24 c.e.o.common.auth.JwtTokenFilter-JWT expired at 2025-08-12T23:27:40Z. Current time: 2025-08-13T00:24:31Z, a difference of 3411680 milliseconds.  Allowed clock skew: 0 milliseconds.
2025-08-225 10:30 c.e.o.common.auth.JwtTokenFilter-JWT expired at 2025-08-12T23:27:40Z. Current time: 2025-08-13T01:30:45Z, a difference of 7385705 milliseconds.  Allowed clock skew: 0 milliseconds.
2025-08-225 10:30 c.e.o.common.auth.JwtTokenFilter-JWT expired at 2025-08-12T23:27:40Z. Current time: 2025-08-13T01:30:45Z, a difference of 7385705 milliseconds.  Allowed clock skew: 0 milliseconds.
2025-08-225 10:30 c.e.o.c.a.JwtAuthenticationHandler-Full authentication is required to access this resource
2025-08-225 10:30 c.e.o.c.a.JwtAuthenticationHandler-Full authentication is required to access this resource
2025-08-225 10:30 c.e.o.common.auth.JwtTokenFilter-JWT expired at 2025-08-12T23:27:40Z. Current time: 2025-08-13T01:30:45Z, a difference of 7385799 milliseconds.  Allowed clock skew: 0 milliseconds.
2025-08-225 10:30 c.e.o.common.auth.JwtTokenFilter-JWT expired at 2025-08-12T23:27:40Z. Current time: 2025-08-13T01:30:45Z, a difference of 7385799 milliseconds.  Allowed clock skew: 0 milliseconds.
2025-08-225 10:30 c.e.o.common.auth.JwtTokenFilter-JWT expired at 2025-08-12T23:27:40Z. Current time: 2025-08-13T01:30:45Z, a difference of 7385802 milliseconds.  Allowed clock skew: 0 milliseconds.
2025-08-225 10:30 c.e.o.common.auth.JwtTokenFilter-JWT expired at 2025-08-12T23:27:40Z. Current time: 2025-08-13T01:30:45Z, a difference of 7385802 milliseconds.  Allowed clock skew: 0 milliseconds.
2025-08-225 15:05 c.e.o.c.a.JwtAuthenticationHandler-Full authentication is required to access this resource
2025-08-225 15:05 c.e.o.c.a.JwtAuthenticationHandler-Full authentication is required to access this resource
2025-08-225 16:09 o.s.a.r.l.SimpleMessageListenerContainer-Failed to check/redeclare auto-delete queue(s).
org.springframework.amqp.AmqpIOException: java.io.IOException
	at org.springframework.amqp.rabbit.support.RabbitExceptionTranslator.convertRabbitAccessException(RabbitExceptionTranslator.java:70)
	at org.springframework.amqp.rabbit.connection.AbstractConnectionFactory.createBareConnection(AbstractConnectionFactory.java:632)
	at org.springframework.amqp.rabbit.connection.CachingConnectionFactory.createConnection(CachingConnectionFactory.java:726)
	at org.springframework.amqp.rabbit.connection.CachingConnectionFactory.createBareChannel(CachingConnectionFactory.java:671)
	at org.springframework.amqp.rabbit.connection.CachingConnectionFactory.getCachedChannelProxy(CachingConnectionFactory.java:644)
	at org.springframework.amqp.rabbit.connection.CachingConnectionFactory.getChannel(CachingConnectionFactory.java:533)
	at org.springframework.amqp.rabbit.connection.CachingConnectionFactory$ChannelCachingConnectionProxy.createChannel(CachingConnectionFactory.java:1484)
	at org.springframework.amqp.rabbit.core.RabbitTemplate.doExecute(RabbitTemplate.java:2268)
	at org.springframework.amqp.rabbit.core.RabbitTemplate.execute(RabbitTemplate.java:2235)
	at org.springframework.amqp.rabbit.core.RabbitTemplate.execute(RabbitTemplate.java:2215)
	at org.springframework.amqp.rabbit.core.RabbitAdmin.getQueueInfo(RabbitAdmin.java:467)
	at org.springframework.amqp.rabbit.core.RabbitAdmin.getQueueProperties(RabbitAdmin.java:451)
	at org.springframework.amqp.rabbit.listener.AbstractMessageListenerContainer.attemptDeclarations(AbstractMessageListenerContainer.java:1972)
	at org.springframework.amqp.rabbit.listener.AbstractMessageListenerContainer.redeclareElementsIfNecessary(AbstractMessageListenerContainer.java:1936)
	at org.springframework.amqp.rabbit.listener.SimpleMessageListenerContainer$AsyncMessageProcessingConsumer.initialize(SimpleMessageListenerContainer.java:1481)
	at org.springframework.amqp.rabbit.listener.SimpleMessageListenerContainer$AsyncMessageProcessingConsumer.run(SimpleMessageListenerContainer.java:1322)
	at java.base/java.lang.Thread.run(Thread.java:840)
Caused by: java.io.IOException: null
	at com.rabbitmq.client.impl.AMQChannel.wrap(AMQChannel.java:140)
	at com.rabbitmq.client.impl.AMQChannel.wrap(AMQChannel.java:136)
	at com.rabbitmq.client.impl.AMQConnection.start(AMQConnection.java:406)
	at com.rabbitmq.client.ConnectionFactory.newConnection(ConnectionFactory.java:1251)
	at com.rabbitmq.client.ConnectionFactory.newConnection(ConnectionFactory.java:1198)
	at com.rabbitmq.client.ConnectionFactory.newConnection(ConnectionFactory.java:1369)
	at org.springframework.amqp.rabbit.connection.AbstractConnectionFactory.connectHostPort(AbstractConnectionFactory.java:695)
	at org.springframework.amqp.rabbit.connection.AbstractConnectionFactory.connect(AbstractConnectionFactory.java:650)
	at org.springframework.amqp.rabbit.connection.AbstractConnectionFactory.createBareConnection(AbstractConnectionFactory.java:593)
	... 15 common frames omitted
Caused by: com.rabbitmq.client.ShutdownSignalException: connection error
	at com.rabbitmq.utility.ValueOrException.getValue(ValueOrException.java:66)
	at com.rabbitmq.utility.BlockingValueOrException.uninterruptibleGetValue(BlockingValueOrException.java:36)
	at com.rabbitmq.client.impl.AMQChannel$BlockingRpcContinuation.getReply(AMQChannel.java:552)
	at com.rabbitmq.client.impl.AMQConnection.start(AMQConnection.java:336)
	... 21 common frames omitted
Caused by: java.io.EOFException: null
	at java.base/java.io.DataInputStream.readUnsignedByte(DataInputStream.java:290)
	at com.rabbitmq.client.impl.Frame.readFrom(Frame.java:91)
	at com.rabbitmq.client.impl.SocketFrameHandler.readFrame(SocketFrameHandler.java:199)
	at com.rabbitmq.client.impl.AMQConnection$MainLoop.run(AMQConnection.java:687)
	... 1 common frames omitted
2025-08-225 16:09 o.s.a.r.l.SimpleMessageListenerContainer-Failed to check/redeclare auto-delete queue(s).
2025-08-225 16:09 o.s.a.r.l.SimpleMessageListenerContainer-Failed to check/redeclare auto-delete queue(s).
2025-08-225 16:10 o.s.a.r.l.SimpleMessageListenerContainer-Failed to check/redeclare auto-delete queue(s).
2025-08-225 16:10 o.s.a.r.l.SimpleMessageListenerContainer-Failed to check/redeclare auto-delete queue(s).
2025-08-225 16:10 o.s.a.r.l.SimpleMessageListenerContainer-Failed to check/redeclare auto-delete queue(s).
2025-08-225 16:10 o.s.a.r.l.SimpleMessageListenerContainer-Failed to check/redeclare auto-delete queue(s).
2025-08-225 16:10 o.s.a.r.l.SimpleMessageListenerContainer-Failed to check/redeclare auto-delete queue(s).
2025-08-225 16:10 o.s.a.r.l.SimpleMessageListenerContainer-Failed to check/redeclare auto-delete queue(s).
2025-08-225 16:10 o.s.a.r.l.SimpleMessageListenerContainer-Failed to check/redeclare auto-delete queue(s).
2025-08-225 16:10 o.s.a.r.l.SimpleMessageListenerContainer-Failed to check/redeclare auto-delete queue(s).
2025-08-225 16:10 o.s.a.r.l.SimpleMessageListenerContainer-Failed to check/redeclare auto-delete queue(s).
2025-08-225 16:10 o.s.a.r.l.SimpleMessageListenerContainer-Failed to check/redeclare auto-delete queue(s).
2025-08-225 16:10 o.s.a.r.l.SimpleMessageListenerContainer-Failed to check/redeclare auto-delete queue(s).
2025-08-225 16:11 o.s.a.r.l.SimpleMessageListenerContainer-Failed to check/redeclare auto-delete queue(s).
2025-08-225 16:11 o.s.a.r.l.SimpleMessageListenerContainer-Failed to check/redeclare auto-delete queue(s).
2025-08-225 16:11 o.s.a.r.l.SimpleMessageListenerContainer-Failed to check/redeclare auto-delete queue(s).
2025-08-225 16:11 o.s.a.r.l.SimpleMessageListenerContainer-Failed to check/redeclare auto-delete queue(s).
2025-08-225 16:11 o.s.a.r.l.SimpleMessageListenerContainer-Failed to check/redeclare auto-delete queue(s).
2025-08-225 16:11 o.s.a.r.l.SimpleMessageListenerContainer-Failed to check/redeclare auto-delete queue(s).
2025-08-225 16:11 o.s.a.r.l.SimpleMessageListenerContainer-Failed to check/redeclare auto-delete queue(s).
2025-08-225 16:11 o.s.a.r.l.SimpleMessageListenerContainer-Failed to check/redeclare auto-delete queue(s).
2025-08-225 16:11 o.s.a.r.l.SimpleMessageListenerContainer-Failed to check/redeclare auto-delete queue(s).
2025-08-225 16:11 o.s.a.r.l.SimpleMessageListenerContainer-Failed to check/redeclare auto-delete queue(s).
2025-08-225 16:11 o.s.a.r.l.SimpleMessageListenerContainer-Failed to check/redeclare auto-delete queue(s).
2025-08-225 16:11 o.s.a.r.l.SimpleMessageListenerContainer-Failed to check/redeclare auto-delete queue(s).
2025-08-225 16:12 o.s.a.r.l.SimpleMessageListenerContainer-Failed to check/redeclare auto-delete queue(s).
2025-08-225 16:12 o.s.a.r.l.SimpleMessageListenerContainer-Failed to check/redeclare auto-delete queue(s).
2025-08-225 16:12 o.s.a.r.l.SimpleMessageListenerContainer-Failed to check/redeclare auto-delete queue(s).
2025-08-225 16:12 o.s.a.r.l.SimpleMessageListenerContainer-Failed to check/redeclare auto-delete queue(s).
2025-08-225 16:12 o.s.a.r.l.SimpleMessageListenerContainer-Failed to check/redeclare auto-delete queue(s).
2025-08-225 16:12 o.s.a.r.l.SimpleMessageListenerContainer-Failed to check/redeclare auto-delete queue(s).
2025-08-225 16:12 o.s.a.r.l.SimpleMessageListenerContainer-Failed to check/redeclare auto-delete queue(s).
2025-08-225 16:12 o.s.a.r.l.SimpleMessageListenerContainer-Failed to check/redeclare auto-delete queue(s).
2025-08-225 16:12 o.s.a.r.l.SimpleMessageListenerContainer-Failed to check/redeclare auto-delete queue(s).
2025-08-225 16:12 o.s.a.r.l.SimpleMessageListenerContainer-Failed to check/redeclare auto-delete queue(s).
2025-08-225 16:12 o.s.a.r.l.SimpleMessageListenerContainer-Failed to check/redeclare auto-delete queue(s).
2025-08-225 16:12 o.s.a.r.l.SimpleMessageListenerContainer-Failed to check/redeclare auto-delete queue(s).
2025-08-225 16:13 o.s.a.r.l.SimpleMessageListenerContainer-Failed to check/redeclare auto-delete queue(s).
2025-08-225 16:13 o.s.a.r.l.SimpleMessageListenerContainer-Failed to check/redeclare auto-delete queue(s).
2025-08-225 16:13 o.s.a.r.l.SimpleMessageListenerContainer-Failed to check/redeclare auto-delete queue(s).
2025-08-225 16:13 o.s.a.r.l.SimpleMessageListenerContainer-Failed to check/redeclare auto-delete queue(s).
2025-08-225 16:13 o.s.a.r.l.SimpleMessageListenerContainer-Failed to check/redeclare auto-delete queue(s).
2025-08-225 16:13 o.s.a.r.l.SimpleMessageListenerContainer-Failed to check/redeclare auto-delete queue(s).
2025-08-225 16:13 o.s.a.r.l.SimpleMessageListenerContainer-Failed to check/redeclare auto-delete queue(s).
2025-08-225 16:13 o.s.a.r.l.SimpleMessageListenerContainer-Failed to check/redeclare auto-delete queue(s).
2025-08-225 16:13 o.s.a.r.l.SimpleMessageListenerContainer-Failed to check/redeclare auto-delete queue(s).
2025-08-225 16:13 o.s.a.r.l.SimpleMessageListenerContainer-Failed to check/redeclare auto-delete queue(s).
2025-08-225 16:13 o.s.a.r.l.SimpleMessageListenerContainer-Failed to check/redeclare auto-delete queue(s).
2025-08-225 16:13 o.s.a.r.l.SimpleMessageListenerContainer-Failed to check/redeclare auto-delete queue(s).
2025-08-225 16:14 o.s.a.r.l.SimpleMessageListenerContainer-Failed to check/redeclare auto-delete queue(s).
2025-08-225 16:14 o.s.a.r.l.SimpleMessageListenerContainer-Failed to check/redeclare auto-delete queue(s).
2025-08-225 16:14 o.s.a.r.l.SimpleMessageListenerContainer-Failed to check/redeclare auto-delete queue(s).
2025-08-225 16:14 o.s.a.r.l.SimpleMessageListenerContainer-Failed to check/redeclare auto-delete queue(s).
2025-08-225 16:14 o.s.a.r.l.SimpleMessageListenerContainer-Failed to check/redeclare auto-delete queue(s).
2025-08-225 16:14 o.s.a.r.l.SimpleMessageListenerContainer-Failed to check/redeclare auto-delete queue(s).
2025-08-225 16:14 o.s.a.r.l.SimpleMessageListenerContainer-Failed to check/redeclare auto-delete queue(s).
2025-08-225 16:14 o.s.a.r.l.SimpleMessageListenerContainer-Failed to check/redeclare auto-delete queue(s).
2025-08-225 16:14 o.s.a.r.l.SimpleMessageListenerContainer-Failed to check/redeclare auto-delete queue(s).
2025-08-225 16:14 o.s.a.r.l.SimpleMessageListenerContainer-Failed to check/redeclare auto-delete queue(s).
2025-08-225 16:14 o.s.a.r.l.SimpleMessageListenerContainer-Failed to check/redeclare auto-delete queue(s).
2025-08-225 16:15 o.s.a.r.l.SimpleMessageListenerContainer-Failed to check/redeclare auto-delete queue(s).
2025-08-225 16:15 o.s.a.r.l.SimpleMessageListenerContainer-Failed to check/redeclare auto-delete queue(s).
2025-08-225 16:15 o.s.a.r.l.SimpleMessageListenerContainer-Failed to check/redeclare auto-delete queue(s).
2025-08-225 16:15 o.s.a.r.l.SimpleMessageListenerContainer-Failed to check/redeclare auto-delete queue(s).
2025-08-225 16:15 o.s.a.r.l.SimpleMessageListenerContainer-Failed to check/redeclare auto-delete queue(s).
2025-08-225 16:15 o.s.a.r.l.SimpleMessageListenerContainer-Failed to check/redeclare auto-delete queue(s).
2025-08-225 16:15 o.s.a.r.l.SimpleMessageListenerContainer-Failed to check/redeclare auto-delete queue(s).
2025-08-225 16:15 o.s.a.r.l.SimpleMessageListenerContainer-Failed to check/redeclare auto-delete queue(s).
2025-08-225 16:15 o.s.a.r.l.SimpleMessageListenerContainer-Failed to check/redeclare auto-delete queue(s).
2025-08-225 16:15 o.s.a.r.l.SimpleMessageListenerContainer-Failed to check/redeclare auto-delete queue(s).
2025-08-225 16:15 o.s.a.r.l.SimpleMessageListenerContainer-Failed to check/redeclare auto-delete queue(s).
2025-08-225 16:15 o.s.a.r.l.SimpleMessageListenerContainer-Failed to check/redeclare auto-delete queue(s).
2025-08-225 16:16 o.s.a.r.l.SimpleMessageListenerContainer-Failed to check/redeclare auto-delete queue(s).
2025-08-225 16:16 o.s.a.r.l.SimpleMessageListenerContainer-Failed to check/redeclare auto-delete queue(s).
2025-08-225 16:16 o.s.a.r.l.SimpleMessageListenerContainer-Failed to check/redeclare auto-delete queue(s).
2025-08-225 16:16 o.s.a.r.l.SimpleMessageListenerContainer-Failed to check/redeclare auto-delete queue(s).
2025-08-225 16:16 o.s.a.r.l.SimpleMessageListenerContainer-Failed to check/redeclare auto-delete queue(s).
2025-08-225 16:16 o.s.a.r.l.SimpleMessageListenerContainer-Failed to check/redeclare auto-delete queue(s).
2025-08-225 16:16 o.s.a.r.l.SimpleMessageListenerContainer-Failed to check/redeclare auto-delete queue(s).
2025-08-225 16:16 o.s.a.r.l.SimpleMessageListenerContainer-Failed to check/redeclare auto-delete queue(s).
2025-08-225 16:16 o.s.a.r.l.SimpleMessageListenerContainer-Failed to check/redeclare auto-delete queue(s).
2025-08-225 16:16 o.s.a.r.l.SimpleMessageListenerContainer-Failed to check/redeclare auto-delete queue(s).
2025-08-225 16:16 o.s.a.r.l.SimpleMessageListenerContainer-Failed to check/redeclare auto-delete queue(s).
2025-08-225 16:16 o.s.a.r.l.SimpleMessageListenerContainer-Failed to check/redeclare auto-delete queue(s).
2025-08-225 16:17 o.s.a.r.l.SimpleMessageListenerContainer-Failed to check/redeclare auto-delete queue(s).
2025-08-225 16:17 o.s.a.r.l.SimpleMessageListenerContainer-Failed to check/redeclare auto-delete queue(s).
2025-08-225 16:17 o.s.a.r.l.SimpleMessageListenerContainer-Failed to check/redeclare auto-delete queue(s).
2025-08-225 16:17 o.s.a.r.l.SimpleMessageListenerContainer-Failed to check/redeclare auto-delete queue(s).
2025-08-225 16:17 o.s.a.r.l.SimpleMessageListenerContainer-Failed to check/redeclare auto-delete queue(s).
2025-08-225 16:17 o.s.a.r.l.SimpleMessageListenerContainer-Failed to check/redeclare auto-delete queue(s).
2025-08-225 16:17 o.s.a.r.l.SimpleMessageListenerContainer-Failed to check/redeclare auto-delete queue(s).
2025-08-225 16:17 o.s.a.r.l.SimpleMessageListenerContainer-Failed to check/redeclare auto-delete queue(s).
2025-08-225 16:17 o.s.a.r.l.SimpleMessageListenerContainer-Failed to check/redeclare auto-delete queue(s).
2025-08-225 16:17 o.s.a.r.l.SimpleMessageListenerContainer-Failed to check/redeclare auto-delete queue(s).
2025-08-225 16:17 o.s.a.r.l.SimpleMessageListenerContainer-Failed to check/redeclare auto-delete queue(s).
2025-08-225 16:18 o.s.a.r.l.SimpleMessageListenerContainer-Failed to check/redeclare auto-delete queue(s).
2025-08-225 16:18 o.s.a.r.l.SimpleMessageListenerContainer-Failed to check/redeclare auto-delete queue(s).
2025-08-225 16:18 o.s.a.r.l.SimpleMessageListenerContainer-Failed to check/redeclare auto-delete queue(s).
2025-08-225 16:18 o.s.a.r.l.SimpleMessageListenerContainer-Failed to check/redeclare auto-delete queue(s).
2025-08-225 16:18 o.s.a.r.l.SimpleMessageListenerContainer-Failed to check/redeclare auto-delete queue(s).
2025-08-225 16:18 o.s.a.r.l.SimpleMessageListenerContainer-Failed to check/redeclare auto-delete queue(s).
