2025-08-04T10:14:19.510+09:00  INFO 16852 --- [main] c.e.ordersystem.OrdersystemApplication   : Starting OrdersystemApplication using Java 17.0.15 with PID 16852 (C:\Users\Playdata\Desktop\16\ordersystem\build\classes\java\main started by Playdata in C:\Users\Playdata\Desktop\16\ordersystem)
2025-08-04T10:14:19.514+09:00  INFO 16852 --- [main] c.e.ordersystem.OrdersystemApplication   : The following 1 profile is active: "prod"
2025-08-04T10:14:21.278+09:00  INFO 16852 --- [main] .s.d.r.c.RepositoryConfigurationDelegate : Multiple Spring Data modules found, entering strict repository configuration mode
2025-08-04T10:14:21.281+09:00  INFO 16852 --- [main] .s.d.r.c.RepositoryConfigurationDelegate : Bootstrapping Spring Data JPA repositories in DEFAULT mode.
2025-08-04T10:14:21.471+09:00  INFO 16852 --- [main] .s.d.r.c.RepositoryConfigurationDelegate : Finished Spring Data repository scanning in 174 ms. Found 4 JPA repository interfaces.
2025-08-04T10:14:21.492+09:00  INFO 16852 --- [main] .s.d.r.c.RepositoryConfigurationDelegate : Multiple Spring Data modules found, entering strict repository configuration mode
2025-08-04T10:14:21.494+09:00  INFO 16852 --- [main] .s.d.r.c.RepositoryConfigurationDelegate : Bootstrapping Spring Data Redis repositories in DEFAULT mode.
2025-08-04T10:14:21.520+09:00  INFO 16852 --- [main] .RepositoryConfigurationExtensionSupport : Spring Data Redis - Could not safely identify store assignment for repository candidate interface com.example.ordersystem.member.repository.MemberRepository; If you want this repository to be a Redis repository, consider annotating your entities with one of these annotations: org.springframework.data.redis.core.RedisHash (preferred), or consider extending one of the following types with your repository: org.springframework.data.keyvalue.repository.KeyValueRepository
2025-08-04T10:14:21.520+09:00  INFO 16852 --- [main] .RepositoryConfigurationExtensionSupport : Spring Data Redis - Could not safely identify store assignment for repository candidate interface com.example.ordersystem.ordering.repository.OrderDetailRepository; If you want this repository to be a Redis repository, consider annotating your entities with one of these annotations: org.springframework.data.redis.core.RedisHash (preferred), or consider extending one of the following types with your repository: org.springframework.data.keyvalue.repository.KeyValueRepository
2025-08-04T10:14:21.520+09:00  INFO 16852 --- [main] .RepositoryConfigurationExtensionSupport : Spring Data Redis - Could not safely identify store assignment for repository candidate interface com.example.ordersystem.ordering.repository.OrderingRepository; If you want this repository to be a Redis repository, consider annotating your entities with one of these annotations: org.springframework.data.redis.core.RedisHash (preferred), or consider extending one of the following types with your repository: org.springframework.data.keyvalue.repository.KeyValueRepository
2025-08-04T10:14:21.520+09:00  INFO 16852 --- [main] .RepositoryConfigurationExtensionSupport : Spring Data Redis - Could not safely identify store assignment for repository candidate interface com.example.ordersystem.product.repository.ProductRepository; If you want this repository to be a Redis repository, consider annotating your entities with one of these annotations: org.springframework.data.redis.core.RedisHash (preferred), or consider extending one of the following types with your repository: org.springframework.data.keyvalue.repository.KeyValueRepository
2025-08-04T10:14:21.520+09:00  INFO 16852 --- [main] .s.d.r.c.RepositoryConfigurationDelegate : Finished Spring Data repository scanning in 13 ms. Found 0 Redis repository interfaces.
2025-08-04T10:14:22.468+09:00  INFO 16852 --- [main] o.s.b.w.embedded.tomcat.TomcatWebServer  : Tomcat initialized with port 8080 (http)
2025-08-04T10:14:22.487+09:00  INFO 16852 --- [main] o.apache.catalina.core.StandardService   : Starting service [Tomcat]
2025-08-04T10:14:22.488+09:00  INFO 16852 --- [main] o.apache.catalina.core.StandardEngine    : Starting Servlet engine: [Apache Tomcat/10.1.43]
2025-08-04T10:14:22.576+09:00  INFO 16852 --- [main] o.a.c.c.C.[Tomcat].[localhost].[/]       : Initializing Spring embedded WebApplicationContext
2025-08-04T10:14:22.576+09:00  INFO 16852 --- [main] w.s.c.ServletWebServerApplicationContext : Root WebApplicationContext: initialization completed in 2969 ms
2025-08-04T10:14:22.786+09:00  INFO 16852 --- [main] o.hibernate.jpa.internal.util.LogHelper  : HHH000204: Processing PersistenceUnitInfo [name: default]
2025-08-04T10:14:22.845+09:00  INFO 16852 --- [main] org.hibernate.Version                    : HHH000412: Hibernate ORM core version 6.6.22.Final
2025-08-04T10:14:22.892+09:00  INFO 16852 --- [main] o.h.c.internal.RegionFactoryInitiator    : HHH000026: Second-level cache disabled
2025-08-04T10:14:23.233+09:00  INFO 16852 --- [main] o.s.o.j.p.SpringPersistenceUnitInfo      : No LoadTimeWeaver setup: ignoring JPA class transformer
2025-08-04T10:14:23.270+09:00  INFO 16852 --- [main] com.zaxxer.hikari.HikariDataSource       : HikariPool-1 - Starting...
2025-08-04T10:14:23.389+09:00  INFO 16852 --- [main] com.zaxxer.hikari.pool.HikariPool        : HikariPool-1 - Added connection org.mariadb.jdbc.Connection@33356666
2025-08-04T10:14:23.392+09:00  INFO 16852 --- [main] com.zaxxer.hikari.HikariDataSource       : HikariPool-1 - Start completed.
2025-08-04T10:14:23.430+09:00  WARN 16852 --- [main] org.hibernate.orm.deprecation            : HHH90000025: MariaDBDialect does not need to be specified explicitly using 'hibernate.dialect' (remove the property setting and it will be selected by default)
2025-08-04T10:14:23.455+09:00  INFO 16852 --- [main] org.hibernate.orm.connections.pooling    : HHH10001005: Database info:
	Database JDBC URL [Connecting through datasource 'HikariDataSource (HikariPool-1)']
	Database driver: undefined/unknown
	Database version: 11.7.2
	Autocommit mode: undefined/unknown
	Isolation level: undefined/unknown
	Minimum pool size: undefined/unknown
	Maximum pool size: undefined/unknown
2025-08-04T10:14:24.385+09:00  INFO 16852 --- [main] o.h.e.t.j.p.i.JtaPlatformInitiator       : HHH000489: No JTA platform available (set 'hibernate.transaction.jta.platform' to enable JTA platform integration)
2025-08-04T10:14:24.581+09:00  INFO 16852 --- [main] j.LocalContainerEntityManagerFactoryBean : Initialized JPA EntityManagerFactory for persistence unit 'default'
2025-08-04T10:14:26.142+09:00  WARN 16852 --- [main] JpaBaseConfiguration$JpaWebConfiguration : spring.jpa.open-in-view is enabled by default. Therefore, database queries may be performed during view rendering. Explicitly configure spring.jpa.open-in-view to disable this warning
2025-08-04T10:14:26.191+09:00  WARN 16852 --- [main] .s.s.UserDetailsServiceAutoConfiguration : 

Using generated security password: b7d119c8-c29b-4f71-8293-1fea4da7aeb7

This generated password is for development use only. Your security configuration must be updated before running your application in production.

2025-08-04T10:14:26.200+09:00  INFO 16852 --- [main] r$InitializeUserDetailsManagerConfigurer : Global AuthenticationManager configured with UserDetailsService bean with name inMemoryUserDetailsManager
2025-08-04T10:14:27.134+09:00  INFO 16852 --- [main] o.s.b.w.embedded.tomcat.TomcatWebServer  : Tomcat started on port 8080 (http) with context path '/'
2025-08-04T10:14:27.631+09:00  INFO 16852 --- [main] o.s.a.r.c.CachingConnectionFactory       : Attempting to connect to: localhost:5672
2025-08-04T10:14:27.689+09:00  INFO 16852 --- [main] o.s.a.r.c.CachingConnectionFactory       : Created new connection: connectionFactory#77e42cbf:0/SimpleConnection@ff1d29 [delegate=amqp://guest@127.0.0.1:5672/, localPort=50986]
2025-08-04T10:14:27.768+09:00  INFO 16852 --- [main] c.e.ordersystem.OrdersystemApplication   : Started OrdersystemApplication in 8.931 seconds (process running for 9.412)
2025-08-216 10:23 o.h.validator.internal.util.Version-HV000001: Hibernate Validator 8.0.2.Final
2025-08-216 10:23 c.e.o.OrdersystemApplication-Starting OrdersystemApplication using Java 17.0.15 with PID 9008 (C:\Users\Playdata\Desktop\16\ordersystem\build\classes\java\main started by Playdata in C:\Users\Playdata\Desktop\16\ordersystem)
2025-08-216 10:23 c.e.o.OrdersystemApplication-The following 1 profile is active: "prod"
2025-08-216 10:23 o.s.d.r.c.RepositoryConfigurationDelegate-Multiple Spring Data modules found, entering strict repository configuration mode
2025-08-216 10:23 o.s.d.r.c.RepositoryConfigurationDelegate-Bootstrapping Spring Data JPA repositories in DEFAULT mode.
2025-08-216 10:23 o.s.d.r.c.RepositoryConfigurationDelegate-Finished Spring Data repository scanning in 162 ms. Found 4 JPA repository interfaces.
2025-08-216 10:23 o.s.d.r.c.RepositoryConfigurationDelegate-Multiple Spring Data modules found, entering strict repository configuration mode
2025-08-216 10:23 o.s.d.r.c.RepositoryConfigurationDelegate-Bootstrapping Spring Data Redis repositories in DEFAULT mode.
2025-08-216 10:23 o.s.d.r.c.RepositoryConfigurationExtensionSupport-Spring Data Redis - Could not safely identify store assignment for repository candidate interface com.example.ordersystem.member.repository.MemberRepository; If you want this repository to be a Redis repository, consider annotating your entities with one of these annotations: org.springframework.data.redis.core.RedisHash (preferred), or consider extending one of the following types with your repository: org.springframework.data.keyvalue.repository.KeyValueRepository
2025-08-216 10:23 o.s.d.r.c.RepositoryConfigurationExtensionSupport-Spring Data Redis - Could not safely identify store assignment for repository candidate interface com.example.ordersystem.ordering.repository.OrderDetailRepository; If you want this repository to be a Redis repository, consider annotating your entities with one of these annotations: org.springframework.data.redis.core.RedisHash (preferred), or consider extending one of the following types with your repository: org.springframework.data.keyvalue.repository.KeyValueRepository
2025-08-216 10:23 o.s.d.r.c.RepositoryConfigurationExtensionSupport-Spring Data Redis - Could not safely identify store assignment for repository candidate interface com.example.ordersystem.ordering.repository.OrderingRepository; If you want this repository to be a Redis repository, consider annotating your entities with one of these annotations: org.springframework.data.redis.core.RedisHash (preferred), or consider extending one of the following types with your repository: org.springframework.data.keyvalue.repository.KeyValueRepository
2025-08-216 10:23 o.s.d.r.c.RepositoryConfigurationExtensionSupport-Spring Data Redis - Could not safely identify store assignment for repository candidate interface com.example.ordersystem.product.repository.ProductRepository; If you want this repository to be a Redis repository, consider annotating your entities with one of these annotations: org.springframework.data.redis.core.RedisHash (preferred), or consider extending one of the following types with your repository: org.springframework.data.keyvalue.repository.KeyValueRepository
2025-08-216 10:23 o.s.d.r.c.RepositoryConfigurationDelegate-Finished Spring Data repository scanning in 13 ms. Found 0 Redis repository interfaces.
2025-08-216 10:23 o.s.b.w.e.tomcat.TomcatWebServer-Tomcat initialized with port 8080 (http)
2025-08-216 10:23 o.a.coyote.http11.Http11NioProtocol-Initializing ProtocolHandler ["http-nio-8080"]
2025-08-216 10:23 o.a.catalina.core.StandardService-Starting service [Tomcat]
2025-08-216 10:23 o.a.catalina.core.StandardEngine-Starting Servlet engine: [Apache Tomcat/10.1.43]
2025-08-216 10:23 o.a.c.c.C.[Tomcat].[localhost].[/]-Initializing Spring embedded WebApplicationContext
2025-08-216 10:23 o.s.b.w.s.c.ServletWebServerApplicationContext-Root WebApplicationContext: initialization completed in 2316 ms
2025-08-216 10:23 o.h.jpa.internal.util.LogHelper-HHH000204: Processing PersistenceUnitInfo [name: default]
2025-08-216 10:23 org.hibernate.Version-HHH000412: Hibernate ORM core version 6.6.22.Final
2025-08-216 10:23 o.h.c.i.RegionFactoryInitiator-HHH000026: Second-level cache disabled
2025-08-216 10:23 o.s.o.j.p.SpringPersistenceUnitInfo-No LoadTimeWeaver setup: ignoring JPA class transformer
2025-08-216 10:23 com.zaxxer.hikari.HikariDataSource-HikariPool-1 - Starting...
2025-08-216 10:23 com.zaxxer.hikari.pool.HikariPool-HikariPool-1 - Added connection org.mariadb.jdbc.Connection@d229912
2025-08-216 10:23 com.zaxxer.hikari.HikariDataSource-HikariPool-1 - Start completed.
2025-08-216 10:23 org.hibernate.orm.deprecation-HHH90000025: MariaDBDialect does not need to be specified explicitly using 'hibernate.dialect' (remove the property setting and it will be selected by default)
2025-08-216 10:23 o.hibernate.orm.connections.pooling-HHH10001005: Database info:
	Database JDBC URL [Connecting through datasource 'HikariDataSource (HikariPool-1)']
	Database driver: undefined/unknown
	Database version: 11.7.2
	Autocommit mode: undefined/unknown
	Isolation level: undefined/unknown
	Minimum pool size: undefined/unknown
	Maximum pool size: undefined/unknown
2025-08-216 10:23 o.h.e.t.j.p.i.JtaPlatformInitiator-HHH000489: No JTA platform available (set 'hibernate.transaction.jta.platform' to enable JTA platform integration)
2025-08-216 10:23 o.s.o.j.LocalContainerEntityManagerFactoryBean-Initialized JPA EntityManagerFactory for persistence unit 'default'
2025-08-216 10:23 o.s.b.a.o.j.JpaBaseConfiguration$JpaWebConfiguration-spring.jpa.open-in-view is enabled by default. Therefore, database queries may be performed during view rendering. Explicitly configure spring.jpa.open-in-view to disable this warning
2025-08-216 10:23 o.s.b.a.s.s.UserDetailsServiceAutoConfiguration-

Using generated security password: 1b2a8ed2-49a4-4539-8c65-f8cb8fe93159

This generated password is for development use only. Your security configuration must be updated before running your application in production.

2025-08-216 10:23 o.s.s.c.a.a.c.InitializeUserDetailsBeanManagerConfigurer$InitializeUserDetailsManagerConfigurer-Global AuthenticationManager configured with UserDetailsService bean with name inMemoryUserDetailsManager
2025-08-216 10:23 o.a.coyote.http11.Http11NioProtocol-Starting ProtocolHandler ["http-nio-8080"]
2025-08-216 10:23 o.s.b.w.e.tomcat.TomcatWebServer-Tomcat started on port 8080 (http) with context path '/'
2025-08-216 10:23 o.s.a.r.c.CachingConnectionFactory-Attempting to connect to: localhost:5672
2025-08-216 10:23 o.s.a.r.c.CachingConnectionFactory-Created new connection: connectionFactory#642693c2:0/SimpleConnection@5b933786 [delegate=amqp://guest@127.0.0.1:5672/, localPort=51225]
2025-08-216 10:23 c.e.o.OrdersystemApplication-Started OrdersystemApplication in 8.348 seconds (process running for 9.047)
2025-08-216 10:24 o.a.c.c.C.[Tomcat].[localhost].[/]-Initializing Spring DispatcherServlet 'dispatcherServlet'
2025-08-216 10:24 o.s.web.servlet.DispatcherServlet-Initializing Servlet 'dispatcherServlet'
2025-08-216 10:24 o.s.web.servlet.DispatcherServlet-Completed initialization in 2 ms
2025-08-216 10:24 c.e.o.c.s.CommonExceptionHandler-email 또는 비밀번호가 일치하지 않습니다.
2025-08-216 10:28 o.h.validator.internal.util.Version-HV000001: Hibernate Validator 8.0.2.Final
2025-08-216 10:28 c.e.o.OrdersystemApplication-Starting OrdersystemApplication using Java 17.0.15 with PID 5112 (C:\Users\Playdata\Desktop\16\ordersystem\build\classes\java\main started by Playdata in C:\Users\Playdata\Desktop\16\ordersystem)
2025-08-216 10:28 c.e.o.OrdersystemApplication-The following 1 profile is active: "prod"
2025-08-216 10:28 o.s.d.r.c.RepositoryConfigurationDelegate-Multiple Spring Data modules found, entering strict repository configuration mode
2025-08-216 10:28 o.s.d.r.c.RepositoryConfigurationDelegate-Bootstrapping Spring Data JPA repositories in DEFAULT mode.
2025-08-216 10:28 o.s.d.r.c.RepositoryConfigurationDelegate-Finished Spring Data repository scanning in 142 ms. Found 4 JPA repository interfaces.
2025-08-216 10:28 o.s.d.r.c.RepositoryConfigurationDelegate-Multiple Spring Data modules found, entering strict repository configuration mode
2025-08-216 10:28 o.s.d.r.c.RepositoryConfigurationDelegate-Bootstrapping Spring Data Redis repositories in DEFAULT mode.
2025-08-216 10:28 o.s.d.r.c.RepositoryConfigurationExtensionSupport-Spring Data Redis - Could not safely identify store assignment for repository candidate interface com.example.ordersystem.member.repository.MemberRepository; If you want this repository to be a Redis repository, consider annotating your entities with one of these annotations: org.springframework.data.redis.core.RedisHash (preferred), or consider extending one of the following types with your repository: org.springframework.data.keyvalue.repository.KeyValueRepository
2025-08-216 10:28 o.s.d.r.c.RepositoryConfigurationExtensionSupport-Spring Data Redis - Could not safely identify store assignment for repository candidate interface com.example.ordersystem.ordering.repository.OrderDetailRepository; If you want this repository to be a Redis repository, consider annotating your entities with one of these annotations: org.springframework.data.redis.core.RedisHash (preferred), or consider extending one of the following types with your repository: org.springframework.data.keyvalue.repository.KeyValueRepository
2025-08-216 10:28 o.s.d.r.c.RepositoryConfigurationExtensionSupport-Spring Data Redis - Could not safely identify store assignment for repository candidate interface com.example.ordersystem.ordering.repository.OrderingRepository; If you want this repository to be a Redis repository, consider annotating your entities with one of these annotations: org.springframework.data.redis.core.RedisHash (preferred), or consider extending one of the following types with your repository: org.springframework.data.keyvalue.repository.KeyValueRepository
2025-08-216 10:28 o.s.d.r.c.RepositoryConfigurationExtensionSupport-Spring Data Redis - Could not safely identify store assignment for repository candidate interface com.example.ordersystem.product.repository.ProductRepository; If you want this repository to be a Redis repository, consider annotating your entities with one of these annotations: org.springframework.data.redis.core.RedisHash (preferred), or consider extending one of the following types with your repository: org.springframework.data.keyvalue.repository.KeyValueRepository
2025-08-216 10:28 o.s.d.r.c.RepositoryConfigurationDelegate-Finished Spring Data repository scanning in 14 ms. Found 0 Redis repository interfaces.
2025-08-216 10:28 o.s.b.w.e.tomcat.TomcatWebServer-Tomcat initialized with port 8080 (http)
2025-08-216 10:28 o.a.coyote.http11.Http11NioProtocol-Initializing ProtocolHandler ["http-nio-8080"]
2025-08-216 10:28 o.a.catalina.core.StandardService-Starting service [Tomcat]
2025-08-216 10:28 o.a.catalina.core.StandardEngine-Starting Servlet engine: [Apache Tomcat/10.1.43]
2025-08-216 10:28 o.a.c.c.C.[Tomcat].[localhost].[/]-Initializing Spring embedded WebApplicationContext
2025-08-216 10:28 o.s.b.w.s.c.ServletWebServerApplicationContext-Root WebApplicationContext: initialization completed in 2617 ms
2025-08-216 10:28 o.h.jpa.internal.util.LogHelper-HHH000204: Processing PersistenceUnitInfo [name: default]
2025-08-216 10:28 org.hibernate.Version-HHH000412: Hibernate ORM core version 6.6.22.Final
2025-08-216 10:28 o.h.c.i.RegionFactoryInitiator-HHH000026: Second-level cache disabled
2025-08-216 10:28 o.s.o.j.p.SpringPersistenceUnitInfo-No LoadTimeWeaver setup: ignoring JPA class transformer
2025-08-216 10:28 com.zaxxer.hikari.HikariDataSource-HikariPool-1 - Starting...
2025-08-216 10:28 com.zaxxer.hikari.pool.HikariPool-HikariPool-1 - Added connection org.mariadb.jdbc.Connection@1859e55c
2025-08-216 10:28 com.zaxxer.hikari.HikariDataSource-HikariPool-1 - Start completed.
2025-08-216 10:28 org.hibernate.orm.deprecation-HHH90000025: MariaDBDialect does not need to be specified explicitly using 'hibernate.dialect' (remove the property setting and it will be selected by default)
2025-08-216 10:28 o.hibernate.orm.connections.pooling-HHH10001005: Database info:
	Database JDBC URL [Connecting through datasource 'HikariDataSource (HikariPool-1)']
	Database driver: undefined/unknown
	Database version: 11.7.2
	Autocommit mode: undefined/unknown
	Isolation level: undefined/unknown
	Minimum pool size: undefined/unknown
	Maximum pool size: undefined/unknown
2025-08-216 10:28 o.h.e.t.j.p.i.JtaPlatformInitiator-HHH000489: No JTA platform available (set 'hibernate.transaction.jta.platform' to enable JTA platform integration)
2025-08-216 10:28 o.s.o.j.LocalContainerEntityManagerFactoryBean-Initialized JPA EntityManagerFactory for persistence unit 'default'
