2025-08-220 10:15 o.h.validator.internal.util.Version-HV000001: Hibernate Validator 8.0.2.Final
2025-08-220 10:15 c.e.o.OrdersystemApplication-Starting OrdersystemApplication using Java 17.0.15 with PID 9580 (C:\Users\Playdata\Desktop\16\ordersystem\build\classes\java\main started by Playdata in C:\Users\Playdata\Desktop\16\ordersystem)
2025-08-220 10:15 c.e.o.OrdersystemApplication-The following 1 profile is active: "prod"
2025-08-220 10:15 o.s.d.r.c.RepositoryConfigurationDelegate-Multiple Spring Data modules found, entering strict repository configuration mode
2025-08-220 10:15 o.s.d.r.c.RepositoryConfigurationDelegate-Bootstrapping Spring Data JPA repositories in DEFAULT mode.
2025-08-220 10:15 o.s.d.r.c.RepositoryConfigurationDelegate-Finished Spring Data repository scanning in 361 ms. Found 4 JPA repository interfaces.
2025-08-220 10:15 o.s.d.r.c.RepositoryConfigurationDelegate-Multiple Spring Data modules found, entering strict repository configuration mode
2025-08-220 10:15 o.s.d.r.c.RepositoryConfigurationDelegate-Bootstrapping Spring Data Redis repositories in DEFAULT mode.
2025-08-220 10:15 o.s.d.r.c.RepositoryConfigurationExtensionSupport-Spring Data Redis - Could not safely identify store assignment for repository candidate interface com.example.ordersystem.member.repository.MemberRepository; If you want this repository to be a Redis repository, consider annotating your entities with one of these annotations: org.springframework.data.redis.core.RedisHash (preferred), or consider extending one of the following types with your repository: org.springframework.data.keyvalue.repository.KeyValueRepository
2025-08-220 10:15 o.s.d.r.c.RepositoryConfigurationExtensionSupport-Spring Data Redis - Could not safely identify store assignment for repository candidate interface com.example.ordersystem.ordering.repository.OrderDetailRepository; If you want this repository to be a Redis repository, consider annotating your entities with one of these annotations: org.springframework.data.redis.core.RedisHash (preferred), or consider extending one of the following types with your repository: org.springframework.data.keyvalue.repository.KeyValueRepository
2025-08-220 10:15 o.s.d.r.c.RepositoryConfigurationExtensionSupport-Spring Data Redis - Could not safely identify store assignment for repository candidate interface com.example.ordersystem.ordering.repository.OrderingRepository; If you want this repository to be a Redis repository, consider annotating your entities with one of these annotations: org.springframework.data.redis.core.RedisHash (preferred), or consider extending one of the following types with your repository: org.springframework.data.keyvalue.repository.KeyValueRepository
2025-08-220 10:15 o.s.d.r.c.RepositoryConfigurationExtensionSupport-Spring Data Redis - Could not safely identify store assignment for repository candidate interface com.example.ordersystem.product.repository.ProductRepository; If you want this repository to be a Redis repository, consider annotating your entities with one of these annotations: org.springframework.data.redis.core.RedisHash (preferred), or consider extending one of the following types with your repository: org.springframework.data.keyvalue.repository.KeyValueRepository
2025-08-220 10:15 o.s.d.r.c.RepositoryConfigurationDelegate-Finished Spring Data repository scanning in 18 ms. Found 0 Redis repository interfaces.
2025-08-220 10:15 o.s.b.w.e.tomcat.TomcatWebServer-Tomcat initialized with port 8080 (http)
2025-08-220 10:15 o.a.coyote.http11.Http11NioProtocol-Initializing ProtocolHandler ["http-nio-8080"]
2025-08-220 10:15 o.a.catalina.core.StandardService-Starting service [Tomcat]
2025-08-220 10:15 o.a.catalina.core.StandardEngine-Starting Servlet engine: [Apache Tomcat/10.1.43]
2025-08-220 10:15 o.a.c.c.C.[Tomcat].[localhost].[/]-Initializing Spring embedded WebApplicationContext
2025-08-220 10:15 o.s.b.w.s.c.ServletWebServerApplicationContext-Root WebApplicationContext: initialization completed in 5074 ms
2025-08-220 10:15 o.h.jpa.internal.util.LogHelper-HHH000204: Processing PersistenceUnitInfo [name: default]
2025-08-220 10:15 org.hibernate.Version-HHH000412: Hibernate ORM core version 6.6.22.Final
2025-08-220 10:15 o.h.c.i.RegionFactoryInitiator-HHH000026: Second-level cache disabled
2025-08-220 10:15 o.s.o.j.p.SpringPersistenceUnitInfo-No LoadTimeWeaver setup: ignoring JPA class transformer
2025-08-220 10:15 com.zaxxer.hikari.HikariDataSource-HikariPool-1 - Starting...
2025-08-220 10:15 com.zaxxer.hikari.pool.HikariPool-HikariPool-1 - Added connection org.mariadb.jdbc.Connection@53079ae6
2025-08-220 10:15 com.zaxxer.hikari.HikariDataSource-HikariPool-1 - Start completed.
2025-08-220 10:15 org.hibernate.orm.deprecation-HHH90000025: MariaDBDialect does not need to be specified explicitly using 'hibernate.dialect' (remove the property setting and it will be selected by default)
2025-08-220 10:15 o.hibernate.orm.connections.pooling-HHH10001005: Database info:
	Database JDBC URL [Connecting through datasource 'HikariDataSource (HikariPool-1)']
	Database driver: undefined/unknown
	Database version: 11.7.2
	Autocommit mode: undefined/unknown
	Isolation level: undefined/unknown
	Minimum pool size: undefined/unknown
	Maximum pool size: undefined/unknown
2025-08-220 10:15 o.h.e.t.j.p.i.JtaPlatformInitiator-HHH000489: No JTA platform available (set 'hibernate.transaction.jta.platform' to enable JTA platform integration)
2025-08-220 10:15 o.s.o.j.LocalContainerEntityManagerFactoryBean-Initialized JPA EntityManagerFactory for persistence unit 'default'
2025-08-220 10:15 o.s.b.a.o.j.JpaBaseConfiguration$JpaWebConfiguration-spring.jpa.open-in-view is enabled by default. Therefore, database queries may be performed during view rendering. Explicitly configure spring.jpa.open-in-view to disable this warning
2025-08-220 10:15 o.s.b.a.s.s.UserDetailsServiceAutoConfiguration-

Using generated security password: aa0ef748-3bc1-4b82-a583-d5c2a2e88a06

This generated password is for development use only. Your security configuration must be updated before running your application in production.

2025-08-220 10:15 o.s.s.c.a.a.c.InitializeUserDetailsBeanManagerConfigurer$InitializeUserDetailsManagerConfigurer-Global AuthenticationManager configured with UserDetailsService bean with name inMemoryUserDetailsManager
2025-08-220 10:15 o.a.coyote.http11.Http11NioProtocol-Starting ProtocolHandler ["http-nio-8080"]
2025-08-220 10:15 o.s.b.w.e.tomcat.TomcatWebServer-Tomcat started on port 8080 (http) with context path '/'
2025-08-220 10:15 o.s.a.r.c.CachingConnectionFactory-Attempting to connect to: localhost:5672
2025-08-220 10:15 o.s.a.r.c.CachingConnectionFactory-Created new connection: connectionFactory#7ab20a7:0/SimpleConnection@4d8d21a3 [delegate=amqp://guest@127.0.0.1:5672/, localPort=63189]
2025-08-220 10:15 c.e.o.OrdersystemApplication-Started OrdersystemApplication in 17.425 seconds (process running for 28.39)
2025-08-220 11:01 com.zaxxer.hikari.pool.HikariPool-HikariPool-1 - Thread starvation or clock leap detected (housekeeper delta=12m12s423ms662µs800ns).
2025-08-220 12:02 com.zaxxer.hikari.pool.HikariPool-HikariPool-1 - Thread starvation or clock leap detected (housekeeper delta=8m47s478ms446µs100ns).
2025-08-220 14:00 com.zaxxer.hikari.pool.HikariPool-HikariPool-1 - Thread starvation or clock leap detected (housekeeper delta=12m3s409ms910µs800ns).
2025-08-220 15:09 com.zaxxer.hikari.pool.HikariPool-HikariPool-1 - Thread starvation or clock leap detected (housekeeper delta=16m46s899ms398µs500ns).
2025-08-220 15:28 o.a.c.c.C.[Tomcat].[localhost].[/]-Initializing Spring DispatcherServlet 'dispatcherServlet'
2025-08-220 15:28 o.s.web.servlet.DispatcherServlet-Initializing Servlet 'dispatcherServlet'
2025-08-220 15:28 o.s.web.servlet.DispatcherServlet-Completed initialization in 11 ms
2025-08-220 15:28 c.e.o.c.a.JwtAuthenticationHandler-Full authentication is required to access this resource
2025-08-220 15:28 c.e.o.c.a.JwtAuthenticationHandler-Full authentication is required to access this resource
2025-08-220 15:34 c.e.o.c.a.JwtAuthenticationHandler-Full authentication is required to access this resource
2025-08-220 15:34 c.e.o.c.a.JwtAuthenticationHandler-Full authentication is required to access this resource
2025-08-220 15:34 c.e.o.c.a.JwtAuthenticationHandler-Full authentication is required to access this resource
2025-08-220 15:34 c.e.o.c.a.JwtAuthenticationHandler-Full authentication is required to access this resource
2025-08-220 15:35 c.e.o.c.a.JwtAuthenticationHandler-Full authentication is required to access this resource
2025-08-220 15:35 c.e.o.c.a.JwtAuthenticationHandler-Full authentication is required to access this resource
2025-08-220 15:51 c.e.o.c.a.JwtAuthenticationHandler-Full authentication is required to access this resource
2025-08-220 16:30 c.e.o.c.s.CommonExceptionHandler-Validation failed for argument [0] in public org.springframework.http.ResponseEntity<?> com.example.ordersystem.member.controller.MemberController.save(com.example.ordersystem.member.dto.MemberCreateDto) with 2 errors: [Field error in object 'memberCreateDto' on field 'password': rejected value [ADMIN]; codes [Size.memberCreateDto.password,Size.password,Size.java.lang.String,Size]; arguments [org.springframework.context.support.DefaultMessageSourceResolvable: codes [memberCreateDto.password,password]; arguments []; default message [password],2147483647,8]; default message [password의 길이가 너무 짧습니다.]] [Field error in object 'memberCreateDto' on field 'name': rejected value []; codes [NotEmpty.memberCreateDto.name,NotEmpty.name,NotEmpty.java.lang.String,NotEmpty]; arguments [org.springframework.context.support.DefaultMessageSourceResolvable: codes [memberCreateDto.name,name]; arguments []; default message [name]]; default message [이름은 필수 입력 항목입니다.]] 
2025-08-220 16:39 c.e.o.c.a.JwtAuthenticationHandler-Full authentication is required to access this resource
2025-08-220 16:40 c.e.o.c.s.CommonExceptionHandler-Validation failed for argument [0] in public org.springframework.http.ResponseEntity<?> com.example.ordersystem.member.controller.MemberController.save(com.example.ordersystem.member.dto.MemberCreateDto) with 2 errors: [Field error in object 'memberCreateDto' on field 'password': rejected value [ADMIN]; codes [Size.memberCreateDto.password,Size.password,Size.java.lang.String,Size]; arguments [org.springframework.context.support.DefaultMessageSourceResolvable: codes [memberCreateDto.password,password]; arguments []; default message [password],2147483647,8]; default message [password의 길이가 너무 짧습니다.]] [Field error in object 'memberCreateDto' on field 'name': rejected value []; codes [NotEmpty.memberCreateDto.name,NotEmpty.name,NotEmpty.java.lang.String,NotEmpty]; arguments [org.springframework.context.support.DefaultMessageSourceResolvable: codes [memberCreateDto.name,name]; arguments []; default message [name]]; default message [이름은 필수 입력 항목입니다.]] 
2025-08-220 16:44 c.e.o.c.s.CommonExceptionHandler-이미 존재하는 이메일입니다.
2025-08-220 16:52 c.e.o.c.s.CommonExceptionHandler-email 또는 비밀번호가 일치하지 않습니다.
2025-08-220 16:59 c.e.o.c.s.CommonExceptionHandler-Validation failed for argument [0] in public org.springframework.http.ResponseEntity<?> com.example.ordersystem.member.controller.MemberController.save(com.example.ordersystem.member.dto.MemberCreateDto): [Field error in object 'memberCreateDto' on field 'password': rejected value [']; codes [Size.memberCreateDto.password,Size.password,Size.java.lang.String,Size]; arguments [org.springframework.context.support.DefaultMessageSourceResolvable: codes [memberCreateDto.password,password]; arguments []; default message [password],2147483647,8]; default message [password의 길이가 너무 짧습니다.]] 
2025-08-220 17:14 c.e.o.c.s.CommonExceptionHandler-Validation failed for argument [0] in public org.springframework.http.ResponseEntity<?> com.example.ordersystem.member.controller.MemberController.save(com.example.ordersystem.member.dto.MemberCreateDto) with 2 errors: [Field error in object 'memberCreateDto' on field 'password': rejected value [ADMIN]; codes [Size.memberCreateDto.password,Size.password,Size.java.lang.String,Size]; arguments [org.springframework.context.support.DefaultMessageSourceResolvable: codes [memberCreateDto.password,password]; arguments []; default message [password],2147483647,8]; default message [password의 길이가 너무 짧습니다.]] [Field error in object 'memberCreateDto' on field 'name': rejected value []; codes [NotEmpty.memberCreateDto.name,NotEmpty.name,NotEmpty.java.lang.String,NotEmpty]; arguments [org.springframework.context.support.DefaultMessageSourceResolvable: codes [memberCreateDto.name,name]; arguments []; default message [name]]; default message [이름은 필수 입력 항목입니다.]] 
2025-08-220 17:19 c.e.o.c.s.CommonExceptionHandler-email 또는 비밀번호가 일치하지 않습니다.
2025-08-220 17:33 c.e.o.c.s.CommonExceptionHandler-email 또는 비밀번호가 일치하지 않습니다.
2025-08-220 17:36 c.e.o.c.s.CommonExceptionHandler-email 또는 비밀번호가 일치하지 않습니다.
2025-08-220 17:38 i.l.core.protocol.ConnectionWatchdog-Reconnecting, last destination was localhost/127.0.0.1:6379
2025-08-220 17:38 i.l.core.protocol.ConnectionWatchdog-Reconnecting, last destination was localhost/127.0.0.1:6379
2025-08-220 17:38 i.l.core.protocol.ConnectionWatchdog-Reconnecting, last destination was localhost/127.0.0.1:6379
2025-08-220 17:38 i.l.core.protocol.ConnectionWatchdog-Cannot reconnect to [localhost/<unresolved>:6379]: Connection closed prematurely
io.lettuce.core.RedisConnectionException: Connection closed prematurely
	at io.lettuce.core.protocol.RedisHandshakeHandler.channelInactive(RedisHandshakeHandler.java:76)
	at io.netty.channel.AbstractChannelHandlerContext.invokeChannelInactive(AbstractChannelHandlerContext.java:303)
	at io.netty.channel.AbstractChannelHandlerContext.invokeChannelInactive(AbstractChannelHandlerContext.java:281)
	at io.netty.channel.AbstractChannelHandlerContext.fireChannelInactive(AbstractChannelHandlerContext.java:274)
	at io.netty.channel.ChannelInboundHandlerAdapter.channelInactive(ChannelInboundHandlerAdapter.java:81)
	at io.lettuce.core.ChannelGroupListener.channelInactive(ChannelGroupListener.java:54)
	at io.netty.channel.AbstractChannelHandlerContext.invokeChannelInactive(AbstractChannelHandlerContext.java:303)
	at io.netty.channel.AbstractChannelHandlerContext.invokeChannelInactive(AbstractChannelHandlerContext.java:281)
	at io.netty.channel.AbstractChannelHandlerContext.fireChannelInactive(AbstractChannelHandlerContext.java:274)
	at io.netty.channel.DefaultChannelPipeline$HeadContext.channelInactive(DefaultChannelPipeline.java:1352)
	at io.netty.channel.AbstractChannelHandlerContext.invokeChannelInactive(AbstractChannelHandlerContext.java:301)
	at io.netty.channel.AbstractChannelHandlerContext.invokeChannelInactive(AbstractChannelHandlerContext.java:281)
	at io.netty.channel.DefaultChannelPipeline.fireChannelInactive(DefaultChannelPipeline.java:850)
	at io.netty.channel.AbstractChannel$AbstractUnsafe$7.run(AbstractChannel.java:811)
	at io.netty.util.concurrent.AbstractEventExecutor.runTask(AbstractEventExecutor.java:173)
	at io.netty.util.concurrent.AbstractEventExecutor.safeExecute(AbstractEventExecutor.java:166)
	at io.netty.util.concurrent.SingleThreadEventExecutor.runAllTasks(SingleThreadEventExecutor.java:472)
	at io.netty.channel.nio.NioEventLoop.run(NioEventLoop.java:566)
	at io.netty.util.concurrent.SingleThreadEventExecutor$4.run(SingleThreadEventExecutor.java:998)
	at io.netty.util.internal.ThreadExecutorMap$2.run(ThreadExecutorMap.java:74)
	at io.netty.util.concurrent.FastThreadLocalRunnable.run(FastThreadLocalRunnable.java:30)
	at java.base/java.lang.Thread.run(Thread.java:840)
2025-08-220 17:38 i.l.core.protocol.ConnectionWatchdog-Cannot reconnect to [localhost/<unresolved>:6379]: Connection closed prematurely
io.lettuce.core.RedisConnectionException: Connection closed prematurely
	at io.lettuce.core.protocol.RedisHandshakeHandler.channelInactive(RedisHandshakeHandler.java:76)
	at io.netty.channel.AbstractChannelHandlerContext.invokeChannelInactive(AbstractChannelHandlerContext.java:303)
	at io.netty.channel.AbstractChannelHandlerContext.invokeChannelInactive(AbstractChannelHandlerContext.java:281)
	at io.netty.channel.AbstractChannelHandlerContext.fireChannelInactive(AbstractChannelHandlerContext.java:274)
	at io.netty.channel.ChannelInboundHandlerAdapter.channelInactive(ChannelInboundHandlerAdapter.java:81)
	at io.lettuce.core.ChannelGroupListener.channelInactive(ChannelGroupListener.java:54)
	at io.netty.channel.AbstractChannelHandlerContext.invokeChannelInactive(AbstractChannelHandlerContext.java:303)
	at io.netty.channel.AbstractChannelHandlerContext.invokeChannelInactive(AbstractChannelHandlerContext.java:281)
	at io.netty.channel.AbstractChannelHandlerContext.fireChannelInactive(AbstractChannelHandlerContext.java:274)
	at io.netty.channel.DefaultChannelPipeline$HeadContext.channelInactive(DefaultChannelPipeline.java:1352)
	at io.netty.channel.AbstractChannelHandlerContext.invokeChannelInactive(AbstractChannelHandlerContext.java:301)
	at io.netty.channel.AbstractChannelHandlerContext.invokeChannelInactive(AbstractChannelHandlerContext.java:281)
	at io.netty.channel.DefaultChannelPipeline.fireChannelInactive(DefaultChannelPipeline.java:850)
	at io.netty.channel.AbstractChannel$AbstractUnsafe$7.run(AbstractChannel.java:811)
	at io.netty.util.concurrent.AbstractEventExecutor.runTask(AbstractEventExecutor.java:173)
	at io.netty.util.concurrent.AbstractEventExecutor.safeExecute(AbstractEventExecutor.java:166)
	at io.netty.util.concurrent.SingleThreadEventExecutor.runAllTasks(SingleThreadEventExecutor.java:472)
	at io.netty.channel.nio.NioEventLoop.run(NioEventLoop.java:566)
	at io.netty.util.concurrent.SingleThreadEventExecutor$4.run(SingleThreadEventExecutor.java:998)
	at io.netty.util.internal.ThreadExecutorMap$2.run(ThreadExecutorMap.java:74)
	at io.netty.util.concurrent.FastThreadLocalRunnable.run(FastThreadLocalRunnable.java:30)
	at java.base/java.lang.Thread.run(Thread.java:840)
2025-08-220 17:38 i.l.core.protocol.ConnectionWatchdog-Cannot reconnect to [localhost/<unresolved>:6379]: Connection closed prematurely
io.lettuce.core.RedisConnectionException: Connection closed prematurely
	at io.lettuce.core.protocol.RedisHandshakeHandler.channelInactive(RedisHandshakeHandler.java:76)
	at io.netty.channel.AbstractChannelHandlerContext.invokeChannelInactive(AbstractChannelHandlerContext.java:303)
	at io.netty.channel.AbstractChannelHandlerContext.invokeChannelInactive(AbstractChannelHandlerContext.java:281)
	at io.netty.channel.AbstractChannelHandlerContext.fireChannelInactive(AbstractChannelHandlerContext.java:274)
	at io.netty.channel.ChannelInboundHandlerAdapter.channelInactive(ChannelInboundHandlerAdapter.java:81)
	at io.lettuce.core.ChannelGroupListener.channelInactive(ChannelGroupListener.java:54)
	at io.netty.channel.AbstractChannelHandlerContext.invokeChannelInactive(AbstractChannelHandlerContext.java:303)
	at io.netty.channel.AbstractChannelHandlerContext.invokeChannelInactive(AbstractChannelHandlerContext.java:281)
	at io.netty.channel.AbstractChannelHandlerContext.fireChannelInactive(AbstractChannelHandlerContext.java:274)
	at io.netty.channel.DefaultChannelPipeline$HeadContext.channelInactive(DefaultChannelPipeline.java:1352)
	at io.netty.channel.AbstractChannelHandlerContext.invokeChannelInactive(AbstractChannelHandlerContext.java:301)
	at io.netty.channel.AbstractChannelHandlerContext.invokeChannelInactive(AbstractChannelHandlerContext.java:281)
	at io.netty.channel.DefaultChannelPipeline.fireChannelInactive(DefaultChannelPipeline.java:850)
	at io.netty.channel.AbstractChannel$AbstractUnsafe$7.run(AbstractChannel.java:811)
	at io.netty.util.concurrent.AbstractEventExecutor.runTask(AbstractEventExecutor.java:173)
	at io.netty.util.concurrent.AbstractEventExecutor.safeExecute(AbstractEventExecutor.java:166)
	at io.netty.util.concurrent.SingleThreadEventExecutor.runAllTasks(SingleThreadEventExecutor.java:472)
	at io.netty.channel.nio.NioEventLoop.run(NioEventLoop.java:566)
	at io.netty.util.concurrent.SingleThreadEventExecutor$4.run(SingleThreadEventExecutor.java:998)
	at io.netty.util.internal.ThreadExecutorMap$2.run(ThreadExecutorMap.java:74)
	at io.netty.util.concurrent.FastThreadLocalRunnable.run(FastThreadLocalRunnable.java:30)
	at java.base/java.lang.Thread.run(Thread.java:840)
2025-08-220 17:38 o.s.a.r.l.SimpleMessageListenerContainer-Consumer raised exception, processing can restart if the connection factory supports it
com.rabbitmq.client.ShutdownSignalException: connection error; protocol method: #method<connection.close>(reply-code=320, reply-text=CONNECTION_FORCED - broker forced connection closure with reason 'shutdown', class-id=0, method-id=0)
	at com.rabbitmq.client.impl.AMQConnection.startShutdown(AMQConnection.java:1007)
	at com.rabbitmq.client.impl.AMQConnection.shutdown(AMQConnection.java:997)
	at com.rabbitmq.client.impl.AMQConnection.handleConnectionClose(AMQConnection.java:935)
	at com.rabbitmq.client.impl.AMQConnection.processControlCommand(AMQConnection.java:890)
	at com.rabbitmq.client.impl.AMQConnection$1.processAsync(AMQConnection.java:275)
	at com.rabbitmq.client.impl.AMQChannel.handleCompleteInboundCommand(AMQChannel.java:193)
	at com.rabbitmq.client.impl.AMQChannel.handleFrame(AMQChannel.java:125)
	at com.rabbitmq.client.impl.AMQConnection.readFrame(AMQConnection.java:741)
	at com.rabbitmq.client.impl.AMQConnection.access$400(AMQConnection.java:48)
	at com.rabbitmq.client.impl.AMQConnection$MainLoop.run(AMQConnection.java:688)
	at java.base/java.lang.Thread.run(Thread.java:840)
2025-08-220 17:38 o.s.a.r.l.SimpleMessageListenerContainer-Restarting Consumer@2895e02b: tags=[[amq.ctag-S0pjp4YUluoRAzMApUUfww]], channel=Cached Rabbit Channel: AMQChannel(amqp://guest@127.0.0.1:5672/,1), conn: Proxy@25478603 Shared Rabbit Connection: SimpleConnection@4d8d21a3 [delegate=amqp://guest@127.0.0.1:5672/, localPort=63189], acknowledgeMode=AUTO local queue size=0
2025-08-220 17:38 o.s.a.r.c.CachingConnectionFactory-Attempting to connect to: localhost:5672
2025-08-220 17:38 o.s.a.r.l.SimpleMessageListenerContainer-Failed to check/redeclare auto-delete queue(s).
org.springframework.amqp.AmqpIOException: java.io.IOException
	at org.springframework.amqp.rabbit.support.RabbitExceptionTranslator.convertRabbitAccessException(RabbitExceptionTranslator.java:70)
	at org.springframework.amqp.rabbit.connection.AbstractConnectionFactory.createBareConnection(AbstractConnectionFactory.java:632)
	at org.springframework.amqp.rabbit.connection.CachingConnectionFactory.createConnection(CachingConnectionFactory.java:726)
	at org.springframework.amqp.rabbit.connection.CachingConnectionFactory.createBareChannel(CachingConnectionFactory.java:671)
	at org.springframework.amqp.rabbit.connection.CachingConnectionFactory.getCachedChannelProxy(CachingConnectionFactory.java:644)
	at org.springframework.amqp.rabbit.connection.CachingConnectionFactory.getChannel(CachingConnectionFactory.java:533)
	at org.springframework.amqp.rabbit.connection.CachingConnectionFactory$ChannelCachingConnectionProxy.createChannel(CachingConnectionFactory.java:1484)
	at org.springframework.amqp.rabbit.core.RabbitTemplate.doExecute(RabbitTemplate.java:2268)
	at org.springframework.amqp.rabbit.core.RabbitTemplate.execute(RabbitTemplate.java:2235)
	at org.springframework.amqp.rabbit.core.RabbitTemplate.execute(RabbitTemplate.java:2215)
	at org.springframework.amqp.rabbit.core.RabbitAdmin.getQueueInfo(RabbitAdmin.java:467)
	at org.springframework.amqp.rabbit.core.RabbitAdmin.getQueueProperties(RabbitAdmin.java:451)
	at org.springframework.amqp.rabbit.listener.AbstractMessageListenerContainer.attemptDeclarations(AbstractMessageListenerContainer.java:1972)
	at org.springframework.amqp.rabbit.listener.AbstractMessageListenerContainer.redeclareElementsIfNecessary(AbstractMessageListenerContainer.java:1936)
	at org.springframework.amqp.rabbit.listener.SimpleMessageListenerContainer$AsyncMessageProcessingConsumer.initialize(SimpleMessageListenerContainer.java:1481)
	at org.springframework.amqp.rabbit.listener.SimpleMessageListenerContainer$AsyncMessageProcessingConsumer.run(SimpleMessageListenerContainer.java:1322)
	at java.base/java.lang.Thread.run(Thread.java:840)
Caused by: java.io.IOException: null
	at com.rabbitmq.client.impl.AMQChannel.wrap(AMQChannel.java:140)
	at com.rabbitmq.client.impl.AMQChannel.wrap(AMQChannel.java:136)
	at com.rabbitmq.client.impl.AMQConnection.start(AMQConnection.java:406)
	at com.rabbitmq.client.ConnectionFactory.newConnection(ConnectionFactory.java:1251)
	at com.rabbitmq.client.ConnectionFactory.newConnection(ConnectionFactory.java:1198)
	at com.rabbitmq.client.ConnectionFactory.newConnection(ConnectionFactory.java:1369)
	at org.springframework.amqp.rabbit.connection.AbstractConnectionFactory.connectHostPort(AbstractConnectionFactory.java:695)
	at org.springframework.amqp.rabbit.connection.AbstractConnectionFactory.connect(AbstractConnectionFactory.java:650)
	at org.springframework.amqp.rabbit.connection.AbstractConnectionFactory.createBareConnection(AbstractConnectionFactory.java:593)
	... 15 common frames omitted
Caused by: com.rabbitmq.client.ShutdownSignalException: connection error
	at com.rabbitmq.utility.ValueOrException.getValue(ValueOrException.java:66)
	at com.rabbitmq.utility.BlockingValueOrException.uninterruptibleGetValue(BlockingValueOrException.java:36)
	at com.rabbitmq.client.impl.AMQChannel$BlockingRpcContinuation.getReply(AMQChannel.java:552)
	at com.rabbitmq.client.impl.AMQConnection.start(AMQConnection.java:336)
	... 21 common frames omitted
Caused by: java.io.EOFException: null
	at java.base/java.io.DataInputStream.readUnsignedByte(DataInputStream.java:290)
	at com.rabbitmq.client.impl.Frame.readFrom(Frame.java:91)
	at com.rabbitmq.client.impl.SocketFrameHandler.readFrame(SocketFrameHandler.java:199)
	at com.rabbitmq.client.impl.AMQConnection$MainLoop.run(AMQConnection.java:687)
	... 1 common frames omitted
2025-08-220 17:38 o.s.a.r.c.CachingConnectionFactory-Attempting to connect to: localhost:5672
2025-08-220 17:38 o.s.a.r.l.SimpleMessageListenerContainer-Consumer raised exception, processing can restart if the connection factory supports it
org.springframework.amqp.AmqpIOException: java.io.IOException
	at org.springframework.amqp.rabbit.support.RabbitExceptionTranslator.convertRabbitAccessException(RabbitExceptionTranslator.java:70)
	at org.springframework.amqp.rabbit.connection.AbstractConnectionFactory.createBareConnection(AbstractConnectionFactory.java:632)
	at org.springframework.amqp.rabbit.connection.CachingConnectionFactory.createConnection(CachingConnectionFactory.java:726)
	at org.springframework.amqp.rabbit.connection.ConnectionFactoryUtils.createConnection(ConnectionFactoryUtils.java:257)
	at org.springframework.amqp.rabbit.connection.ConnectionFactoryUtils$RabbitResourceFactory.createConnection(ConnectionFactoryUtils.java:345)
	at org.springframework.amqp.rabbit.connection.ConnectionFactoryUtils.doGetTransactionalResourceHolder(ConnectionFactoryUtils.java:140)
	at org.springframework.amqp.rabbit.connection.ConnectionFactoryUtils.getTransactionalResourceHolder(ConnectionFactoryUtils.java:102)
	at org.springframework.amqp.rabbit.connection.ConnectionFactoryUtils.getTransactionalResourceHolder(ConnectionFactoryUtils.java:85)
	at org.springframework.amqp.rabbit.listener.BlockingQueueConsumer.start(BlockingQueueConsumer.java:625)
	at org.springframework.amqp.rabbit.listener.SimpleMessageListenerContainer$AsyncMessageProcessingConsumer.initialize(SimpleMessageListenerContainer.java:1482)
	at org.springframework.amqp.rabbit.listener.SimpleMessageListenerContainer$AsyncMessageProcessingConsumer.run(SimpleMessageListenerContainer.java:1322)
	at java.base/java.lang.Thread.run(Thread.java:840)
Caused by: java.io.IOException: null
	at com.rabbitmq.client.impl.AMQChannel.wrap(AMQChannel.java:140)
	at com.rabbitmq.client.impl.AMQChannel.wrap(AMQChannel.java:136)
	at com.rabbitmq.client.impl.AMQConnection.start(AMQConnection.java:406)
	at com.rabbitmq.client.ConnectionFactory.newConnection(ConnectionFactory.java:1251)
	at com.rabbitmq.client.ConnectionFactory.newConnection(ConnectionFactory.java:1198)
	at com.rabbitmq.client.ConnectionFactory.newConnection(ConnectionFactory.java:1369)
	at org.springframework.amqp.rabbit.connection.AbstractConnectionFactory.connectHostPort(AbstractConnectionFactory.java:695)
	at org.springframework.amqp.rabbit.connection.AbstractConnectionFactory.connect(AbstractConnectionFactory.java:650)
	at org.springframework.amqp.rabbit.connection.AbstractConnectionFactory.createBareConnection(AbstractConnectionFactory.java:593)
	... 10 common frames omitted
Caused by: com.rabbitmq.client.ShutdownSignalException: connection error
	at com.rabbitmq.utility.ValueOrException.getValue(ValueOrException.java:66)
	at com.rabbitmq.utility.BlockingValueOrException.uninterruptibleGetValue(BlockingValueOrException.java:36)
	at com.rabbitmq.client.impl.AMQChannel$BlockingRpcContinuation.getReply(AMQChannel.java:552)
	at com.rabbitmq.client.impl.AMQConnection.start(AMQConnection.java:336)
	... 16 common frames omitted
Caused by: java.io.EOFException: null
	at java.base/java.io.DataInputStream.readUnsignedByte(DataInputStream.java:290)
	at com.rabbitmq.client.impl.Frame.readFrom(Frame.java:91)
	at com.rabbitmq.client.impl.SocketFrameHandler.readFrame(SocketFrameHandler.java:199)
	at com.rabbitmq.client.impl.AMQConnection$MainLoop.run(AMQConnection.java:687)
	... 1 common frames omitted
2025-08-220 17:38 o.s.a.r.l.SimpleMessageListenerContainer-Restarting Consumer@772927e9: tags=[[]], channel=null, acknowledgeMode=AUTO local queue size=0
2025-08-220 17:38 o.s.a.r.c.CachingConnectionFactory-Attempting to connect to: localhost:5672
2025-08-220 17:38 o.s.a.r.l.SimpleMessageListenerContainer-Failed to check/redeclare auto-delete queue(s).
2025-08-220 17:38 o.s.a.r.c.CachingConnectionFactory-Attempting to connect to: localhost:5672
2025-08-220 17:38 i.l.core.protocol.ConnectionWatchdog-Reconnecting, last destination was localhost/<unresolved>:6379
2025-08-220 17:38 i.l.core.protocol.ConnectionWatchdog-Reconnecting, last destination was localhost/<unresolved>:6379
2025-08-220 17:38 i.l.core.protocol.ConnectionWatchdog-Cannot reconnect to [localhost/<unresolved>:6379]: Connection refused: getsockopt: localhost/127.0.0.1:6379
2025-08-220 17:38 i.l.core.protocol.ConnectionWatchdog-Cannot reconnect to [localhost/<unresolved>:6379]: Connection refused: getsockopt: localhost/127.0.0.1:6379
2025-08-220 17:38 i.l.core.protocol.ConnectionWatchdog-Reconnecting, last destination was localhost/<unresolved>:6379
2025-08-220 17:38 i.l.core.protocol.ConnectionWatchdog-Cannot reconnect to [localhost/<unresolved>:6379]: Connection refused: getsockopt: localhost/127.0.0.1:6379
2025-08-220 17:38 o.s.a.r.l.SimpleMessageListenerContainer-Consumer raised exception, processing can restart if the connection factory supports it. Exception summary: org.springframework.amqp.AmqpConnectException: java.net.ConnectException: Connection refused: getsockopt
2025-08-220 17:38 o.s.a.r.l.SimpleMessageListenerContainer-Restarting Consumer@11de9383: tags=[[]], channel=null, acknowledgeMode=AUTO local queue size=0
2025-08-220 17:38 o.s.a.r.c.CachingConnectionFactory-Attempting to connect to: localhost:5672
2025-08-220 17:38 o.s.a.r.l.SimpleMessageListenerContainer-Failed to check/redeclare auto-delete queue(s).
2025-08-220 17:38 o.s.a.r.c.CachingConnectionFactory-Attempting to connect to: localhost:5672
2025-08-220 17:38 o.s.a.r.l.SimpleMessageListenerContainer-Consumer raised exception, processing can restart if the connection factory supports it. Exception summary: org.springframework.amqp.AmqpConnectException: java.net.ConnectException: Connection refused: getsockopt
2025-08-220 17:38 o.s.a.r.l.SimpleMessageListenerContainer-Restarting Consumer@775259c4: tags=[[]], channel=null, acknowledgeMode=AUTO local queue size=0
2025-08-220 17:38 o.s.a.r.c.CachingConnectionFactory-Attempting to connect to: localhost:5672
2025-08-220 17:38 o.s.a.r.l.SimpleMessageListenerContainer-Failed to check/redeclare auto-delete queue(s).
2025-08-220 17:38 o.s.a.r.c.CachingConnectionFactory-Attempting to connect to: localhost:5672
2025-08-220 17:38 i.l.core.protocol.ConnectionWatchdog-Reconnecting, last destination was localhost/<unresolved>:6379
2025-08-220 17:38 i.l.core.protocol.ConnectionWatchdog-Reconnecting, last destination was localhost/<unresolved>:6379
2025-08-220 17:38 i.l.core.protocol.ConnectionWatchdog-Cannot reconnect to [localhost/<unresolved>:6379]: Connection refused: getsockopt: localhost/127.0.0.1:6379
2025-08-220 17:38 i.l.core.protocol.ConnectionWatchdog-Cannot reconnect to [localhost/<unresolved>:6379]: Connection refused: getsockopt: localhost/127.0.0.1:6379
2025-08-220 17:38 i.l.core.protocol.ConnectionWatchdog-Reconnecting, last destination was localhost/<unresolved>:6379
2025-08-220 17:38 i.l.core.protocol.ConnectionWatchdog-Cannot reconnect to [localhost/<unresolved>:6379]: Connection refused: getsockopt: localhost/127.0.0.1:6379
2025-08-220 17:39 o.s.a.r.l.SimpleMessageListenerContainer-Consumer raised exception, processing can restart if the connection factory supports it. Exception summary: org.springframework.amqp.AmqpConnectException: java.net.ConnectException: Connection refused: getsockopt
2025-08-220 17:39 o.s.a.r.l.SimpleMessageListenerContainer-Restarting Consumer@35424f96: tags=[[]], channel=null, acknowledgeMode=AUTO local queue size=0
2025-08-220 17:39 o.s.a.r.c.CachingConnectionFactory-Attempting to connect to: localhost:5672
2025-08-220 17:39 o.s.a.r.l.SimpleMessageListenerContainer-Failed to check/redeclare auto-delete queue(s).
2025-08-220 17:39 o.s.a.r.c.CachingConnectionFactory-Attempting to connect to: localhost:5672
2025-08-220 17:39 o.s.a.r.l.SimpleMessageListenerContainer-Consumer raised exception, processing can restart if the connection factory supports it. Exception summary: org.springframework.amqp.AmqpConnectException: java.net.ConnectException: Connection refused: getsockopt
2025-08-220 17:39 o.s.a.r.l.SimpleMessageListenerContainer-Restarting Consumer@64a3887: tags=[[]], channel=null, acknowledgeMode=AUTO local queue size=0
2025-08-220 17:39 o.s.a.r.c.CachingConnectionFactory-Attempting to connect to: localhost:5672
2025-08-220 17:39 o.s.a.r.l.SimpleMessageListenerContainer-Failed to check/redeclare auto-delete queue(s).
2025-08-220 17:39 o.s.a.r.c.CachingConnectionFactory-Attempting to connect to: localhost:5672
2025-08-220 17:39 o.s.a.r.l.SimpleMessageListenerContainer-Consumer raised exception, processing can restart if the connection factory supports it. Exception summary: org.springframework.amqp.AmqpConnectException: java.net.ConnectException: Connection refused: getsockopt
2025-08-220 17:39 o.s.a.r.l.SimpleMessageListenerContainer-Restarting Consumer@4010fe58: tags=[[]], channel=null, acknowledgeMode=AUTO local queue size=0
2025-08-220 17:39 o.s.a.r.c.CachingConnectionFactory-Attempting to connect to: localhost:5672
2025-08-220 17:39 o.s.a.r.l.SimpleMessageListenerContainer-Failed to check/redeclare auto-delete queue(s).
2025-08-220 17:39 o.s.a.r.c.CachingConnectionFactory-Attempting to connect to: localhost:5672
2025-08-220 17:39 i.l.core.protocol.ConnectionWatchdog-Reconnecting, last destination was localhost/<unresolved>:6379
2025-08-220 17:39 i.l.core.protocol.ConnectionWatchdog-Reconnecting, last destination was localhost/<unresolved>:6379
2025-08-220 17:39 i.l.core.protocol.ConnectionWatchdog-Cannot reconnect to [localhost/<unresolved>:6379]: Connection refused: getsockopt: localhost/127.0.0.1:6379
2025-08-220 17:39 i.l.core.protocol.ConnectionWatchdog-Cannot reconnect to [localhost/<unresolved>:6379]: Connection refused: getsockopt: localhost/127.0.0.1:6379
2025-08-220 17:39 i.l.core.protocol.ConnectionWatchdog-Reconnecting, last destination was localhost/<unresolved>:6379
2025-08-220 17:39 i.l.core.protocol.ConnectionWatchdog-Cannot reconnect to [localhost/<unresolved>:6379]: Connection refused: getsockopt: localhost/127.0.0.1:6379
2025-08-220 17:39 o.s.a.r.l.SimpleMessageListenerContainer-Consumer raised exception, processing can restart if the connection factory supports it. Exception summary: org.springframework.amqp.AmqpConnectException: java.net.ConnectException: Connection refused: getsockopt
2025-08-220 17:39 o.s.a.r.l.SimpleMessageListenerContainer-Restarting Consumer@3a5065a6: tags=[[]], channel=null, acknowledgeMode=AUTO local queue size=0
2025-08-220 17:39 o.s.a.r.c.CachingConnectionFactory-Attempting to connect to: localhost:5672
2025-08-220 17:39 o.s.a.r.l.SimpleMessageListenerContainer-Failed to check/redeclare auto-delete queue(s).
2025-08-220 17:39 o.s.a.r.c.CachingConnectionFactory-Attempting to connect to: localhost:5672
2025-08-220 17:39 o.s.a.r.l.SimpleMessageListenerContainer-Consumer raised exception, processing can restart if the connection factory supports it. Exception summary: org.springframework.amqp.AmqpConnectException: java.net.ConnectException: Connection refused: getsockopt
2025-08-220 17:39 o.s.a.r.l.SimpleMessageListenerContainer-Restarting Consumer@5872d687: tags=[[]], channel=null, acknowledgeMode=AUTO local queue size=0
2025-08-220 17:39 o.s.a.r.c.CachingConnectionFactory-Attempting to connect to: localhost:5672
2025-08-220 17:39 o.s.a.r.l.SimpleMessageListenerContainer-Failed to check/redeclare auto-delete queue(s).
2025-08-220 17:39 o.s.a.r.c.CachingConnectionFactory-Attempting to connect to: localhost:5672
2025-08-220 17:39 o.s.a.r.l.SimpleMessageListenerContainer-Consumer raised exception, processing can restart if the connection factory supports it. Exception summary: org.springframework.amqp.AmqpConnectException: java.net.ConnectException: Connection refused: getsockopt
2025-08-220 17:39 o.s.a.r.l.SimpleMessageListenerContainer-Restarting Consumer@4b32e0a5: tags=[[]], channel=null, acknowledgeMode=AUTO local queue size=0
2025-08-220 17:39 o.s.a.r.c.CachingConnectionFactory-Attempting to connect to: localhost:5672
2025-08-220 17:39 o.s.a.r.l.SimpleMessageListenerContainer-Failed to check/redeclare auto-delete queue(s).
2025-08-220 17:39 o.s.a.r.c.CachingConnectionFactory-Attempting to connect to: localhost:5672
2025-08-220 17:39 o.s.a.r.l.SimpleMessageListenerContainer-Consumer raised exception, processing can restart if the connection factory supports it. Exception summary: org.springframework.amqp.AmqpConnectException: java.net.ConnectException: Connection refused: getsockopt
2025-08-220 17:39 o.s.a.r.l.SimpleMessageListenerContainer-Restarting Consumer@1604d602: tags=[[]], channel=null, acknowledgeMode=AUTO local queue size=0
2025-08-220 17:39 o.s.a.r.c.CachingConnectionFactory-Attempting to connect to: localhost:5672
2025-08-220 17:39 o.s.a.r.l.SimpleMessageListenerContainer-Failed to check/redeclare auto-delete queue(s).
2025-08-220 17:39 o.s.a.r.c.CachingConnectionFactory-Attempting to connect to: localhost:5672
2025-08-220 17:39 o.s.a.r.l.SimpleMessageListenerContainer-Consumer raised exception, processing can restart if the connection factory supports it. Exception summary: org.springframework.amqp.AmqpConnectException: java.net.ConnectException: Connection refused: getsockopt
2025-08-220 17:39 o.s.a.r.l.SimpleMessageListenerContainer-Restarting Consumer@79af8c68: tags=[[]], channel=null, acknowledgeMode=AUTO local queue size=0
2025-08-220 17:39 o.s.a.r.c.CachingConnectionFactory-Attempting to connect to: localhost:5672
2025-08-220 17:39 o.s.a.r.l.SimpleMessageListenerContainer-Failed to check/redeclare auto-delete queue(s).
2025-08-220 17:39 o.s.a.r.c.CachingConnectionFactory-Attempting to connect to: localhost:5672
2025-08-220 17:39 i.l.core.protocol.ConnectionWatchdog-Reconnecting, last destination was localhost/<unresolved>:6379
2025-08-220 17:39 i.l.core.protocol.ConnectionWatchdog-Reconnecting, last destination was localhost/<unresolved>:6379
2025-08-220 17:39 i.l.core.protocol.ConnectionWatchdog-Cannot reconnect to [localhost/<unresolved>:6379]: Connection refused: getsockopt: localhost/127.0.0.1:6379
2025-08-220 17:39 i.l.core.protocol.ConnectionWatchdog-Cannot reconnect to [localhost/<unresolved>:6379]: Connection refused: getsockopt: localhost/127.0.0.1:6379
2025-08-220 17:39 o.s.a.r.l.SimpleMessageListenerContainer-Consumer raised exception, processing can restart if the connection factory supports it. Exception summary: org.springframework.amqp.AmqpConnectException: java.net.ConnectException: Connection refused: getsockopt
2025-08-220 17:39 o.s.a.r.l.SimpleMessageListenerContainer-Restarting Consumer@4a82c9ec: tags=[[]], channel=null, acknowledgeMode=AUTO local queue size=0
2025-08-220 17:39 o.s.a.r.c.CachingConnectionFactory-Attempting to connect to: localhost:5672
2025-08-220 17:39 o.s.a.r.l.SimpleMessageListenerContainer-Failed to check/redeclare auto-delete queue(s).
2025-08-220 17:39 o.s.a.r.c.CachingConnectionFactory-Attempting to connect to: localhost:5672
2025-08-220 17:39 i.l.core.protocol.ConnectionWatchdog-Reconnecting, last destination was localhost/<unresolved>:6379
2025-08-220 17:39 i.l.core.protocol.ConnectionWatchdog-Cannot reconnect to [localhost/<unresolved>:6379]: Connection refused: getsockopt: localhost/127.0.0.1:6379
2025-08-220 17:39 o.s.a.r.l.SimpleMessageListenerContainer-Consumer raised exception, processing can restart if the connection factory supports it. Exception summary: org.springframework.amqp.AmqpConnectException: java.net.ConnectException: Connection refused: getsockopt
2025-08-220 17:39 o.s.a.r.l.SimpleMessageListenerContainer-Restarting Consumer@2c87fc26: tags=[[]], channel=null, acknowledgeMode=AUTO local queue size=0
2025-08-220 17:39 o.s.a.r.c.CachingConnectionFactory-Attempting to connect to: localhost:5672
2025-08-220 17:39 o.s.a.r.l.SimpleMessageListenerContainer-Failed to check/redeclare auto-delete queue(s).
2025-08-220 17:39 o.s.a.r.c.CachingConnectionFactory-Attempting to connect to: localhost:5672
2025-08-220 17:39 o.s.a.r.l.SimpleMessageListenerContainer-Consumer raised exception, processing can restart if the connection factory supports it. Exception summary: org.springframework.amqp.AmqpConnectException: java.net.ConnectException: Connection refused: getsockopt
2025-08-220 17:39 o.s.a.r.l.SimpleMessageListenerContainer-Restarting Consumer@7a5211b: tags=[[]], channel=null, acknowledgeMode=AUTO local queue size=0
2025-08-220 17:39 o.s.a.r.c.CachingConnectionFactory-Attempting to connect to: localhost:5672
2025-08-220 17:39 o.s.a.r.l.SimpleMessageListenerContainer-Failed to check/redeclare auto-delete queue(s).
2025-08-220 17:39 o.s.a.r.c.CachingConnectionFactory-Attempting to connect to: localhost:5672
2025-08-220 17:39 o.s.a.r.l.SimpleMessageListenerContainer-Consumer raised exception, processing can restart if the connection factory supports it. Exception summary: org.springframework.amqp.AmqpConnectException: java.net.ConnectException: Connection refused: getsockopt
2025-08-220 17:39 o.s.a.r.l.SimpleMessageListenerContainer-Restarting Consumer@5f6c9db0: tags=[[]], channel=null, acknowledgeMode=AUTO local queue size=0
2025-08-220 17:39 o.s.a.r.c.CachingConnectionFactory-Attempting to connect to: localhost:5672
2025-08-220 17:39 o.s.a.r.l.SimpleMessageListenerContainer-Failed to check/redeclare auto-delete queue(s).
2025-08-220 17:39 o.s.a.r.c.CachingConnectionFactory-Attempting to connect to: localhost:5672
2025-08-220 17:40 o.s.a.r.l.SimpleMessageListenerContainer-Consumer raised exception, processing can restart if the connection factory supports it. Exception summary: org.springframework.amqp.AmqpConnectException: java.net.ConnectException: Connection refused: getsockopt
2025-08-220 17:40 o.s.a.r.l.SimpleMessageListenerContainer-Restarting Consumer@7fc7c459: tags=[[]], channel=null, acknowledgeMode=AUTO local queue size=0
2025-08-220 17:40 o.s.a.r.c.CachingConnectionFactory-Attempting to connect to: localhost:5672
2025-08-220 17:40 o.s.a.r.l.SimpleMessageListenerContainer-Failed to check/redeclare auto-delete queue(s).
2025-08-220 17:40 o.s.a.r.c.CachingConnectionFactory-Attempting to connect to: localhost:5672
2025-08-220 17:40 o.s.a.r.l.SimpleMessageListenerContainer-Consumer raised exception, processing can restart if the connection factory supports it. Exception summary: org.springframework.amqp.AmqpConnectException: java.net.ConnectException: Connection refused: getsockopt
2025-08-220 17:40 o.s.a.r.l.SimpleMessageListenerContainer-Restarting Consumer@2e7e3d99: tags=[[]], channel=null, acknowledgeMode=AUTO local queue size=0
2025-08-220 17:40 o.s.a.r.c.CachingConnectionFactory-Attempting to connect to: localhost:5672
2025-08-220 17:40 o.s.a.r.l.SimpleMessageListenerContainer-Failed to check/redeclare auto-delete queue(s).
2025-08-220 17:40 o.s.a.r.c.CachingConnectionFactory-Attempting to connect to: localhost:5672
2025-08-220 17:40 i.l.core.protocol.ConnectionWatchdog-Reconnecting, last destination was localhost/<unresolved>:6379
2025-08-220 17:40 i.l.core.protocol.ConnectionWatchdog-Reconnecting, last destination was localhost/<unresolved>:6379
2025-08-220 17:40 i.l.core.protocol.ConnectionWatchdog-Cannot reconnect to [localhost/<unresolved>:6379]: Connection refused: getsockopt: localhost/127.0.0.1:6379
2025-08-220 17:40 i.l.core.protocol.ConnectionWatchdog-Cannot reconnect to [localhost/<unresolved>:6379]: Connection refused: getsockopt: localhost/127.0.0.1:6379
2025-08-220 17:40 i.l.core.protocol.ConnectionWatchdog-Reconnecting, last destination was localhost/<unresolved>:6379
2025-08-220 17:40 i.l.core.protocol.ConnectionWatchdog-Cannot reconnect to [localhost/<unresolved>:6379]: Connection refused: getsockopt: localhost/127.0.0.1:6379
2025-08-220 17:40 o.s.a.r.l.SimpleMessageListenerContainer-Consumer raised exception, processing can restart if the connection factory supports it. Exception summary: org.springframework.amqp.AmqpConnectException: java.net.ConnectException: Connection refused: getsockopt
2025-08-220 17:40 o.s.a.r.l.SimpleMessageListenerContainer-Restarting Consumer@2c6dacbd: tags=[[]], channel=null, acknowledgeMode=AUTO local queue size=0
2025-08-220 17:40 o.s.a.r.c.CachingConnectionFactory-Attempting to connect to: localhost:5672
2025-08-220 17:40 o.s.a.r.l.SimpleMessageListenerContainer-Failed to check/redeclare auto-delete queue(s).
2025-08-220 17:40 o.s.a.r.c.CachingConnectionFactory-Attempting to connect to: localhost:5672
2025-08-220 17:40 o.s.a.r.l.SimpleMessageListenerContainer-Consumer raised exception, processing can restart if the connection factory supports it. Exception summary: org.springframework.amqp.AmqpConnectException: java.net.ConnectException: Connection refused: getsockopt
2025-08-220 17:40 o.s.a.r.l.SimpleMessageListenerContainer-Restarting Consumer@7a413d41: tags=[[]], channel=null, acknowledgeMode=AUTO local queue size=0
2025-08-220 17:40 o.s.a.r.c.CachingConnectionFactory-Attempting to connect to: localhost:5672
2025-08-220 17:40 o.s.a.r.l.SimpleMessageListenerContainer-Failed to check/redeclare auto-delete queue(s).
2025-08-220 17:40 o.s.a.r.c.CachingConnectionFactory-Attempting to connect to: localhost:5672
2025-08-220 17:40 o.s.a.r.l.SimpleMessageListenerContainer-Consumer raised exception, processing can restart if the connection factory supports it. Exception summary: org.springframework.amqp.AmqpConnectException: java.net.ConnectException: Connection refused: getsockopt
2025-08-220 17:40 o.s.a.r.l.SimpleMessageListenerContainer-Restarting Consumer@cffd1a1: tags=[[]], channel=null, acknowledgeMode=AUTO local queue size=0
2025-08-220 17:40 o.s.a.r.c.CachingConnectionFactory-Attempting to connect to: localhost:5672
2025-08-220 17:40 o.s.a.r.l.SimpleMessageListenerContainer-Failed to check/redeclare auto-delete queue(s).
2025-08-220 17:40 o.s.a.r.c.CachingConnectionFactory-Attempting to connect to: localhost:5672
2025-08-220 17:40 o.s.a.r.l.SimpleMessageListenerContainer-Consumer raised exception, processing can restart if the connection factory supports it. Exception summary: org.springframework.amqp.AmqpConnectException: java.net.ConnectException: Connection refused: getsockopt
2025-08-220 17:40 o.s.a.r.l.SimpleMessageListenerContainer-Restarting Consumer@7d18359d: tags=[[]], channel=null, acknowledgeMode=AUTO local queue size=0
2025-08-220 17:40 o.s.a.r.c.CachingConnectionFactory-Attempting to connect to: localhost:5672
2025-08-220 17:40 o.s.a.r.l.SimpleMessageListenerContainer-Failed to check/redeclare auto-delete queue(s).
2025-08-220 17:40 o.s.a.r.c.CachingConnectionFactory-Attempting to connect to: localhost:5672
2025-08-220 17:40 o.s.a.r.l.SimpleMessageListenerContainer-Consumer raised exception, processing can restart if the connection factory supports it. Exception summary: org.springframework.amqp.AmqpConnectException: java.net.ConnectException: Connection refused: getsockopt
2025-08-220 17:40 o.s.a.r.l.SimpleMessageListenerContainer-Restarting Consumer@47f6f269: tags=[[]], channel=null, acknowledgeMode=AUTO local queue size=0
2025-08-220 17:40 o.s.a.r.c.CachingConnectionFactory-Attempting to connect to: localhost:5672
2025-08-220 17:40 o.s.a.r.l.SimpleMessageListenerContainer-Failed to check/redeclare auto-delete queue(s).
2025-08-220 17:40 o.s.a.r.c.CachingConnectionFactory-Attempting to connect to: localhost:5672
2025-08-220 17:40 o.s.a.r.l.SimpleMessageListenerContainer-Consumer raised exception, processing can restart if the connection factory supports it. Exception summary: org.springframework.amqp.AmqpConnectException: java.net.ConnectException: Connection refused: getsockopt
2025-08-220 17:40 o.s.a.r.l.SimpleMessageListenerContainer-Restarting Consumer@71d5d525: tags=[[]], channel=null, acknowledgeMode=AUTO local queue size=0
2025-08-220 17:40 o.s.a.r.c.CachingConnectionFactory-Attempting to connect to: localhost:5672
2025-08-220 17:40 o.s.a.r.l.SimpleMessageListenerContainer-Failed to check/redeclare auto-delete queue(s).
2025-08-220 17:40 o.s.a.r.c.CachingConnectionFactory-Attempting to connect to: localhost:5672
2025-08-220 17:40 i.l.core.protocol.ConnectionWatchdog-Reconnecting, last destination was localhost/<unresolved>:6379
2025-08-220 17:40 i.l.core.protocol.ConnectionWatchdog-Reconnecting, last destination was localhost/<unresolved>:6379
2025-08-220 17:40 i.l.core.protocol.ConnectionWatchdog-Cannot reconnect to [localhost/<unresolved>:6379]: Connection refused: getsockopt: localhost/127.0.0.1:6379
2025-08-220 17:40 i.l.core.protocol.ConnectionWatchdog-Cannot reconnect to [localhost/<unresolved>:6379]: Connection refused: getsockopt: localhost/127.0.0.1:6379
2025-08-220 17:40 i.l.core.protocol.ConnectionWatchdog-Reconnecting, last destination was localhost/<unresolved>:6379
2025-08-220 17:40 i.l.core.protocol.ConnectionWatchdog-Cannot reconnect to [localhost/<unresolved>:6379]: Connection refused: getsockopt: localhost/127.0.0.1:6379
2025-08-220 17:40 o.s.a.r.l.SimpleMessageListenerContainer-Consumer raised exception, processing can restart if the connection factory supports it. Exception summary: org.springframework.amqp.AmqpConnectException: java.net.ConnectException: Connection refused: getsockopt
2025-08-220 17:40 o.s.a.r.l.SimpleMessageListenerContainer-Restarting Consumer@2ba950ad: tags=[[]], channel=null, acknowledgeMode=AUTO local queue size=0
2025-08-220 17:40 o.s.a.r.c.CachingConnectionFactory-Attempting to connect to: localhost:5672
2025-08-220 17:40 o.s.a.r.l.SimpleMessageListenerContainer-Failed to check/redeclare auto-delete queue(s).
2025-08-220 17:40 o.s.a.r.c.CachingConnectionFactory-Attempting to connect to: localhost:5672
2025-08-220 17:40 o.s.a.r.l.SimpleMessageListenerContainer-Consumer raised exception, processing can restart if the connection factory supports it. Exception summary: org.springframework.amqp.AmqpConnectException: java.net.ConnectException: Connection refused: getsockopt
2025-08-220 17:40 o.s.a.r.l.SimpleMessageListenerContainer-Restarting Consumer@7409d2a1: tags=[[]], channel=null, acknowledgeMode=AUTO local queue size=0
2025-08-220 17:40 o.s.a.r.c.CachingConnectionFactory-Attempting to connect to: localhost:5672
2025-08-220 17:40 o.s.a.r.l.SimpleMessageListenerContainer-Failed to check/redeclare auto-delete queue(s).
2025-08-220 17:40 o.s.a.r.c.CachingConnectionFactory-Attempting to connect to: localhost:5672
2025-08-220 17:40 o.s.a.r.l.SimpleMessageListenerContainer-Consumer raised exception, processing can restart if the connection factory supports it. Exception summary: org.springframework.amqp.AmqpConnectException: java.net.ConnectException: Connection refused: getsockopt
2025-08-220 17:40 o.s.a.r.l.SimpleMessageListenerContainer-Restarting Consumer@e617930: tags=[[]], channel=null, acknowledgeMode=AUTO local queue size=0
2025-08-220 17:40 o.s.a.r.c.CachingConnectionFactory-Attempting to connect to: localhost:5672
2025-08-220 17:40 o.s.a.r.l.SimpleMessageListenerContainer-Failed to check/redeclare auto-delete queue(s).
2025-08-220 17:40 o.s.a.r.c.CachingConnectionFactory-Attempting to connect to: localhost:5672
2025-08-220 17:41 o.s.a.r.l.SimpleMessageListenerContainer-Consumer raised exception, processing can restart if the connection factory supports it. Exception summary: org.springframework.amqp.AmqpConnectException: java.net.ConnectException: Connection refused: getsockopt
2025-08-220 17:41 o.s.a.r.l.SimpleMessageListenerContainer-Restarting Consumer@71663ea3: tags=[[]], channel=null, acknowledgeMode=AUTO local queue size=0
2025-08-220 17:41 o.s.a.r.c.CachingConnectionFactory-Attempting to connect to: localhost:5672
2025-08-220 17:41 o.s.a.r.l.SimpleMessageListenerContainer-Failed to check/redeclare auto-delete queue(s).
2025-08-220 17:41 o.s.a.r.c.CachingConnectionFactory-Attempting to connect to: localhost:5672
