2025-08-224 09:10 o.h.validator.internal.util.Version-HV000001: Hibernate Validator 8.0.2.Final
2025-08-224 09:10 c.e.o.OrdersystemApplication-Starting OrdersystemApplication using Java 17.0.15 with PID 7496 (C:\Users\Playdata\Desktop\16\ordersystem\build\classes\java\main started by Playdata in C:\Users\Playdata\Desktop\16\ordersystem)
2025-08-224 09:10 c.e.o.OrdersystemApplication-The following 1 profile is active: "prod"
2025-08-224 09:10 o.s.d.r.c.RepositoryConfigurationDelegate-Multiple Spring Data modules found, entering strict repository configuration mode
2025-08-224 09:10 o.s.d.r.c.RepositoryConfigurationDelegate-Bootstrapping Spring Data JPA repositories in DEFAULT mode.
2025-08-224 09:10 o.s.d.r.c.RepositoryConfigurationDelegate-Finished Spring Data repository scanning in 271 ms. Found 4 JPA repository interfaces.
2025-08-224 09:10 o.s.d.r.c.RepositoryConfigurationDelegate-Multiple Spring Data modules found, entering strict repository configuration mode
2025-08-224 09:10 o.s.d.r.c.RepositoryConfigurationDelegate-Bootstrapping Spring Data Redis repositories in DEFAULT mode.
2025-08-224 09:10 o.s.d.r.c.RepositoryConfigurationExtensionSupport-Spring Data Redis - Could not safely identify store assignment for repository candidate interface com.example.ordersystem.member.repository.MemberRepository; If you want this repository to be a Redis repository, consider annotating your entities with one of these annotations: org.springframework.data.redis.core.RedisHash (preferred), or consider extending one of the following types with your repository: org.springframework.data.keyvalue.repository.KeyValueRepository
2025-08-224 09:10 o.s.d.r.c.RepositoryConfigurationExtensionSupport-Spring Data Redis - Could not safely identify store assignment for repository candidate interface com.example.ordersystem.ordering.repository.OrderDetailRepository; If you want this repository to be a Redis repository, consider annotating your entities with one of these annotations: org.springframework.data.redis.core.RedisHash (preferred), or consider extending one of the following types with your repository: org.springframework.data.keyvalue.repository.KeyValueRepository
2025-08-224 09:10 o.s.d.r.c.RepositoryConfigurationExtensionSupport-Spring Data Redis - Could not safely identify store assignment for repository candidate interface com.example.ordersystem.ordering.repository.OrderingRepository; If you want this repository to be a Redis repository, consider annotating your entities with one of these annotations: org.springframework.data.redis.core.RedisHash (preferred), or consider extending one of the following types with your repository: org.springframework.data.keyvalue.repository.KeyValueRepository
2025-08-224 09:10 o.s.d.r.c.RepositoryConfigurationExtensionSupport-Spring Data Redis - Could not safely identify store assignment for repository candidate interface com.example.ordersystem.product.repository.ProductRepository; If you want this repository to be a Redis repository, consider annotating your entities with one of these annotations: org.springframework.data.redis.core.RedisHash (preferred), or consider extending one of the following types with your repository: org.springframework.data.keyvalue.repository.KeyValueRepository
2025-08-224 09:10 o.s.d.r.c.RepositoryConfigurationDelegate-Finished Spring Data repository scanning in 15 ms. Found 0 Redis repository interfaces.
2025-08-224 09:10 o.s.b.w.e.tomcat.TomcatWebServer-Tomcat initialized with port 8080 (http)
2025-08-224 09:10 o.a.coyote.http11.Http11NioProtocol-Initializing ProtocolHandler ["http-nio-8080"]
2025-08-224 09:10 o.a.catalina.core.StandardService-Starting service [Tomcat]
2025-08-224 09:10 o.a.catalina.core.StandardEngine-Starting Servlet engine: [Apache Tomcat/10.1.43]
2025-08-224 09:10 o.a.c.c.C.[Tomcat].[localhost].[/]-Initializing Spring embedded WebApplicationContext
2025-08-224 09:10 o.s.b.w.s.c.ServletWebServerApplicationContext-Root WebApplicationContext: initialization completed in 5888 ms
2025-08-224 09:10 o.h.jpa.internal.util.LogHelper-HHH000204: Processing PersistenceUnitInfo [name: default]
2025-08-224 09:10 org.hibernate.Version-HHH000412: Hibernate ORM core version 6.6.22.Final
2025-08-224 09:10 o.h.c.i.RegionFactoryInitiator-HHH000026: Second-level cache disabled
2025-08-224 09:10 o.s.o.j.p.SpringPersistenceUnitInfo-No LoadTimeWeaver setup: ignoring JPA class transformer
2025-08-224 09:10 com.zaxxer.hikari.HikariDataSource-HikariPool-1 - Starting...
2025-08-224 09:10 com.zaxxer.hikari.pool.HikariPool-HikariPool-1 - Added connection org.mariadb.jdbc.Connection@1534bdc6
2025-08-224 09:10 com.zaxxer.hikari.HikariDataSource-HikariPool-1 - Start completed.
2025-08-224 09:10 org.hibernate.orm.deprecation-HHH90000025: MariaDBDialect does not need to be specified explicitly using 'hibernate.dialect' (remove the property setting and it will be selected by default)
2025-08-224 09:10 o.hibernate.orm.connections.pooling-HHH10001005: Database info:
	Database JDBC URL [Connecting through datasource 'HikariDataSource (HikariPool-1)']
	Database driver: undefined/unknown
	Database version: 11.7.2
	Autocommit mode: undefined/unknown
	Isolation level: undefined/unknown
	Minimum pool size: undefined/unknown
	Maximum pool size: undefined/unknown
2025-08-224 09:10 o.h.e.t.j.p.i.JtaPlatformInitiator-HHH000489: No JTA platform available (set 'hibernate.transaction.jta.platform' to enable JTA platform integration)
2025-08-224 09:10 o.s.o.j.LocalContainerEntityManagerFactoryBean-Initialized JPA EntityManagerFactory for persistence unit 'default'
2025-08-224 09:10 o.s.b.a.o.j.JpaBaseConfiguration$JpaWebConfiguration-spring.jpa.open-in-view is enabled by default. Therefore, database queries may be performed during view rendering. Explicitly configure spring.jpa.open-in-view to disable this warning
2025-08-224 09:10 o.s.b.a.s.s.UserDetailsServiceAutoConfiguration-

Using generated security password: b20dd7d2-a8db-4fef-ba69-8c4301cd7d4d

This generated password is for development use only. Your security configuration must be updated before running your application in production.

2025-08-224 09:10 o.s.s.c.a.a.c.InitializeUserDetailsBeanManagerConfigurer$InitializeUserDetailsManagerConfigurer-Global AuthenticationManager configured with UserDetailsService bean with name inMemoryUserDetailsManager
2025-08-224 09:10 o.a.coyote.http11.Http11NioProtocol-Starting ProtocolHandler ["http-nio-8080"]
2025-08-224 09:10 o.s.b.w.e.tomcat.TomcatWebServer-Tomcat started on port 8080 (http) with context path '/'
2025-08-224 09:10 o.s.a.r.c.CachingConnectionFactory-Attempting to connect to: localhost:5672
2025-08-224 09:10 o.s.a.r.c.CachingConnectionFactory-Created new connection: connectionFactory#7ab20a7:0/SimpleConnection@2fc70622 [delegate=amqp://guest@127.0.0.1:5672/, localPort=58457]
2025-08-224 09:10 c.e.o.OrdersystemApplication-Started OrdersystemApplication in 20.082 seconds (process running for 21.026)
2025-08-224 09:10 o.a.c.c.C.[Tomcat].[localhost].[/]-Initializing Spring DispatcherServlet 'dispatcherServlet'
2025-08-224 09:10 o.s.web.servlet.DispatcherServlet-Initializing Servlet 'dispatcherServlet'
2025-08-224 09:10 o.s.web.servlet.DispatcherServlet-Completed initialization in 1 ms
2025-08-224 09:11 o.s.d.w.c.SpringDataJacksonConfiguration$PageModule$WarningLoggingModifier-Serializing PageImpl instances as-is is not supported, meaning that there is no guarantee about the stability of the resulting JSON structure!
	For a stable JSON structure, please use Spring Data's PagedModel (globally via @EnableSpringDataWebSupport(pageSerializationMode = VIA_DTO))
	or Spring HATEOAS and Spring Data's PagedResourcesAssembler as documented in https://docs.spring.io/spring-data/commons/reference/repositories/core-extensions.html#core.web.pageables.

2025-08-224 09:20 o.h.validator.internal.util.Version-HV000001: Hibernate Validator 8.0.2.Final
2025-08-224 09:20 c.e.o.OrdersystemApplication-Starting OrdersystemApplication using Java 17.0.15 with PID 11676 (C:\Users\Playdata\Desktop\16\ordersystem\build\classes\java\main started by Playdata in C:\Users\Playdata\Desktop\16\ordersystem)
2025-08-224 09:20 c.e.o.OrdersystemApplication-The following 1 profile is active: "prod"
2025-08-224 09:20 o.s.d.r.c.RepositoryConfigurationDelegate-Multiple Spring Data modules found, entering strict repository configuration mode
2025-08-224 09:20 o.s.d.r.c.RepositoryConfigurationDelegate-Bootstrapping Spring Data JPA repositories in DEFAULT mode.
2025-08-224 09:20 o.s.d.r.c.RepositoryConfigurationDelegate-Finished Spring Data repository scanning in 274 ms. Found 4 JPA repository interfaces.
2025-08-224 09:20 o.s.d.r.c.RepositoryConfigurationDelegate-Multiple Spring Data modules found, entering strict repository configuration mode
2025-08-224 09:20 o.s.d.r.c.RepositoryConfigurationDelegate-Bootstrapping Spring Data Redis repositories in DEFAULT mode.
2025-08-224 09:20 o.s.d.r.c.RepositoryConfigurationExtensionSupport-Spring Data Redis - Could not safely identify store assignment for repository candidate interface com.example.ordersystem.member.repository.MemberRepository; If you want this repository to be a Redis repository, consider annotating your entities with one of these annotations: org.springframework.data.redis.core.RedisHash (preferred), or consider extending one of the following types with your repository: org.springframework.data.keyvalue.repository.KeyValueRepository
2025-08-224 09:20 o.s.d.r.c.RepositoryConfigurationExtensionSupport-Spring Data Redis - Could not safely identify store assignment for repository candidate interface com.example.ordersystem.ordering.repository.OrderDetailRepository; If you want this repository to be a Redis repository, consider annotating your entities with one of these annotations: org.springframework.data.redis.core.RedisHash (preferred), or consider extending one of the following types with your repository: org.springframework.data.keyvalue.repository.KeyValueRepository
2025-08-224 09:20 o.s.d.r.c.RepositoryConfigurationExtensionSupport-Spring Data Redis - Could not safely identify store assignment for repository candidate interface com.example.ordersystem.ordering.repository.OrderingRepository; If you want this repository to be a Redis repository, consider annotating your entities with one of these annotations: org.springframework.data.redis.core.RedisHash (preferred), or consider extending one of the following types with your repository: org.springframework.data.keyvalue.repository.KeyValueRepository
2025-08-224 09:20 o.s.d.r.c.RepositoryConfigurationExtensionSupport-Spring Data Redis - Could not safely identify store assignment for repository candidate interface com.example.ordersystem.product.repository.ProductRepository; If you want this repository to be a Redis repository, consider annotating your entities with one of these annotations: org.springframework.data.redis.core.RedisHash (preferred), or consider extending one of the following types with your repository: org.springframework.data.keyvalue.repository.KeyValueRepository
2025-08-224 09:20 o.s.d.r.c.RepositoryConfigurationDelegate-Finished Spring Data repository scanning in 24 ms. Found 0 Redis repository interfaces.
2025-08-224 09:20 o.s.b.w.e.tomcat.TomcatWebServer-Tomcat initialized with port 8080 (http)
2025-08-224 09:20 o.a.coyote.http11.Http11NioProtocol-Initializing ProtocolHandler ["http-nio-8080"]
2025-08-224 09:20 o.a.catalina.core.StandardService-Starting service [Tomcat]
2025-08-224 09:20 o.a.catalina.core.StandardEngine-Starting Servlet engine: [Apache Tomcat/10.1.43]
2025-08-224 09:20 o.a.c.c.C.[Tomcat].[localhost].[/]-Initializing Spring embedded WebApplicationContext
2025-08-224 09:20 o.s.b.w.s.c.ServletWebServerApplicationContext-Root WebApplicationContext: initialization completed in 4834 ms
2025-08-224 09:20 o.h.jpa.internal.util.LogHelper-HHH000204: Processing PersistenceUnitInfo [name: default]
2025-08-224 09:20 org.hibernate.Version-HHH000412: Hibernate ORM core version 6.6.22.Final
2025-08-224 09:20 o.h.c.i.RegionFactoryInitiator-HHH000026: Second-level cache disabled
2025-08-224 09:20 o.s.o.j.p.SpringPersistenceUnitInfo-No LoadTimeWeaver setup: ignoring JPA class transformer
2025-08-224 09:20 com.zaxxer.hikari.HikariDataSource-HikariPool-1 - Starting...
2025-08-224 09:20 com.zaxxer.hikari.pool.HikariPool-HikariPool-1 - Added connection org.mariadb.jdbc.Connection@3f6906f4
2025-08-224 09:20 com.zaxxer.hikari.HikariDataSource-HikariPool-1 - Start completed.
2025-08-224 09:20 org.hibernate.orm.deprecation-HHH90000025: MariaDBDialect does not need to be specified explicitly using 'hibernate.dialect' (remove the property setting and it will be selected by default)
2025-08-224 09:20 o.hibernate.orm.connections.pooling-HHH10001005: Database info:
	Database JDBC URL [Connecting through datasource 'HikariDataSource (HikariPool-1)']
	Database driver: undefined/unknown
	Database version: 11.7.2
	Autocommit mode: undefined/unknown
	Isolation level: undefined/unknown
	Minimum pool size: undefined/unknown
	Maximum pool size: undefined/unknown
2025-08-224 09:20 o.h.e.t.j.p.i.JtaPlatformInitiator-HHH000489: No JTA platform available (set 'hibernate.transaction.jta.platform' to enable JTA platform integration)
2025-08-224 09:20 o.s.o.j.LocalContainerEntityManagerFactoryBean-Initialized JPA EntityManagerFactory for persistence unit 'default'
2025-08-224 09:20 o.s.b.a.o.j.JpaBaseConfiguration$JpaWebConfiguration-spring.jpa.open-in-view is enabled by default. Therefore, database queries may be performed during view rendering. Explicitly configure spring.jpa.open-in-view to disable this warning
2025-08-224 09:20 o.s.b.a.s.s.UserDetailsServiceAutoConfiguration-

Using generated security password: a0e9317d-a8ff-45f4-9b36-c3e8e330ba57

This generated password is for development use only. Your security configuration must be updated before running your application in production.

2025-08-224 09:20 o.s.s.c.a.a.c.InitializeUserDetailsBeanManagerConfigurer$InitializeUserDetailsManagerConfigurer-Global AuthenticationManager configured with UserDetailsService bean with name inMemoryUserDetailsManager
2025-08-224 09:20 o.a.coyote.http11.Http11NioProtocol-Starting ProtocolHandler ["http-nio-8080"]
2025-08-224 09:20 o.s.b.w.e.tomcat.TomcatWebServer-Tomcat started on port 8080 (http) with context path '/'
2025-08-224 09:20 o.s.a.r.c.CachingConnectionFactory-Attempting to connect to: localhost:5672
2025-08-224 09:20 o.s.a.r.c.CachingConnectionFactory-Created new connection: connectionFactory#49976824:0/SimpleConnection@14a82ea [delegate=amqp://guest@127.0.0.1:5672/, localPort=58783]
2025-08-224 09:20 c.e.o.OrdersystemApplication-Started OrdersystemApplication in 12.9 seconds (process running for 24.9)
2025-08-224 09:32 o.a.c.c.C.[Tomcat].[localhost].[/]-Initializing Spring DispatcherServlet 'dispatcherServlet'
2025-08-224 09:32 o.s.web.servlet.DispatcherServlet-Initializing Servlet 'dispatcherServlet'
2025-08-224 09:32 o.s.web.servlet.DispatcherServlet-Completed initialization in 1 ms
2025-08-224 09:32 c.e.o.common.auth.JwtTokenFilter-JWT expired at 2025-08-11T22:53:44Z. Current time: 2025-08-12T00:32:55Z, a difference of 5951348 milliseconds.  Allowed clock skew: 0 milliseconds.
2025-08-224 09:32 c.e.o.common.auth.JwtTokenFilter-JWT expired at 2025-08-11T22:53:44Z. Current time: 2025-08-12T00:32:55Z, a difference of 5951348 milliseconds.  Allowed clock skew: 0 milliseconds.
2025-08-224 09:32 c.e.o.c.a.JwtAuthenticationHandler-Full authentication is required to access this resource
2025-08-224 09:32 c.e.o.common.auth.JwtTokenFilter-JWT expired at 2025-08-11T22:53:44Z. Current time: 2025-08-12T00:32:55Z, a difference of 5951380 milliseconds.  Allowed clock skew: 0 milliseconds.
2025-08-224 09:32 c.e.o.common.auth.JwtTokenFilter-JWT expired at 2025-08-11T22:53:44Z. Current time: 2025-08-12T00:32:55Z, a difference of 5951456 milliseconds.  Allowed clock skew: 0 milliseconds.
2025-08-224 09:32 c.e.o.common.auth.JwtTokenFilter-JWT expired at 2025-08-11T22:53:44Z. Current time: 2025-08-12T00:32:55Z, a difference of 5951461 milliseconds.  Allowed clock skew: 0 milliseconds.
2025-08-224 09:32 o.s.d.w.c.SpringDataJacksonConfiguration$PageModule$WarningLoggingModifier-Serializing PageImpl instances as-is is not supported, meaning that there is no guarantee about the stability of the resulting JSON structure!
	For a stable JSON structure, please use Spring Data's PagedModel (globally via @EnableSpringDataWebSupport(pageSerializationMode = VIA_DTO))
	or Spring HATEOAS and Spring Data's PagedResourcesAssembler as documented in https://docs.spring.io/spring-data/commons/reference/repositories/core-extensions.html#core.web.pageables.

2025-08-224 09:32 c.e.o.common.auth.JwtTokenFilter-JWT expired at 2025-08-11T22:53:44Z. Current time: 2025-08-12T00:32:55Z, a difference of 5951517 milliseconds.  Allowed clock skew: 0 milliseconds.
2025-08-224 09:32 c.e.o.common.auth.JwtTokenFilter-JWT expired at 2025-08-11T22:53:44Z. Current time: 2025-08-12T00:32:55Z, a difference of 5951520 milliseconds.  Allowed clock skew: 0 milliseconds.
2025-08-224 09:32 c.e.o.common.auth.JwtTokenFilter-JWT expired at 2025-08-11T22:53:44Z. Current time: 2025-08-12T00:32:55Z, a difference of 5951543 milliseconds.  Allowed clock skew: 0 milliseconds.
2025-08-224 09:32 c.e.o.common.auth.JwtTokenFilter-JWT expired at 2025-08-11T22:53:44Z. Current time: 2025-08-12T00:32:55Z, a difference of 5951547 milliseconds.  Allowed clock skew: 0 milliseconds.
2025-08-224 09:32 c.e.o.c.s.CommonExceptionHandler-잘못된 토큰입니다.
2025-08-224 09:34 c.e.o.c.s.CommonExceptionHandler-없는 id입니다.
2025-08-224 09:34 c.e.o.c.s.CommonExceptionHandler-없는 id입니다.
2025-08-224 09:34 c.e.o.c.s.CommonExceptionHandler-없는 id입니다.
2025-08-224 09:41 o.h.validator.internal.util.Version-HV000001: Hibernate Validator 8.0.2.Final
2025-08-224 09:41 c.e.o.OrdersystemApplication-Starting OrdersystemApplication using Java 17.0.15 with PID 3232 (C:\Users\Playdata\Desktop\16\ordersystem\build\classes\java\main started by Playdata in C:\Users\Playdata\Desktop\16\ordersystem)
2025-08-224 09:41 c.e.o.OrdersystemApplication-The following 1 profile is active: "prod"
2025-08-224 09:41 o.s.d.r.c.RepositoryConfigurationDelegate-Multiple Spring Data modules found, entering strict repository configuration mode
2025-08-224 09:41 o.s.d.r.c.RepositoryConfigurationDelegate-Bootstrapping Spring Data JPA repositories in DEFAULT mode.
2025-08-224 09:41 o.s.d.r.c.RepositoryConfigurationDelegate-Finished Spring Data repository scanning in 193 ms. Found 4 JPA repository interfaces.
2025-08-224 09:41 o.s.d.r.c.RepositoryConfigurationDelegate-Multiple Spring Data modules found, entering strict repository configuration mode
2025-08-224 09:41 o.s.d.r.c.RepositoryConfigurationDelegate-Bootstrapping Spring Data Redis repositories in DEFAULT mode.
2025-08-224 09:41 o.s.d.r.c.RepositoryConfigurationExtensionSupport-Spring Data Redis - Could not safely identify store assignment for repository candidate interface com.example.ordersystem.member.repository.MemberRepository; If you want this repository to be a Redis repository, consider annotating your entities with one of these annotations: org.springframework.data.redis.core.RedisHash (preferred), or consider extending one of the following types with your repository: org.springframework.data.keyvalue.repository.KeyValueRepository
2025-08-224 09:41 o.s.d.r.c.RepositoryConfigurationExtensionSupport-Spring Data Redis - Could not safely identify store assignment for repository candidate interface com.example.ordersystem.ordering.repository.OrderDetailRepository; If you want this repository to be a Redis repository, consider annotating your entities with one of these annotations: org.springframework.data.redis.core.RedisHash (preferred), or consider extending one of the following types with your repository: org.springframework.data.keyvalue.repository.KeyValueRepository
2025-08-224 09:41 o.s.d.r.c.RepositoryConfigurationExtensionSupport-Spring Data Redis - Could not safely identify store assignment for repository candidate interface com.example.ordersystem.ordering.repository.OrderingRepository; If you want this repository to be a Redis repository, consider annotating your entities with one of these annotations: org.springframework.data.redis.core.RedisHash (preferred), or consider extending one of the following types with your repository: org.springframework.data.keyvalue.repository.KeyValueRepository
2025-08-224 09:41 o.s.d.r.c.RepositoryConfigurationExtensionSupport-Spring Data Redis - Could not safely identify store assignment for repository candidate interface com.example.ordersystem.product.repository.ProductRepository; If you want this repository to be a Redis repository, consider annotating your entities with one of these annotations: org.springframework.data.redis.core.RedisHash (preferred), or consider extending one of the following types with your repository: org.springframework.data.keyvalue.repository.KeyValueRepository
2025-08-224 09:41 o.s.d.r.c.RepositoryConfigurationDelegate-Finished Spring Data repository scanning in 24 ms. Found 0 Redis repository interfaces.
2025-08-224 09:41 o.s.b.w.e.tomcat.TomcatWebServer-Tomcat initialized with port 8080 (http)
2025-08-224 09:41 o.a.coyote.http11.Http11NioProtocol-Initializing ProtocolHandler ["http-nio-8080"]
2025-08-224 09:41 o.a.catalina.core.StandardService-Starting service [Tomcat]
2025-08-224 09:41 o.a.catalina.core.StandardEngine-Starting Servlet engine: [Apache Tomcat/10.1.43]
2025-08-224 09:41 o.a.c.c.C.[Tomcat].[localhost].[/]-Initializing Spring embedded WebApplicationContext
2025-08-224 09:41 o.s.b.w.s.c.ServletWebServerApplicationContext-Root WebApplicationContext: initialization completed in 2575 ms
2025-08-224 09:41 o.h.jpa.internal.util.LogHelper-HHH000204: Processing PersistenceUnitInfo [name: default]
2025-08-224 09:41 org.hibernate.Version-HHH000412: Hibernate ORM core version 6.6.22.Final
2025-08-224 09:41 o.h.c.i.RegionFactoryInitiator-HHH000026: Second-level cache disabled
2025-08-224 09:41 o.s.o.j.p.SpringPersistenceUnitInfo-No LoadTimeWeaver setup: ignoring JPA class transformer
2025-08-224 09:41 com.zaxxer.hikari.HikariDataSource-HikariPool-1 - Starting...
2025-08-224 09:41 com.zaxxer.hikari.pool.HikariPool-HikariPool-1 - Added connection org.mariadb.jdbc.Connection@1534bdc6
2025-08-224 09:41 com.zaxxer.hikari.HikariDataSource-HikariPool-1 - Start completed.
2025-08-224 09:41 org.hibernate.orm.deprecation-HHH90000025: MariaDBDialect does not need to be specified explicitly using 'hibernate.dialect' (remove the property setting and it will be selected by default)
2025-08-224 09:41 o.hibernate.orm.connections.pooling-HHH10001005: Database info:
	Database JDBC URL [Connecting through datasource 'HikariDataSource (HikariPool-1)']
	Database driver: undefined/unknown
	Database version: 11.7.2
	Autocommit mode: undefined/unknown
	Isolation level: undefined/unknown
	Minimum pool size: undefined/unknown
	Maximum pool size: undefined/unknown
2025-08-224 09:41 o.h.e.t.j.p.i.JtaPlatformInitiator-HHH000489: No JTA platform available (set 'hibernate.transaction.jta.platform' to enable JTA platform integration)
2025-08-224 09:41 o.s.o.j.LocalContainerEntityManagerFactoryBean-Initialized JPA EntityManagerFactory for persistence unit 'default'
2025-08-224 09:41 o.s.b.a.o.j.JpaBaseConfiguration$JpaWebConfiguration-spring.jpa.open-in-view is enabled by default. Therefore, database queries may be performed during view rendering. Explicitly configure spring.jpa.open-in-view to disable this warning
2025-08-224 09:41 o.s.b.a.s.s.UserDetailsServiceAutoConfiguration-

Using generated security password: a9c4deba-26e8-412e-a987-82f0839ce93c

This generated password is for development use only. Your security configuration must be updated before running your application in production.

2025-08-224 09:41 o.s.s.c.a.a.c.InitializeUserDetailsBeanManagerConfigurer$InitializeUserDetailsManagerConfigurer-Global AuthenticationManager configured with UserDetailsService bean with name inMemoryUserDetailsManager
2025-08-224 09:41 o.a.coyote.http11.Http11NioProtocol-Starting ProtocolHandler ["http-nio-8080"]
2025-08-224 09:41 o.s.b.w.e.tomcat.TomcatWebServer-Tomcat started on port 8080 (http) with context path '/'
2025-08-224 09:41 o.s.a.r.c.CachingConnectionFactory-Attempting to connect to: localhost:5672
2025-08-224 09:41 o.s.a.r.c.CachingConnectionFactory-Created new connection: connectionFactory#3638a852:0/SimpleConnection@35798cd0 [delegate=amqp://guest@127.0.0.1:5672/, localPort=59055]
2025-08-224 09:41 c.e.o.OrdersystemApplication-Started OrdersystemApplication in 9.465 seconds (process running for 10.139)
2025-08-224 09:41 o.a.c.c.C.[Tomcat].[localhost].[/]-Initializing Spring DispatcherServlet 'dispatcherServlet'
2025-08-224 09:41 o.s.web.servlet.DispatcherServlet-Initializing Servlet 'dispatcherServlet'
2025-08-224 09:41 o.s.web.servlet.DispatcherServlet-Completed initialization in 12 ms
2025-08-224 09:42 o.s.d.w.c.SpringDataJacksonConfiguration$PageModule$WarningLoggingModifier-Serializing PageImpl instances as-is is not supported, meaning that there is no guarantee about the stability of the resulting JSON structure!
	For a stable JSON structure, please use Spring Data's PagedModel (globally via @EnableSpringDataWebSupport(pageSerializationMode = VIA_DTO))
	or Spring HATEOAS and Spring Data's PagedResourcesAssembler as documented in https://docs.spring.io/spring-data/commons/reference/repositories/core-extensions.html#core.web.pageables.

2025-08-224 11:17 c.e.o.common.auth.JwtTokenFilter-JWT expired at 2025-08-12T00:25:35Z. Current time: 2025-08-12T02:17:25Z, a difference of 6710699 milliseconds.  Allowed clock skew: 0 milliseconds.
2025-08-224 11:17 c.e.o.c.a.JwtAuthenticationHandler-Full authentication is required to access this resource
2025-08-224 11:17 c.e.o.common.auth.JwtTokenFilter-JWT expired at 2025-08-12T00:25:35Z. Current time: 2025-08-12T02:17:53Z, a difference of 6738913 milliseconds.  Allowed clock skew: 0 milliseconds.
2025-08-224 11:17 c.e.o.c.a.JwtAuthenticationHandler-Full authentication is required to access this resource
2025-08-224 12:42 com.zaxxer.hikari.pool.HikariPool-HikariPool-1 - Thread starvation or clock leap detected (housekeeper delta=1m19s526ms995µs).
2025-08-224 13:59 com.zaxxer.hikari.pool.HikariPool-HikariPool-1 - Thread starvation or clock leap detected (housekeeper delta=1h10m6s796ms140µs300ns).
2025-08-224 15:01 com.zaxxer.hikari.pool.HikariPool-HikariPool-1 - Thread starvation or clock leap detected (housekeeper delta=7m57s794ms649µs700ns).
2025-08-224 16:01 com.zaxxer.hikari.pool.HikariPool-HikariPool-1 - Thread starvation or clock leap detected (housekeeper delta=8m3s798ms290µs800ns).
2025-08-224 17:01 com.zaxxer.hikari.pool.HikariPool-HikariPool-1 - Thread starvation or clock leap detected (housekeeper delta=11m30s615ms627µs200ns).
2025-08-224 17:02 o.s.a.r.l.SimpleMessageListenerContainer-Consumer raised exception, processing can restart if the connection factory supports it
com.rabbitmq.client.ShutdownSignalException: connection error; protocol method: #method<connection.close>(reply-code=320, reply-text=CONNECTION_FORCED - broker forced connection closure with reason 'shutdown', class-id=0, method-id=0)
	at com.rabbitmq.client.impl.AMQConnection.startShutdown(AMQConnection.java:1007)
	at com.rabbitmq.client.impl.AMQConnection.shutdown(AMQConnection.java:997)
	at com.rabbitmq.client.impl.AMQConnection.handleConnectionClose(AMQConnection.java:935)
	at com.rabbitmq.client.impl.AMQConnection.processControlCommand(AMQConnection.java:890)
	at com.rabbitmq.client.impl.AMQConnection$1.processAsync(AMQConnection.java:275)
	at com.rabbitmq.client.impl.AMQChannel.handleCompleteInboundCommand(AMQChannel.java:193)
	at com.rabbitmq.client.impl.AMQChannel.handleFrame(AMQChannel.java:125)
	at com.rabbitmq.client.impl.AMQConnection.readFrame(AMQConnection.java:741)
	at com.rabbitmq.client.impl.AMQConnection.access$400(AMQConnection.java:48)
	at com.rabbitmq.client.impl.AMQConnection$MainLoop.run(AMQConnection.java:688)
	at java.base/java.lang.Thread.run(Thread.java:840)
2025-08-224 17:02 o.s.a.r.l.SimpleMessageListenerContainer-Restarting Consumer@2945a3c1: tags=[[amq.ctag-Gqk744sQy_AEyyzBlC7Mlw]], channel=Cached Rabbit Channel: AMQChannel(amqp://guest@127.0.0.1:5672/,1), conn: Proxy@49bf6f8c Shared Rabbit Connection: SimpleConnection@35798cd0 [delegate=amqp://guest@127.0.0.1:5672/, localPort=59055], acknowledgeMode=AUTO local queue size=0
2025-08-224 17:02 o.s.a.r.c.CachingConnectionFactory-Attempting to connect to: localhost:5672
2025-08-224 17:02 o.s.a.r.l.SimpleMessageListenerContainer-Failed to check/redeclare auto-delete queue(s).
org.springframework.amqp.AmqpIOException: java.io.IOException
	at org.springframework.amqp.rabbit.support.RabbitExceptionTranslator.convertRabbitAccessException(RabbitExceptionTranslator.java:70)
	at org.springframework.amqp.rabbit.connection.AbstractConnectionFactory.createBareConnection(AbstractConnectionFactory.java:632)
	at org.springframework.amqp.rabbit.connection.CachingConnectionFactory.createConnection(CachingConnectionFactory.java:726)
	at org.springframework.amqp.rabbit.connection.CachingConnectionFactory.createBareChannel(CachingConnectionFactory.java:671)
	at org.springframework.amqp.rabbit.connection.CachingConnectionFactory.getCachedChannelProxy(CachingConnectionFactory.java:644)
	at org.springframework.amqp.rabbit.connection.CachingConnectionFactory.getChannel(CachingConnectionFactory.java:533)
	at org.springframework.amqp.rabbit.connection.CachingConnectionFactory$ChannelCachingConnectionProxy.createChannel(CachingConnectionFactory.java:1484)
	at org.springframework.amqp.rabbit.core.RabbitTemplate.doExecute(RabbitTemplate.java:2268)
	at org.springframework.amqp.rabbit.core.RabbitTemplate.execute(RabbitTemplate.java:2235)
	at org.springframework.amqp.rabbit.core.RabbitTemplate.execute(RabbitTemplate.java:2215)
	at org.springframework.amqp.rabbit.core.RabbitAdmin.getQueueInfo(RabbitAdmin.java:467)
	at org.springframework.amqp.rabbit.core.RabbitAdmin.getQueueProperties(RabbitAdmin.java:451)
	at org.springframework.amqp.rabbit.listener.AbstractMessageListenerContainer.attemptDeclarations(AbstractMessageListenerContainer.java:1972)
	at org.springframework.amqp.rabbit.listener.AbstractMessageListenerContainer.redeclareElementsIfNecessary(AbstractMessageListenerContainer.java:1936)
	at org.springframework.amqp.rabbit.listener.SimpleMessageListenerContainer$AsyncMessageProcessingConsumer.initialize(SimpleMessageListenerContainer.java:1481)
	at org.springframework.amqp.rabbit.listener.SimpleMessageListenerContainer$AsyncMessageProcessingConsumer.run(SimpleMessageListenerContainer.java:1322)
	at java.base/java.lang.Thread.run(Thread.java:840)
Caused by: java.io.IOException: null
	at com.rabbitmq.client.impl.AMQChannel.wrap(AMQChannel.java:140)
	at com.rabbitmq.client.impl.AMQChannel.wrap(AMQChannel.java:136)
	at com.rabbitmq.client.impl.AMQConnection.start(AMQConnection.java:406)
	at com.rabbitmq.client.ConnectionFactory.newConnection(ConnectionFactory.java:1251)
	at com.rabbitmq.client.ConnectionFactory.newConnection(ConnectionFactory.java:1198)
	at com.rabbitmq.client.ConnectionFactory.newConnection(ConnectionFactory.java:1369)
	at org.springframework.amqp.rabbit.connection.AbstractConnectionFactory.connectHostPort(AbstractConnectionFactory.java:695)
	at org.springframework.amqp.rabbit.connection.AbstractConnectionFactory.connect(AbstractConnectionFactory.java:650)
	at org.springframework.amqp.rabbit.connection.AbstractConnectionFactory.createBareConnection(AbstractConnectionFactory.java:593)
	... 15 common frames omitted
Caused by: com.rabbitmq.client.ShutdownSignalException: connection error
	at com.rabbitmq.utility.ValueOrException.getValue(ValueOrException.java:66)
	at com.rabbitmq.utility.BlockingValueOrException.uninterruptibleGetValue(BlockingValueOrException.java:36)
	at com.rabbitmq.client.impl.AMQChannel$BlockingRpcContinuation.getReply(AMQChannel.java:552)
	at com.rabbitmq.client.impl.AMQConnection.start(AMQConnection.java:336)
	... 21 common frames omitted
Caused by: java.io.EOFException: null
	at java.base/java.io.DataInputStream.readUnsignedByte(DataInputStream.java:290)
	at com.rabbitmq.client.impl.Frame.readFrom(Frame.java:91)
	at com.rabbitmq.client.impl.SocketFrameHandler.readFrame(SocketFrameHandler.java:199)
	at com.rabbitmq.client.impl.AMQConnection$MainLoop.run(AMQConnection.java:687)
	... 1 common frames omitted
2025-08-224 17:02 o.s.a.r.c.CachingConnectionFactory-Attempting to connect to: localhost:5672
2025-08-224 17:02 i.l.core.protocol.ConnectionWatchdog-Reconnecting, last destination was localhost/127.0.0.1:6379
2025-08-224 17:02 i.l.core.protocol.ConnectionWatchdog-Reconnecting, last destination was localhost/127.0.0.1:6379
2025-08-224 17:02 i.l.core.protocol.ConnectionWatchdog-Reconnecting, last destination was localhost/127.0.0.1:6379
2025-08-224 17:02 i.l.core.protocol.ConnectionWatchdog-Reconnecting, last destination was localhost/127.0.0.1:6379
2025-08-224 17:02 i.l.core.protocol.ConnectionWatchdog-Cannot reconnect to [localhost/<unresolved>:6379]: Connection closed prematurely
io.lettuce.core.RedisConnectionException: Connection closed prematurely
	at io.lettuce.core.protocol.RedisHandshakeHandler.channelInactive(RedisHandshakeHandler.java:76)
	at io.netty.channel.AbstractChannelHandlerContext.invokeChannelInactive(AbstractChannelHandlerContext.java:303)
	at io.netty.channel.AbstractChannelHandlerContext.invokeChannelInactive(AbstractChannelHandlerContext.java:281)
	at io.netty.channel.AbstractChannelHandlerContext.fireChannelInactive(AbstractChannelHandlerContext.java:274)
	at io.netty.channel.ChannelInboundHandlerAdapter.channelInactive(ChannelInboundHandlerAdapter.java:81)
	at io.lettuce.core.ChannelGroupListener.channelInactive(ChannelGroupListener.java:54)
	at io.netty.channel.AbstractChannelHandlerContext.invokeChannelInactive(AbstractChannelHandlerContext.java:303)
	at io.netty.channel.AbstractChannelHandlerContext.invokeChannelInactive(AbstractChannelHandlerContext.java:281)
	at io.netty.channel.AbstractChannelHandlerContext.fireChannelInactive(AbstractChannelHandlerContext.java:274)
	at io.netty.channel.DefaultChannelPipeline$HeadContext.channelInactive(DefaultChannelPipeline.java:1352)
	at io.netty.channel.AbstractChannelHandlerContext.invokeChannelInactive(AbstractChannelHandlerContext.java:301)
	at io.netty.channel.AbstractChannelHandlerContext.invokeChannelInactive(AbstractChannelHandlerContext.java:281)
	at io.netty.channel.DefaultChannelPipeline.fireChannelInactive(DefaultChannelPipeline.java:850)
	at io.netty.channel.AbstractChannel$AbstractUnsafe$7.run(AbstractChannel.java:811)
	at io.netty.util.concurrent.AbstractEventExecutor.runTask(AbstractEventExecutor.java:173)
	at io.netty.util.concurrent.AbstractEventExecutor.safeExecute(AbstractEventExecutor.java:166)
	at io.netty.util.concurrent.SingleThreadEventExecutor.runAllTasks(SingleThreadEventExecutor.java:472)
	at io.netty.channel.nio.NioEventLoop.run(NioEventLoop.java:566)
	at io.netty.util.concurrent.SingleThreadEventExecutor$4.run(SingleThreadEventExecutor.java:998)
	at io.netty.util.internal.ThreadExecutorMap$2.run(ThreadExecutorMap.java:74)
	at io.netty.util.concurrent.FastThreadLocalRunnable.run(FastThreadLocalRunnable.java:30)
	at java.base/java.lang.Thread.run(Thread.java:840)
2025-08-224 17:02 i.l.core.protocol.ConnectionWatchdog-Cannot reconnect to [localhost/<unresolved>:6379]: Connection closed prematurely
io.lettuce.core.RedisConnectionException: Connection closed prematurely
	at io.lettuce.core.protocol.RedisHandshakeHandler.channelInactive(RedisHandshakeHandler.java:76)
	at io.netty.channel.AbstractChannelHandlerContext.invokeChannelInactive(AbstractChannelHandlerContext.java:303)
	at io.netty.channel.AbstractChannelHandlerContext.invokeChannelInactive(AbstractChannelHandlerContext.java:281)
	at io.netty.channel.AbstractChannelHandlerContext.fireChannelInactive(AbstractChannelHandlerContext.java:274)
	at io.netty.channel.ChannelInboundHandlerAdapter.channelInactive(ChannelInboundHandlerAdapter.java:81)
	at io.lettuce.core.ChannelGroupListener.channelInactive(ChannelGroupListener.java:54)
	at io.netty.channel.AbstractChannelHandlerContext.invokeChannelInactive(AbstractChannelHandlerContext.java:303)
	at io.netty.channel.AbstractChannelHandlerContext.invokeChannelInactive(AbstractChannelHandlerContext.java:281)
	at io.netty.channel.AbstractChannelHandlerContext.fireChannelInactive(AbstractChannelHandlerContext.java:274)
	at io.netty.channel.DefaultChannelPipeline$HeadContext.channelInactive(DefaultChannelPipeline.java:1352)
	at io.netty.channel.AbstractChannelHandlerContext.invokeChannelInactive(AbstractChannelHandlerContext.java:301)
	at io.netty.channel.AbstractChannelHandlerContext.invokeChannelInactive(AbstractChannelHandlerContext.java:281)
	at io.netty.channel.DefaultChannelPipeline.fireChannelInactive(DefaultChannelPipeline.java:850)
	at io.netty.channel.AbstractChannel$AbstractUnsafe$7.run(AbstractChannel.java:811)
	at io.netty.util.concurrent.AbstractEventExecutor.runTask(AbstractEventExecutor.java:173)
	at io.netty.util.concurrent.AbstractEventExecutor.safeExecute(AbstractEventExecutor.java:166)
	at io.netty.util.concurrent.SingleThreadEventExecutor.runAllTasks(SingleThreadEventExecutor.java:472)
	at io.netty.channel.nio.NioEventLoop.run(NioEventLoop.java:566)
	at io.netty.util.concurrent.SingleThreadEventExecutor$4.run(SingleThreadEventExecutor.java:998)
	at io.netty.util.internal.ThreadExecutorMap$2.run(ThreadExecutorMap.java:74)
	at io.netty.util.concurrent.FastThreadLocalRunnable.run(FastThreadLocalRunnable.java:30)
	at java.base/java.lang.Thread.run(Thread.java:840)
2025-08-224 17:02 i.l.core.protocol.ConnectionWatchdog-Cannot reconnect to [localhost/<unresolved>:6379]: Connection closed prematurely
io.lettuce.core.RedisConnectionException: Connection closed prematurely
	at io.lettuce.core.protocol.RedisHandshakeHandler.channelInactive(RedisHandshakeHandler.java:76)
	at io.netty.channel.AbstractChannelHandlerContext.invokeChannelInactive(AbstractChannelHandlerContext.java:303)
	at io.netty.channel.AbstractChannelHandlerContext.invokeChannelInactive(AbstractChannelHandlerContext.java:281)
	at io.netty.channel.AbstractChannelHandlerContext.fireChannelInactive(AbstractChannelHandlerContext.java:274)
	at io.netty.channel.ChannelInboundHandlerAdapter.channelInactive(ChannelInboundHandlerAdapter.java:81)
	at io.lettuce.core.ChannelGroupListener.channelInactive(ChannelGroupListener.java:54)
	at io.netty.channel.AbstractChannelHandlerContext.invokeChannelInactive(AbstractChannelHandlerContext.java:303)
	at io.netty.channel.AbstractChannelHandlerContext.invokeChannelInactive(AbstractChannelHandlerContext.java:281)
	at io.netty.channel.AbstractChannelHandlerContext.fireChannelInactive(AbstractChannelHandlerContext.java:274)
	at io.netty.channel.DefaultChannelPipeline$HeadContext.channelInactive(DefaultChannelPipeline.java:1352)
	at io.netty.channel.AbstractChannelHandlerContext.invokeChannelInactive(AbstractChannelHandlerContext.java:301)
	at io.netty.channel.AbstractChannelHandlerContext.invokeChannelInactive(AbstractChannelHandlerContext.java:281)
	at io.netty.channel.DefaultChannelPipeline.fireChannelInactive(DefaultChannelPipeline.java:850)
	at io.netty.channel.AbstractChannel$AbstractUnsafe$7.run(AbstractChannel.java:811)
	at io.netty.util.concurrent.AbstractEventExecutor.runTask(AbstractEventExecutor.java:173)
	at io.netty.util.concurrent.AbstractEventExecutor.safeExecute(AbstractEventExecutor.java:166)
	at io.netty.util.concurrent.SingleThreadEventExecutor.runAllTasks(SingleThreadEventExecutor.java:472)
	at io.netty.channel.nio.NioEventLoop.run(NioEventLoop.java:566)
	at io.netty.util.concurrent.SingleThreadEventExecutor$4.run(SingleThreadEventExecutor.java:998)
	at io.netty.util.internal.ThreadExecutorMap$2.run(ThreadExecutorMap.java:74)
	at io.netty.util.concurrent.FastThreadLocalRunnable.run(FastThreadLocalRunnable.java:30)
	at java.base/java.lang.Thread.run(Thread.java:840)
2025-08-224 17:02 i.l.core.protocol.ConnectionWatchdog-Cannot reconnect to [localhost/<unresolved>:6379]: Connection closed prematurely
io.lettuce.core.RedisConnectionException: Connection closed prematurely
	at io.lettuce.core.protocol.RedisHandshakeHandler.channelInactive(RedisHandshakeHandler.java:76)
	at io.netty.channel.AbstractChannelHandlerContext.invokeChannelInactive(AbstractChannelHandlerContext.java:303)
	at io.netty.channel.AbstractChannelHandlerContext.invokeChannelInactive(AbstractChannelHandlerContext.java:281)
	at io.netty.channel.AbstractChannelHandlerContext.fireChannelInactive(AbstractChannelHandlerContext.java:274)
	at io.netty.channel.ChannelInboundHandlerAdapter.channelInactive(ChannelInboundHandlerAdapter.java:81)
	at io.lettuce.core.ChannelGroupListener.channelInactive(ChannelGroupListener.java:54)
	at io.netty.channel.AbstractChannelHandlerContext.invokeChannelInactive(AbstractChannelHandlerContext.java:303)
	at io.netty.channel.AbstractChannelHandlerContext.invokeChannelInactive(AbstractChannelHandlerContext.java:281)
	at io.netty.channel.AbstractChannelHandlerContext.fireChannelInactive(AbstractChannelHandlerContext.java:274)
	at io.netty.channel.DefaultChannelPipeline$HeadContext.channelInactive(DefaultChannelPipeline.java:1352)
	at io.netty.channel.AbstractChannelHandlerContext.invokeChannelInactive(AbstractChannelHandlerContext.java:301)
	at io.netty.channel.AbstractChannelHandlerContext.invokeChannelInactive(AbstractChannelHandlerContext.java:281)
	at io.netty.channel.DefaultChannelPipeline.fireChannelInactive(DefaultChannelPipeline.java:850)
	at io.netty.channel.AbstractChannel$AbstractUnsafe$7.run(AbstractChannel.java:811)
	at io.netty.util.concurrent.AbstractEventExecutor.runTask(AbstractEventExecutor.java:173)
	at io.netty.util.concurrent.AbstractEventExecutor.safeExecute(AbstractEventExecutor.java:166)
	at io.netty.util.concurrent.SingleThreadEventExecutor.runAllTasks(SingleThreadEventExecutor.java:472)
	at io.netty.channel.nio.NioEventLoop.run(NioEventLoop.java:566)
	at io.netty.util.concurrent.SingleThreadEventExecutor$4.run(SingleThreadEventExecutor.java:998)
	at io.netty.util.internal.ThreadExecutorMap$2.run(ThreadExecutorMap.java:74)
	at io.netty.util.concurrent.FastThreadLocalRunnable.run(FastThreadLocalRunnable.java:30)
	at java.base/java.lang.Thread.run(Thread.java:840)
2025-08-224 17:02 o.s.a.r.l.SimpleMessageListenerContainer-Consumer raised exception, processing can restart if the connection factory supports it
org.springframework.amqp.AmqpIOException: java.io.IOException
	at org.springframework.amqp.rabbit.support.RabbitExceptionTranslator.convertRabbitAccessException(RabbitExceptionTranslator.java:70)
	at org.springframework.amqp.rabbit.connection.AbstractConnectionFactory.createBareConnection(AbstractConnectionFactory.java:632)
	at org.springframework.amqp.rabbit.connection.CachingConnectionFactory.createConnection(CachingConnectionFactory.java:726)
	at org.springframework.amqp.rabbit.connection.ConnectionFactoryUtils.createConnection(ConnectionFactoryUtils.java:257)
	at org.springframework.amqp.rabbit.connection.ConnectionFactoryUtils$RabbitResourceFactory.createConnection(ConnectionFactoryUtils.java:345)
	at org.springframework.amqp.rabbit.connection.ConnectionFactoryUtils.doGetTransactionalResourceHolder(ConnectionFactoryUtils.java:140)
	at org.springframework.amqp.rabbit.connection.ConnectionFactoryUtils.getTransactionalResourceHolder(ConnectionFactoryUtils.java:102)
	at org.springframework.amqp.rabbit.connection.ConnectionFactoryUtils.getTransactionalResourceHolder(ConnectionFactoryUtils.java:85)
	at org.springframework.amqp.rabbit.listener.BlockingQueueConsumer.start(BlockingQueueConsumer.java:625)
	at org.springframework.amqp.rabbit.listener.SimpleMessageListenerContainer$AsyncMessageProcessingConsumer.initialize(SimpleMessageListenerContainer.java:1482)
	at org.springframework.amqp.rabbit.listener.SimpleMessageListenerContainer$AsyncMessageProcessingConsumer.run(SimpleMessageListenerContainer.java:1322)
	at java.base/java.lang.Thread.run(Thread.java:840)
Caused by: java.io.IOException: null
	at com.rabbitmq.client.impl.AMQChannel.wrap(AMQChannel.java:140)
	at com.rabbitmq.client.impl.AMQChannel.wrap(AMQChannel.java:136)
	at com.rabbitmq.client.impl.AMQConnection.start(AMQConnection.java:406)
	at com.rabbitmq.client.ConnectionFactory.newConnection(ConnectionFactory.java:1251)
	at com.rabbitmq.client.ConnectionFactory.newConnection(ConnectionFactory.java:1198)
	at com.rabbitmq.client.ConnectionFactory.newConnection(ConnectionFactory.java:1369)
	at org.springframework.amqp.rabbit.connection.AbstractConnectionFactory.connectHostPort(AbstractConnectionFactory.java:695)
	at org.springframework.amqp.rabbit.connection.AbstractConnectionFactory.connect(AbstractConnectionFactory.java:650)
	at org.springframework.amqp.rabbit.connection.AbstractConnectionFactory.createBareConnection(AbstractConnectionFactory.java:593)
	... 10 common frames omitted
Caused by: com.rabbitmq.client.ShutdownSignalException: connection error
	at com.rabbitmq.utility.ValueOrException.getValue(ValueOrException.java:66)
	at com.rabbitmq.utility.BlockingValueOrException.uninterruptibleGetValue(BlockingValueOrException.java:36)
	at com.rabbitmq.client.impl.AMQChannel$BlockingRpcContinuation.getReply(AMQChannel.java:552)
	at com.rabbitmq.client.impl.AMQConnection.start(AMQConnection.java:336)
	... 16 common frames omitted
Caused by: java.io.EOFException: null
	at java.base/java.io.DataInputStream.readUnsignedByte(DataInputStream.java:290)
	at com.rabbitmq.client.impl.Frame.readFrom(Frame.java:91)
	at com.rabbitmq.client.impl.SocketFrameHandler.readFrame(SocketFrameHandler.java:199)
	at com.rabbitmq.client.impl.AMQConnection$MainLoop.run(AMQConnection.java:687)
	... 1 common frames omitted
2025-08-224 17:02 o.s.a.r.l.SimpleMessageListenerContainer-Restarting Consumer@494ea295: tags=[[]], channel=null, acknowledgeMode=AUTO local queue size=0
2025-08-224 17:02 o.s.a.r.c.CachingConnectionFactory-Attempting to connect to: localhost:5672
2025-08-224 17:02 o.s.a.r.l.SimpleMessageListenerContainer-Failed to check/redeclare auto-delete queue(s).
2025-08-224 17:02 o.s.a.r.c.CachingConnectionFactory-Attempting to connect to: localhost:5672
2025-08-224 17:02 i.l.core.protocol.ConnectionWatchdog-Reconnecting, last destination was localhost/<unresolved>:6379
2025-08-224 17:02 i.l.core.protocol.ConnectionWatchdog-Reconnecting, last destination was localhost/<unresolved>:6379
2025-08-224 17:02 i.l.core.protocol.ConnectionWatchdog-Cannot reconnect to [localhost/<unresolved>:6379]: Connection refused: getsockopt: localhost/127.0.0.1:6379
2025-08-224 17:02 i.l.core.protocol.ConnectionWatchdog-Cannot reconnect to [localhost/<unresolved>:6379]: Connection refused: getsockopt: localhost/127.0.0.1:6379
2025-08-224 17:02 o.s.a.r.l.SimpleMessageListenerContainer-Consumer raised exception, processing can restart if the connection factory supports it. Exception summary: org.springframework.amqp.AmqpConnectException: java.net.ConnectException: Connection refused: getsockopt
2025-08-224 17:02 o.s.a.r.l.SimpleMessageListenerContainer-Restarting Consumer@5043f949: tags=[[]], channel=null, acknowledgeMode=AUTO local queue size=0
2025-08-224 17:02 o.s.a.r.c.CachingConnectionFactory-Attempting to connect to: localhost:5672
2025-08-224 17:02 o.s.a.r.l.SimpleMessageListenerContainer-Failed to check/redeclare auto-delete queue(s).
2025-08-224 17:02 o.s.a.r.c.CachingConnectionFactory-Attempting to connect to: localhost:5672
2025-08-224 17:02 i.l.core.protocol.ConnectionWatchdog-Reconnecting, last destination was localhost/<unresolved>:6379
2025-08-224 17:02 i.l.core.protocol.ConnectionWatchdog-Reconnecting, last destination was localhost/<unresolved>:6379
2025-08-224 17:02 i.l.core.protocol.ConnectionWatchdog-Cannot reconnect to [localhost/<unresolved>:6379]: Connection refused: getsockopt: localhost/127.0.0.1:6379
2025-08-224 17:02 i.l.core.protocol.ConnectionWatchdog-Cannot reconnect to [localhost/<unresolved>:6379]: Connection refused: getsockopt: localhost/127.0.0.1:6379
2025-08-224 17:02 o.s.a.r.l.SimpleMessageListenerContainer-Consumer raised exception, processing can restart if the connection factory supports it. Exception summary: org.springframework.amqp.AmqpConnectException: java.net.ConnectException: Connection refused: getsockopt
2025-08-224 17:02 o.s.a.r.l.SimpleMessageListenerContainer-Restarting Consumer@6c3aed47: tags=[[]], channel=null, acknowledgeMode=AUTO local queue size=0
2025-08-224 17:02 o.s.a.r.c.CachingConnectionFactory-Attempting to connect to: localhost:5672
2025-08-224 17:02 o.s.a.r.l.SimpleMessageListenerContainer-Failed to check/redeclare auto-delete queue(s).
2025-08-224 17:02 o.s.a.r.c.CachingConnectionFactory-Attempting to connect to: localhost:5672
2025-08-224 17:02 i.l.core.protocol.ConnectionWatchdog-Reconnecting, last destination was localhost/<unresolved>:6379
2025-08-224 17:02 i.l.core.protocol.ConnectionWatchdog-Reconnecting, last destination was localhost/<unresolved>:6379
2025-08-224 17:02 i.l.core.protocol.ConnectionWatchdog-Cannot reconnect to [localhost/<unresolved>:6379]: Connection refused: getsockopt: localhost/127.0.0.1:6379
2025-08-224 17:02 i.l.core.protocol.ConnectionWatchdog-Cannot reconnect to [localhost/<unresolved>:6379]: Connection refused: getsockopt: localhost/127.0.0.1:6379
2025-08-224 17:02 o.s.a.r.l.SimpleMessageListenerContainer-Consumer raised exception, processing can restart if the connection factory supports it. Exception summary: org.springframework.amqp.AmqpConnectException: java.net.ConnectException: Connection refused: getsockopt
2025-08-224 17:02 o.s.a.r.l.SimpleMessageListenerContainer-Restarting Consumer@76f407bc: tags=[[]], channel=null, acknowledgeMode=AUTO local queue size=0
2025-08-224 17:02 o.s.a.r.c.CachingConnectionFactory-Attempting to connect to: localhost:5672
2025-08-224 17:02 i.l.core.protocol.ConnectionWatchdog-Reconnecting, last destination was localhost/<unresolved>:6379
2025-08-224 17:02 i.l.core.protocol.ConnectionWatchdog-Cannot reconnect to [localhost/<unresolved>:6379]: Connection refused: getsockopt: localhost/127.0.0.1:6379
2025-08-224 17:02 o.s.a.r.l.SimpleMessageListenerContainer-Failed to check/redeclare auto-delete queue(s).
2025-08-224 17:02 o.s.a.r.c.CachingConnectionFactory-Attempting to connect to: localhost:5672
2025-08-224 17:02 i.l.core.protocol.ConnectionWatchdog-Reconnecting, last destination was localhost/<unresolved>:6379
2025-08-224 17:02 i.l.core.protocol.ConnectionWatchdog-Cannot reconnect to [localhost/<unresolved>:6379]: Connection refused: getsockopt: localhost/127.0.0.1:6379
2025-08-224 17:02 o.s.a.r.l.SimpleMessageListenerContainer-Consumer raised exception, processing can restart if the connection factory supports it. Exception summary: org.springframework.amqp.AmqpConnectException: java.net.ConnectException: Connection refused: getsockopt
2025-08-224 17:02 o.s.a.r.l.SimpleMessageListenerContainer-Restarting Consumer@349ab6a8: tags=[[]], channel=null, acknowledgeMode=AUTO local queue size=0
2025-08-224 17:02 o.s.a.r.c.CachingConnectionFactory-Attempting to connect to: localhost:5672
2025-08-224 17:02 o.s.a.r.l.SimpleMessageListenerContainer-Failed to check/redeclare auto-delete queue(s).
2025-08-224 17:02 o.s.a.r.c.CachingConnectionFactory-Attempting to connect to: localhost:5672
2025-08-224 17:02 o.s.a.r.l.SimpleMessageListenerContainer-Consumer raised exception, processing can restart if the connection factory supports it. Exception summary: org.springframework.amqp.AmqpConnectException: java.net.ConnectException: Connection refused: getsockopt
2025-08-224 17:02 o.s.a.r.l.SimpleMessageListenerContainer-Restarting Consumer@1ed36e95: tags=[[]], channel=null, acknowledgeMode=AUTO local queue size=0
2025-08-224 17:02 o.s.a.r.c.CachingConnectionFactory-Attempting to connect to: localhost:5672
2025-08-224 17:02 o.s.a.r.l.SimpleMessageListenerContainer-Failed to check/redeclare auto-delete queue(s).
2025-08-224 17:02 o.s.a.r.c.CachingConnectionFactory-Attempting to connect to: localhost:5672
2025-08-224 17:02 o.s.a.r.l.SimpleMessageListenerContainer-Consumer raised exception, processing can restart if the connection factory supports it. Exception summary: org.springframework.amqp.AmqpConnectException: java.net.ConnectException: Connection refused: getsockopt
2025-08-224 17:02 o.s.a.r.l.SimpleMessageListenerContainer-Restarting Consumer@1acf3a9a: tags=[[]], channel=null, acknowledgeMode=AUTO local queue size=0
2025-08-224 17:02 o.s.a.r.c.CachingConnectionFactory-Attempting to connect to: localhost:5672
2025-08-224 17:02 o.s.a.r.l.SimpleMessageListenerContainer-Failed to check/redeclare auto-delete queue(s).
2025-08-224 17:02 o.s.a.r.c.CachingConnectionFactory-Attempting to connect to: localhost:5672
2025-08-224 17:02 i.l.core.protocol.ConnectionWatchdog-Reconnecting, last destination was localhost/<unresolved>:6379
2025-08-224 17:02 i.l.core.protocol.ConnectionWatchdog-Reconnecting, last destination was localhost/<unresolved>:6379
2025-08-224 17:02 i.l.core.protocol.ConnectionWatchdog-Cannot reconnect to [localhost/<unresolved>:6379]: Connection refused: getsockopt: localhost/127.0.0.1:6379
2025-08-224 17:02 i.l.core.protocol.ConnectionWatchdog-Cannot reconnect to [localhost/<unresolved>:6379]: Connection refused: getsockopt: localhost/127.0.0.1:6379
2025-08-224 17:02 i.l.core.protocol.ConnectionWatchdog-Reconnecting, last destination was localhost/<unresolved>:6379
2025-08-224 17:02 i.l.core.protocol.ConnectionWatchdog-Cannot reconnect to [localhost/<unresolved>:6379]: Connection refused: getsockopt: localhost/127.0.0.1:6379
2025-08-224 17:02 i.l.core.protocol.ConnectionWatchdog-Reconnecting, last destination was localhost/<unresolved>:6379
2025-08-224 17:02 i.l.core.protocol.ConnectionWatchdog-Cannot reconnect to [localhost/<unresolved>:6379]: Connection refused: getsockopt: localhost/127.0.0.1:6379
2025-08-224 17:02 o.s.a.r.l.SimpleMessageListenerContainer-Consumer raised exception, processing can restart if the connection factory supports it. Exception summary: org.springframework.amqp.AmqpConnectException: java.net.ConnectException: Connection refused: getsockopt
2025-08-224 17:02 o.s.a.r.l.SimpleMessageListenerContainer-Restarting Consumer@68a9df64: tags=[[]], channel=null, acknowledgeMode=AUTO local queue size=0
2025-08-224 17:02 o.s.a.r.c.CachingConnectionFactory-Attempting to connect to: localhost:5672
2025-08-224 17:02 o.s.a.r.l.SimpleMessageListenerContainer-Failed to check/redeclare auto-delete queue(s).
2025-08-224 17:02 o.s.a.r.c.CachingConnectionFactory-Attempting to connect to: localhost:5672
2025-08-224 17:03 o.s.a.r.l.SimpleMessageListenerContainer-Consumer raised exception, processing can restart if the connection factory supports it. Exception summary: org.springframework.amqp.AmqpConnectException: java.net.ConnectException: Connection refused: getsockopt
2025-08-224 17:03 o.s.a.r.l.SimpleMessageListenerContainer-Restarting Consumer@48aad161: tags=[[]], channel=null, acknowledgeMode=AUTO local queue size=0
2025-08-224 17:03 o.s.a.r.c.CachingConnectionFactory-Attempting to connect to: localhost:5672
2025-08-224 17:03 o.s.a.r.l.SimpleMessageListenerContainer-Failed to check/redeclare auto-delete queue(s).
2025-08-224 17:03 o.s.a.r.c.CachingConnectionFactory-Attempting to connect to: localhost:5672
2025-08-224 17:03 o.s.a.r.l.SimpleMessageListenerContainer-Consumer raised exception, processing can restart if the connection factory supports it. Exception summary: org.springframework.amqp.AmqpConnectException: java.net.ConnectException: Connection refused: getsockopt
2025-08-224 17:03 o.s.a.r.l.SimpleMessageListenerContainer-Restarting Consumer@5aefa1f4: tags=[[]], channel=null, acknowledgeMode=AUTO local queue size=0
2025-08-224 17:03 o.s.a.r.c.CachingConnectionFactory-Attempting to connect to: localhost:5672
2025-08-224 17:03 o.s.a.r.l.SimpleMessageListenerContainer-Failed to check/redeclare auto-delete queue(s).
2025-08-224 17:03 o.s.a.r.c.CachingConnectionFactory-Attempting to connect to: localhost:5672
2025-08-224 17:03 o.s.a.r.l.SimpleMessageListenerContainer-Consumer raised exception, processing can restart if the connection factory supports it. Exception summary: org.springframework.amqp.AmqpConnectException: java.net.ConnectException: Connection refused: getsockopt
2025-08-224 17:03 o.s.a.r.l.SimpleMessageListenerContainer-Restarting Consumer@5f4dba22: tags=[[]], channel=null, acknowledgeMode=AUTO local queue size=0
2025-08-224 17:03 o.s.a.r.c.CachingConnectionFactory-Attempting to connect to: localhost:5672
2025-08-224 17:03 o.s.a.r.l.SimpleMessageListenerContainer-Failed to check/redeclare auto-delete queue(s).
2025-08-224 17:03 o.s.a.r.c.CachingConnectionFactory-Attempting to connect to: localhost:5672
2025-08-224 17:03 o.s.a.r.l.SimpleMessageListenerContainer-Consumer raised exception, processing can restart if the connection factory supports it. Exception summary: org.springframework.amqp.AmqpConnectException: java.net.ConnectException: Connection refused: getsockopt
2025-08-224 17:03 o.s.a.r.l.SimpleMessageListenerContainer-Restarting Consumer@1d8c41fb: tags=[[]], channel=null, acknowledgeMode=AUTO local queue size=0
2025-08-224 17:03 o.s.a.r.c.CachingConnectionFactory-Attempting to connect to: localhost:5672
2025-08-224 17:03 o.s.a.r.l.SimpleMessageListenerContainer-Failed to check/redeclare auto-delete queue(s).
2025-08-224 17:03 o.s.a.r.c.CachingConnectionFactory-Attempting to connect to: localhost:5672
2025-08-224 17:03 i.l.core.protocol.ConnectionWatchdog-Reconnecting, last destination was localhost/<unresolved>:6379
2025-08-224 17:03 i.l.core.protocol.ConnectionWatchdog-Reconnecting, last destination was localhost/<unresolved>:6379
2025-08-224 17:03 i.l.core.protocol.ConnectionWatchdog-Cannot reconnect to [localhost/<unresolved>:6379]: Connection refused: getsockopt: localhost/127.0.0.1:6379
2025-08-224 17:03 i.l.core.protocol.ConnectionWatchdog-Cannot reconnect to [localhost/<unresolved>:6379]: Connection refused: getsockopt: localhost/127.0.0.1:6379
2025-08-224 17:03 i.l.core.protocol.ConnectionWatchdog-Reconnecting, last destination was localhost/<unresolved>:6379
2025-08-224 17:03 i.l.core.protocol.ConnectionWatchdog-Cannot reconnect to [localhost/<unresolved>:6379]: Connection refused: getsockopt: localhost/127.0.0.1:6379
2025-08-224 17:03 i.l.core.protocol.ConnectionWatchdog-Reconnecting, last destination was localhost/<unresolved>:6379
2025-08-224 17:03 i.l.core.protocol.ConnectionWatchdog-Cannot reconnect to [localhost/<unresolved>:6379]: Connection refused: getsockopt: localhost/127.0.0.1:6379
2025-08-224 17:03 o.s.a.r.l.SimpleMessageListenerContainer-Consumer raised exception, processing can restart if the connection factory supports it. Exception summary: org.springframework.amqp.AmqpConnectException: java.net.ConnectException: Connection refused: getsockopt
2025-08-224 17:03 o.s.a.r.l.SimpleMessageListenerContainer-Restarting Consumer@4e7b9aea: tags=[[]], channel=null, acknowledgeMode=AUTO local queue size=0
2025-08-224 17:03 o.s.a.r.c.CachingConnectionFactory-Attempting to connect to: localhost:5672
2025-08-224 17:03 o.s.a.r.l.SimpleMessageListenerContainer-Failed to check/redeclare auto-delete queue(s).
2025-08-224 17:03 o.s.a.r.c.CachingConnectionFactory-Attempting to connect to: localhost:5672
2025-08-224 17:03 o.s.a.r.l.SimpleMessageListenerContainer-Consumer raised exception, processing can restart if the connection factory supports it. Exception summary: org.springframework.amqp.AmqpConnectException: java.net.ConnectException: Connection refused: getsockopt
2025-08-224 17:03 o.s.a.r.l.SimpleMessageListenerContainer-Restarting Consumer@14a540c6: tags=[[]], channel=null, acknowledgeMode=AUTO local queue size=0
2025-08-224 17:03 o.s.a.r.c.CachingConnectionFactory-Attempting to connect to: localhost:5672
2025-08-224 17:03 o.s.a.r.l.SimpleMessageListenerContainer-Failed to check/redeclare auto-delete queue(s).
2025-08-224 17:03 o.s.a.r.c.CachingConnectionFactory-Attempting to connect to: localhost:5672
2025-08-224 17:03 o.s.a.r.l.SimpleMessageListenerContainer-Consumer raised exception, processing can restart if the connection factory supports it. Exception summary: org.springframework.amqp.AmqpConnectException: java.net.ConnectException: Connection refused: getsockopt
2025-08-224 17:03 o.s.a.r.l.SimpleMessageListenerContainer-Restarting Consumer@2a5f680b: tags=[[]], channel=null, acknowledgeMode=AUTO local queue size=0
2025-08-224 17:03 o.s.a.r.c.CachingConnectionFactory-Attempting to connect to: localhost:5672
2025-08-224 17:03 o.s.a.r.l.SimpleMessageListenerContainer-Failed to check/redeclare auto-delete queue(s).
2025-08-224 17:03 o.s.a.r.c.CachingConnectionFactory-Attempting to connect to: localhost:5672
2025-08-224 17:03 o.s.a.r.l.SimpleMessageListenerContainer-Consumer raised exception, processing can restart if the connection factory supports it. Exception summary: org.springframework.amqp.AmqpConnectException: java.net.ConnectException: Connection refused: getsockopt
2025-08-224 17:03 o.s.a.r.l.SimpleMessageListenerContainer-Restarting Consumer@3c047dee: tags=[[]], channel=null, acknowledgeMode=AUTO local queue size=0
2025-08-224 17:03 o.s.a.r.c.CachingConnectionFactory-Attempting to connect to: localhost:5672
2025-08-224 17:03 o.s.a.r.l.SimpleMessageListenerContainer-Failed to check/redeclare auto-delete queue(s).
2025-08-224 17:03 o.s.a.r.c.CachingConnectionFactory-Attempting to connect to: localhost:5672
2025-08-224 17:03 o.s.a.r.l.SimpleMessageListenerContainer-Consumer raised exception, processing can restart if the connection factory supports it. Exception summary: org.springframework.amqp.AmqpConnectException: java.net.ConnectException: Connection refused: getsockopt
2025-08-224 17:03 o.s.a.r.l.SimpleMessageListenerContainer-Restarting Consumer@5873f689: tags=[[]], channel=null, acknowledgeMode=AUTO local queue size=0
2025-08-224 17:03 o.s.a.r.c.CachingConnectionFactory-Attempting to connect to: localhost:5672
2025-08-224 17:03 o.s.a.r.l.SimpleMessageListenerContainer-Failed to check/redeclare auto-delete queue(s).
2025-08-224 17:03 o.s.a.r.c.CachingConnectionFactory-Attempting to connect to: localhost:5672
2025-08-224 17:03 o.s.a.r.l.SimpleMessageListenerContainer-Consumer raised exception, processing can restart if the connection factory supports it. Exception summary: org.springframework.amqp.AmqpConnectException: java.net.ConnectException: Connection refused: getsockopt
2025-08-224 17:03 o.s.a.r.l.SimpleMessageListenerContainer-Restarting Consumer@510b686f: tags=[[]], channel=null, acknowledgeMode=AUTO local queue size=0
2025-08-224 17:03 o.s.a.r.c.CachingConnectionFactory-Attempting to connect to: localhost:5672
2025-08-224 17:03 o.s.a.r.l.SimpleMessageListenerContainer-Failed to check/redeclare auto-delete queue(s).
2025-08-224 17:03 o.s.a.r.c.CachingConnectionFactory-Attempting to connect to: localhost:5672
2025-08-224 17:03 i.l.core.protocol.ConnectionWatchdog-Reconnecting, last destination was localhost/<unresolved>:6379
2025-08-224 17:03 i.l.core.protocol.ConnectionWatchdog-Reconnecting, last destination was localhost/<unresolved>:6379
2025-08-224 17:03 i.l.core.protocol.ConnectionWatchdog-Cannot reconnect to [localhost/<unresolved>:6379]: Connection refused: getsockopt: localhost/127.0.0.1:6379
2025-08-224 17:03 i.l.core.protocol.ConnectionWatchdog-Cannot reconnect to [localhost/<unresolved>:6379]: Connection refused: getsockopt: localhost/127.0.0.1:6379
2025-08-224 17:03 i.l.core.protocol.ConnectionWatchdog-Reconnecting, last destination was localhost/<unresolved>:6379
2025-08-224 17:03 i.l.core.protocol.ConnectionWatchdog-Cannot reconnect to [localhost/<unresolved>:6379]: Connection refused: getsockopt: localhost/127.0.0.1:6379
2025-08-224 17:03 i.l.core.protocol.ConnectionWatchdog-Reconnecting, last destination was localhost/<unresolved>:6379
2025-08-224 17:03 i.l.core.protocol.ConnectionWatchdog-Cannot reconnect to [localhost/<unresolved>:6379]: Connection refused: getsockopt: localhost/127.0.0.1:6379
2025-08-224 17:03 o.s.a.r.l.SimpleMessageListenerContainer-Consumer raised exception, processing can restart if the connection factory supports it. Exception summary: org.springframework.amqp.AmqpConnectException: java.net.ConnectException: Connection refused: getsockopt
2025-08-224 17:03 o.s.a.r.l.SimpleMessageListenerContainer-Restarting Consumer@456826b2: tags=[[]], channel=null, acknowledgeMode=AUTO local queue size=0
2025-08-224 17:03 o.s.a.r.c.CachingConnectionFactory-Attempting to connect to: localhost:5672
2025-08-224 17:03 o.s.a.r.l.SimpleMessageListenerContainer-Failed to check/redeclare auto-delete queue(s).
2025-08-224 17:03 o.s.a.r.c.CachingConnectionFactory-Attempting to connect to: localhost:5672
2025-08-224 17:03 o.s.a.r.l.SimpleMessageListenerContainer-Consumer raised exception, processing can restart if the connection factory supports it. Exception summary: org.springframework.amqp.AmqpConnectException: java.net.ConnectException: Connection refused: getsockopt
2025-08-224 17:03 o.s.a.r.l.SimpleMessageListenerContainer-Restarting Consumer@709131cc: tags=[[]], channel=null, acknowledgeMode=AUTO local queue size=0
2025-08-224 17:03 o.s.a.r.c.CachingConnectionFactory-Attempting to connect to: localhost:5672
2025-08-224 17:03 o.s.a.r.l.SimpleMessageListenerContainer-Failed to check/redeclare auto-delete queue(s).
2025-08-224 17:03 o.s.a.r.c.CachingConnectionFactory-Attempting to connect to: localhost:5672
2025-08-224 17:04 o.s.a.r.l.SimpleMessageListenerContainer-Consumer raised exception, processing can restart if the connection factory supports it. Exception summary: org.springframework.amqp.AmqpConnectException: java.net.ConnectException: Connection refused: getsockopt
2025-08-224 17:04 o.s.a.r.l.SimpleMessageListenerContainer-Restarting Consumer@79a22a8e: tags=[[]], channel=null, acknowledgeMode=AUTO local queue size=0
2025-08-224 17:04 o.s.a.r.c.CachingConnectionFactory-Attempting to connect to: localhost:5672
2025-08-224 17:04 o.s.a.r.l.SimpleMessageListenerContainer-Failed to check/redeclare auto-delete queue(s).
2025-08-224 17:04 o.s.a.r.c.CachingConnectionFactory-Attempting to connect to: localhost:5672
2025-08-224 17:04 o.s.a.r.l.SimpleMessageListenerContainer-Consumer raised exception, processing can restart if the connection factory supports it. Exception summary: org.springframework.amqp.AmqpConnectException: java.net.ConnectException: Connection refused: getsockopt
2025-08-224 17:04 o.s.a.r.l.SimpleMessageListenerContainer-Restarting Consumer@7ae13c53: tags=[[]], channel=null, acknowledgeMode=AUTO local queue size=0
2025-08-224 17:04 o.s.a.r.c.CachingConnectionFactory-Attempting to connect to: localhost:5672
2025-08-224 17:04 o.s.a.r.l.SimpleMessageListenerContainer-Failed to check/redeclare auto-delete queue(s).
2025-08-224 17:04 o.s.a.r.c.CachingConnectionFactory-Attempting to connect to: localhost:5672
2025-08-224 17:04 o.s.a.r.l.SimpleMessageListenerContainer-Consumer raised exception, processing can restart if the connection factory supports it. Exception summary: org.springframework.amqp.AmqpConnectException: java.net.ConnectException: Connection refused: getsockopt
2025-08-224 17:04 o.s.a.r.l.SimpleMessageListenerContainer-Restarting Consumer@710cbabf: tags=[[]], channel=null, acknowledgeMode=AUTO local queue size=0
2025-08-224 17:04 o.s.a.r.c.CachingConnectionFactory-Attempting to connect to: localhost:5672
2025-08-224 17:04 o.s.a.r.l.SimpleMessageListenerContainer-Failed to check/redeclare auto-delete queue(s).
2025-08-224 17:04 o.s.a.r.c.CachingConnectionFactory-Attempting to connect to: localhost:5672
2025-08-224 17:04 o.s.a.r.l.SimpleMessageListenerContainer-Consumer raised exception, processing can restart if the connection factory supports it. Exception summary: org.springframework.amqp.AmqpConnectException: java.net.ConnectException: Connection refused: getsockopt
2025-08-224 17:04 o.s.a.r.l.SimpleMessageListenerContainer-Restarting Consumer@294a8c5: tags=[[]], channel=null, acknowledgeMode=AUTO local queue size=0
2025-08-224 17:04 o.s.a.r.c.CachingConnectionFactory-Attempting to connect to: localhost:5672
2025-08-224 17:04 o.s.a.r.l.SimpleMessageListenerContainer-Failed to check/redeclare auto-delete queue(s).
2025-08-224 17:04 o.s.a.r.c.CachingConnectionFactory-Attempting to connect to: localhost:5672
2025-08-224 17:04 i.l.core.protocol.ConnectionWatchdog-Reconnecting, last destination was localhost/<unresolved>:6379
2025-08-224 17:04 i.l.core.protocol.ConnectionWatchdog-Reconnecting, last destination was localhost/<unresolved>:6379
2025-08-224 17:04 i.l.core.protocol.ConnectionWatchdog-Cannot reconnect to [localhost/<unresolved>:6379]: Connection refused: getsockopt: localhost/127.0.0.1:6379
2025-08-224 17:04 i.l.core.protocol.ConnectionWatchdog-Cannot reconnect to [localhost/<unresolved>:6379]: Connection refused: getsockopt: localhost/127.0.0.1:6379
2025-08-224 17:04 i.l.core.protocol.ConnectionWatchdog-Reconnecting, last destination was localhost/<unresolved>:6379
2025-08-224 17:04 i.l.core.protocol.ConnectionWatchdog-Cannot reconnect to [localhost/<unresolved>:6379]: Connection refused: getsockopt: localhost/127.0.0.1:6379
2025-08-224 17:04 i.l.core.protocol.ConnectionWatchdog-Reconnecting, last destination was localhost/<unresolved>:6379
2025-08-224 17:04 i.l.core.protocol.ConnectionWatchdog-Cannot reconnect to [localhost/<unresolved>:6379]: Connection refused: getsockopt: localhost/127.0.0.1:6379
2025-08-224 17:04 o.s.a.r.l.SimpleMessageListenerContainer-Consumer raised exception, processing can restart if the connection factory supports it. Exception summary: org.springframework.amqp.AmqpConnectException: java.net.ConnectException: Connection refused: getsockopt
2025-08-224 17:04 o.s.a.r.l.SimpleMessageListenerContainer-Restarting Consumer@39ee737d: tags=[[]], channel=null, acknowledgeMode=AUTO local queue size=0
2025-08-224 17:04 o.s.a.r.c.CachingConnectionFactory-Attempting to connect to: localhost:5672
2025-08-224 17:04 o.s.a.r.l.SimpleMessageListenerContainer-Failed to check/redeclare auto-delete queue(s).
2025-08-224 17:04 o.s.a.r.c.CachingConnectionFactory-Attempting to connect to: localhost:5672
2025-08-224 17:04 o.s.a.r.l.SimpleMessageListenerContainer-Consumer raised exception, processing can restart if the connection factory supports it. Exception summary: org.springframework.amqp.AmqpConnectException: java.net.ConnectException: Connection refused: getsockopt
2025-08-224 17:04 o.s.a.r.l.SimpleMessageListenerContainer-Restarting Consumer@51de79c: tags=[[]], channel=null, acknowledgeMode=AUTO local queue size=0
2025-08-224 17:04 o.s.a.r.c.CachingConnectionFactory-Attempting to connect to: localhost:5672
2025-08-224 17:04 o.s.a.r.l.SimpleMessageListenerContainer-Failed to check/redeclare auto-delete queue(s).
2025-08-224 17:04 o.s.a.r.c.CachingConnectionFactory-Attempting to connect to: localhost:5672
2025-08-224 17:04 o.s.a.r.l.SimpleMessageListenerContainer-Consumer raised exception, processing can restart if the connection factory supports it. Exception summary: org.springframework.amqp.AmqpConnectException: java.net.ConnectException: Connection refused: getsockopt
2025-08-224 17:04 o.s.a.r.l.SimpleMessageListenerContainer-Restarting Consumer@13831a90: tags=[[]], channel=null, acknowledgeMode=AUTO local queue size=0
2025-08-224 17:04 o.s.a.r.c.CachingConnectionFactory-Attempting to connect to: localhost:5672
2025-08-224 17:04 o.s.a.r.l.SimpleMessageListenerContainer-Failed to check/redeclare auto-delete queue(s).
2025-08-224 17:04 o.s.a.r.c.CachingConnectionFactory-Attempting to connect to: localhost:5672
2025-08-224 17:04 o.s.a.r.l.SimpleMessageListenerContainer-Consumer raised exception, processing can restart if the connection factory supports it. Exception summary: org.springframework.amqp.AmqpConnectException: java.net.ConnectException: Connection refused: getsockopt
2025-08-224 17:04 o.s.a.r.l.SimpleMessageListenerContainer-Restarting Consumer@1c4e8b51: tags=[[]], channel=null, acknowledgeMode=AUTO local queue size=0
2025-08-224 17:04 o.s.a.r.c.CachingConnectionFactory-Attempting to connect to: localhost:5672
2025-08-224 17:04 o.s.a.r.l.SimpleMessageListenerContainer-Failed to check/redeclare auto-delete queue(s).
2025-08-224 17:04 o.s.a.r.c.CachingConnectionFactory-Attempting to connect to: localhost:5672
2025-08-224 17:04 o.s.a.r.l.SimpleMessageListenerContainer-Consumer raised exception, processing can restart if the connection factory supports it. Exception summary: org.springframework.amqp.AmqpConnectException: java.net.ConnectException: Connection refused: getsockopt
2025-08-224 17:04 o.s.a.r.l.SimpleMessageListenerContainer-Restarting Consumer@37b95aae: tags=[[]], channel=null, acknowledgeMode=AUTO local queue size=0
2025-08-224 17:04 o.s.a.r.c.CachingConnectionFactory-Attempting to connect to: localhost:5672
2025-08-224 17:04 o.s.a.r.l.SimpleMessageListenerContainer-Failed to check/redeclare auto-delete queue(s).
2025-08-224 17:04 o.s.a.r.c.CachingConnectionFactory-Attempting to connect to: localhost:5672
2025-08-224 17:04 o.s.a.r.l.SimpleMessageListenerContainer-Consumer raised exception, processing can restart if the connection factory supports it. Exception summary: org.springframework.amqp.AmqpConnectException: java.net.ConnectException: Connection refused: getsockopt
2025-08-224 17:04 o.s.a.r.l.SimpleMessageListenerContainer-Restarting Consumer@5fa72f58: tags=[[]], channel=null, acknowledgeMode=AUTO local queue size=0
2025-08-224 17:04 o.s.a.r.c.CachingConnectionFactory-Attempting to connect to: localhost:5672
2025-08-224 17:04 o.s.a.r.l.SimpleMessageListenerContainer-Failed to check/redeclare auto-delete queue(s).
2025-08-224 17:04 o.s.a.r.c.CachingConnectionFactory-Attempting to connect to: localhost:5672
2025-08-224 17:04 i.l.core.protocol.ConnectionWatchdog-Reconnecting, last destination was localhost/<unresolved>:6379
2025-08-224 17:04 i.l.core.protocol.ConnectionWatchdog-Reconnecting, last destination was localhost/<unresolved>:6379
2025-08-224 17:04 i.l.core.protocol.ConnectionWatchdog-Cannot reconnect to [localhost/<unresolved>:6379]: Connection refused: getsockopt: localhost/127.0.0.1:6379
2025-08-224 17:04 i.l.core.protocol.ConnectionWatchdog-Cannot reconnect to [localhost/<unresolved>:6379]: Connection refused: getsockopt: localhost/127.0.0.1:6379
2025-08-224 17:04 i.l.core.protocol.ConnectionWatchdog-Reconnecting, last destination was localhost/<unresolved>:6379
2025-08-224 17:04 i.l.core.protocol.ConnectionWatchdog-Cannot reconnect to [localhost/<unresolved>:6379]: Connection refused: getsockopt: localhost/127.0.0.1:6379
2025-08-224 17:04 i.l.core.protocol.ConnectionWatchdog-Reconnecting, last destination was localhost/<unresolved>:6379
2025-08-224 17:04 i.l.core.protocol.ConnectionWatchdog-Cannot reconnect to [localhost/<unresolved>:6379]: Connection refused: getsockopt: localhost/127.0.0.1:6379
2025-08-224 17:04 o.s.a.r.l.SimpleMessageListenerContainer-Consumer raised exception, processing can restart if the connection factory supports it. Exception summary: org.springframework.amqp.AmqpConnectException: java.net.ConnectException: Connection refused: getsockopt
2025-08-224 17:04 o.s.a.r.l.SimpleMessageListenerContainer-Restarting Consumer@4faf6bf: tags=[[]], channel=null, acknowledgeMode=AUTO local queue size=0
2025-08-224 17:04 o.s.a.r.c.CachingConnectionFactory-Attempting to connect to: localhost:5672
2025-08-224 17:04 o.s.a.r.l.SimpleMessageListenerContainer-Failed to check/redeclare auto-delete queue(s).
2025-08-224 17:04 o.s.a.r.c.CachingConnectionFactory-Attempting to connect to: localhost:5672
2025-08-224 17:05 o.s.a.r.l.SimpleMessageListenerContainer-Consumer raised exception, processing can restart if the connection factory supports it. Exception summary: org.springframework.amqp.AmqpConnectException: java.net.ConnectException: Connection refused: getsockopt
2025-08-224 17:05 o.s.a.r.l.SimpleMessageListenerContainer-Restarting Consumer@2a989c9c: tags=[[]], channel=null, acknowledgeMode=AUTO local queue size=0
2025-08-224 17:05 o.s.a.r.c.CachingConnectionFactory-Attempting to connect to: localhost:5672
2025-08-224 17:05 o.s.a.r.l.SimpleMessageListenerContainer-Failed to check/redeclare auto-delete queue(s).
2025-08-224 17:05 o.s.a.r.c.CachingConnectionFactory-Attempting to connect to: localhost:5672
2025-08-224 17:05 o.s.a.r.l.SimpleMessageListenerContainer-Consumer raised exception, processing can restart if the connection factory supports it. Exception summary: org.springframework.amqp.AmqpConnectException: java.net.ConnectException: Connection refused: getsockopt
2025-08-224 17:05 o.s.a.r.l.SimpleMessageListenerContainer-Restarting Consumer@296fbdc0: tags=[[]], channel=null, acknowledgeMode=AUTO local queue size=0
2025-08-224 17:05 o.s.a.r.c.CachingConnectionFactory-Attempting to connect to: localhost:5672
2025-08-224 17:05 o.s.a.r.l.SimpleMessageListenerContainer-Failed to check/redeclare auto-delete queue(s).
2025-08-224 17:05 o.s.a.r.c.CachingConnectionFactory-Attempting to connect to: localhost:5672
2025-08-224 17:05 o.s.a.r.l.SimpleMessageListenerContainer-Consumer raised exception, processing can restart if the connection factory supports it. Exception summary: org.springframework.amqp.AmqpConnectException: java.net.ConnectException: Connection refused: getsockopt
2025-08-224 17:05 o.s.a.r.l.SimpleMessageListenerContainer-Restarting Consumer@46947cd5: tags=[[]], channel=null, acknowledgeMode=AUTO local queue size=0
2025-08-224 17:05 o.s.a.r.c.CachingConnectionFactory-Attempting to connect to: localhost:5672
2025-08-224 17:05 o.s.a.r.l.SimpleMessageListenerContainer-Failed to check/redeclare auto-delete queue(s).
2025-08-224 17:05 o.s.a.r.c.CachingConnectionFactory-Attempting to connect to: localhost:5672
2025-08-224 17:05 o.s.a.r.l.SimpleMessageListenerContainer-Consumer raised exception, processing can restart if the connection factory supports it. Exception summary: org.springframework.amqp.AmqpConnectException: java.net.ConnectException: Connection refused: getsockopt
2025-08-224 17:05 o.s.a.r.l.SimpleMessageListenerContainer-Restarting Consumer@d277af8: tags=[[]], channel=null, acknowledgeMode=AUTO local queue size=0
2025-08-224 17:05 o.s.a.r.c.CachingConnectionFactory-Attempting to connect to: localhost:5672
2025-08-224 17:05 o.s.a.r.l.SimpleMessageListenerContainer-Failed to check/redeclare auto-delete queue(s).
2025-08-224 17:05 o.s.a.r.c.CachingConnectionFactory-Attempting to connect to: localhost:5672
2025-08-224 17:05 o.s.a.r.l.SimpleMessageListenerContainer-Consumer raised exception, processing can restart if the connection factory supports it. Exception summary: org.springframework.amqp.AmqpConnectException: java.net.ConnectException: Connection refused: getsockopt
2025-08-224 17:05 o.s.a.r.l.SimpleMessageListenerContainer-Restarting Consumer@135de746: tags=[[]], channel=null, acknowledgeMode=AUTO local queue size=0
2025-08-224 17:05 o.s.a.r.c.CachingConnectionFactory-Attempting to connect to: localhost:5672
2025-08-224 17:05 o.s.a.r.l.SimpleMessageListenerContainer-Failed to check/redeclare auto-delete queue(s).
2025-08-224 17:05 o.s.a.r.c.CachingConnectionFactory-Attempting to connect to: localhost:5672
2025-08-224 17:05 i.l.core.protocol.ConnectionWatchdog-Reconnecting, last destination was localhost/<unresolved>:6379
2025-08-224 17:05 i.l.core.protocol.ConnectionWatchdog-Reconnecting, last destination was localhost/<unresolved>:6379
2025-08-224 17:05 i.l.core.protocol.ConnectionWatchdog-Cannot reconnect to [localhost/<unresolved>:6379]: Connection refused: getsockopt: localhost/127.0.0.1:6379
2025-08-224 17:05 i.l.core.protocol.ConnectionWatchdog-Cannot reconnect to [localhost/<unresolved>:6379]: Connection refused: getsockopt: localhost/127.0.0.1:6379
2025-08-224 17:05 i.l.core.protocol.ConnectionWatchdog-Reconnecting, last destination was localhost/<unresolved>:6379
2025-08-224 17:05 i.l.core.protocol.ConnectionWatchdog-Cannot reconnect to [localhost/<unresolved>:6379]: Connection refused: getsockopt: localhost/127.0.0.1:6379
2025-08-224 17:05 i.l.core.protocol.ConnectionWatchdog-Reconnecting, last destination was localhost/<unresolved>:6379
2025-08-224 17:05 i.l.core.protocol.ConnectionWatchdog-Cannot reconnect to [localhost/<unresolved>:6379]: Connection refused: getsockopt: localhost/127.0.0.1:6379
2025-08-224 17:05 o.s.a.r.l.SimpleMessageListenerContainer-Consumer raised exception, processing can restart if the connection factory supports it. Exception summary: org.springframework.amqp.AmqpConnectException: java.net.ConnectException: Connection refused: getsockopt
2025-08-224 17:05 o.s.a.r.l.SimpleMessageListenerContainer-Restarting Consumer@58940261: tags=[[]], channel=null, acknowledgeMode=AUTO local queue size=0
2025-08-224 17:05 o.s.a.r.c.CachingConnectionFactory-Attempting to connect to: localhost:5672
2025-08-224 17:05 o.s.a.r.l.SimpleMessageListenerContainer-Failed to check/redeclare auto-delete queue(s).
2025-08-224 17:05 o.s.a.r.c.CachingConnectionFactory-Attempting to connect to: localhost:5672
2025-08-224 17:05 o.s.a.r.l.SimpleMessageListenerContainer-Consumer raised exception, processing can restart if the connection factory supports it. Exception summary: org.springframework.amqp.AmqpConnectException: java.net.ConnectException: Connection refused: getsockopt
2025-08-224 17:05 o.s.a.r.l.SimpleMessageListenerContainer-Restarting Consumer@5dc8c74a: tags=[[]], channel=null, acknowledgeMode=AUTO local queue size=0
2025-08-224 17:05 o.s.a.r.c.CachingConnectionFactory-Attempting to connect to: localhost:5672
2025-08-224 17:05 o.s.a.r.l.SimpleMessageListenerContainer-Failed to check/redeclare auto-delete queue(s).
2025-08-224 17:05 o.s.a.r.c.CachingConnectionFactory-Attempting to connect to: localhost:5672
2025-08-224 17:05 o.s.a.r.l.SimpleMessageListenerContainer-Consumer raised exception, processing can restart if the connection factory supports it. Exception summary: org.springframework.amqp.AmqpConnectException: java.net.ConnectException: Connection refused: getsockopt
2025-08-224 17:05 o.s.a.r.l.SimpleMessageListenerContainer-Restarting Consumer@2d4983aa: tags=[[]], channel=null, acknowledgeMode=AUTO local queue size=0
2025-08-224 17:05 o.s.a.r.c.CachingConnectionFactory-Attempting to connect to: localhost:5672
2025-08-224 17:05 o.s.a.r.l.SimpleMessageListenerContainer-Failed to check/redeclare auto-delete queue(s).
2025-08-224 17:05 o.s.a.r.c.CachingConnectionFactory-Attempting to connect to: localhost:5672
2025-08-224 17:05 o.s.a.r.l.SimpleMessageListenerContainer-Consumer raised exception, processing can restart if the connection factory supports it. Exception summary: org.springframework.amqp.AmqpConnectException: java.net.ConnectException: Connection refused: getsockopt
2025-08-224 17:05 o.s.a.r.l.SimpleMessageListenerContainer-Restarting Consumer@5172d0e5: tags=[[]], channel=null, acknowledgeMode=AUTO local queue size=0
2025-08-224 17:05 o.s.a.r.c.CachingConnectionFactory-Attempting to connect to: localhost:5672
2025-08-224 17:05 o.s.a.r.l.SimpleMessageListenerContainer-Failed to check/redeclare auto-delete queue(s).
2025-08-224 17:05 o.s.a.r.c.CachingConnectionFactory-Attempting to connect to: localhost:5672
2025-08-224 17:05 o.s.a.r.l.SimpleMessageListenerContainer-Consumer raised exception, processing can restart if the connection factory supports it. Exception summary: org.springframework.amqp.AmqpConnectException: java.net.ConnectException: Connection refused: getsockopt
2025-08-224 17:05 o.s.a.r.l.SimpleMessageListenerContainer-Restarting Consumer@5824bda2: tags=[[]], channel=null, acknowledgeMode=AUTO local queue size=0
2025-08-224 17:05 o.s.a.r.c.CachingConnectionFactory-Attempting to connect to: localhost:5672
2025-08-224 17:05 o.s.a.r.l.SimpleMessageListenerContainer-Failed to check/redeclare auto-delete queue(s).
2025-08-224 17:05 o.s.a.r.c.CachingConnectionFactory-Attempting to connect to: localhost:5672
2025-08-224 17:05 i.l.core.protocol.ConnectionWatchdog-Reconnecting, last destination was localhost/<unresolved>:6379
2025-08-224 17:05 i.l.core.protocol.ConnectionWatchdog-Reconnecting, last destination was localhost/<unresolved>:6379
2025-08-224 17:05 i.l.core.protocol.ConnectionWatchdog-Cannot reconnect to [localhost/<unresolved>:6379]: Connection refused: getsockopt: localhost/127.0.0.1:6379
2025-08-224 17:05 i.l.core.protocol.ConnectionWatchdog-Cannot reconnect to [localhost/<unresolved>:6379]: Connection refused: getsockopt: localhost/127.0.0.1:6379
2025-08-224 17:05 i.l.core.protocol.ConnectionWatchdog-Reconnecting, last destination was localhost/<unresolved>:6379
2025-08-224 17:05 i.l.core.protocol.ConnectionWatchdog-Cannot reconnect to [localhost/<unresolved>:6379]: Connection refused: getsockopt: localhost/127.0.0.1:6379
2025-08-224 17:05 i.l.core.protocol.ConnectionWatchdog-Reconnecting, last destination was localhost/<unresolved>:6379
2025-08-224 17:05 i.l.core.protocol.ConnectionWatchdog-Cannot reconnect to [localhost/<unresolved>:6379]: Connection refused: getsockopt: localhost/127.0.0.1:6379
2025-08-224 17:05 o.s.a.r.l.SimpleMessageListenerContainer-Consumer raised exception, processing can restart if the connection factory supports it. Exception summary: org.springframework.amqp.AmqpConnectException: java.net.ConnectException: Connection refused: getsockopt
2025-08-224 17:05 o.s.a.r.l.SimpleMessageListenerContainer-Restarting Consumer@5b53027a: tags=[[]], channel=null, acknowledgeMode=AUTO local queue size=0
2025-08-224 17:05 o.s.a.r.c.CachingConnectionFactory-Attempting to connect to: localhost:5672
2025-08-224 17:05 o.s.a.r.l.SimpleMessageListenerContainer-Failed to check/redeclare auto-delete queue(s).
2025-08-224 17:05 o.s.a.r.c.CachingConnectionFactory-Attempting to connect to: localhost:5672
2025-08-224 17:05 o.s.a.r.l.SimpleMessageListenerContainer-Consumer raised exception, processing can restart if the connection factory supports it. Exception summary: org.springframework.amqp.AmqpConnectException: java.net.ConnectException: Connection refused: getsockopt
2025-08-224 17:05 o.s.a.r.l.SimpleMessageListenerContainer-Restarting Consumer@1b228309: tags=[[]], channel=null, acknowledgeMode=AUTO local queue size=0
2025-08-224 17:05 o.s.a.r.c.CachingConnectionFactory-Attempting to connect to: localhost:5672
2025-08-224 17:05 o.s.a.r.l.SimpleMessageListenerContainer-Failed to check/redeclare auto-delete queue(s).
2025-08-224 17:05 o.s.a.r.c.CachingConnectionFactory-Attempting to connect to: localhost:5672
2025-08-224 17:06 o.s.a.r.l.SimpleMessageListenerContainer-Consumer raised exception, processing can restart if the connection factory supports it. Exception summary: org.springframework.amqp.AmqpConnectException: java.net.ConnectException: Connection refused: getsockopt
2025-08-224 17:06 o.s.a.r.l.SimpleMessageListenerContainer-Restarting Consumer@2729dc8e: tags=[[]], channel=null, acknowledgeMode=AUTO local queue size=0
2025-08-224 17:06 o.s.a.r.c.CachingConnectionFactory-Attempting to connect to: localhost:5672
2025-08-224 17:06 o.s.a.r.l.SimpleMessageListenerContainer-Failed to check/redeclare auto-delete queue(s).
2025-08-224 17:06 o.s.a.r.c.CachingConnectionFactory-Attempting to connect to: localhost:5672
2025-08-224 17:06 o.s.a.r.l.SimpleMessageListenerContainer-Consumer raised exception, processing can restart if the connection factory supports it. Exception summary: org.springframework.amqp.AmqpConnectException: java.net.ConnectException: Connection refused: getsockopt
2025-08-224 17:06 o.s.a.r.l.SimpleMessageListenerContainer-Restarting Consumer@4281285c: tags=[[]], channel=null, acknowledgeMode=AUTO local queue size=0
2025-08-224 17:06 o.s.a.r.c.CachingConnectionFactory-Attempting to connect to: localhost:5672
2025-08-224 17:06 o.s.a.r.l.SimpleMessageListenerContainer-Failed to check/redeclare auto-delete queue(s).
2025-08-224 17:06 o.s.a.r.c.CachingConnectionFactory-Attempting to connect to: localhost:5672
2025-08-224 17:06 o.s.a.r.l.SimpleMessageListenerContainer-Consumer raised exception, processing can restart if the connection factory supports it. Exception summary: org.springframework.amqp.AmqpConnectException: java.net.ConnectException: Connection refused: getsockopt
2025-08-224 17:06 o.s.a.r.l.SimpleMessageListenerContainer-Restarting Consumer@1289831d: tags=[[]], channel=null, acknowledgeMode=AUTO local queue size=0
2025-08-224 17:06 o.s.a.r.c.CachingConnectionFactory-Attempting to connect to: localhost:5672
2025-08-224 17:06 o.s.a.r.l.SimpleMessageListenerContainer-Failed to check/redeclare auto-delete queue(s).
2025-08-224 17:06 o.s.a.r.c.CachingConnectionFactory-Attempting to connect to: localhost:5672
2025-08-224 17:06 o.s.a.r.l.SimpleMessageListenerContainer-Consumer raised exception, processing can restart if the connection factory supports it. Exception summary: org.springframework.amqp.AmqpConnectException: java.net.ConnectException: Connection refused: getsockopt
2025-08-224 17:06 o.s.a.r.l.SimpleMessageListenerContainer-Restarting Consumer@11ef4606: tags=[[]], channel=null, acknowledgeMode=AUTO local queue size=0
2025-08-224 17:06 o.s.a.r.c.CachingConnectionFactory-Attempting to connect to: localhost:5672
2025-08-224 17:06 o.s.a.r.l.SimpleMessageListenerContainer-Failed to check/redeclare auto-delete queue(s).
2025-08-224 17:06 o.s.a.r.c.CachingConnectionFactory-Attempting to connect to: localhost:5672
2025-08-224 17:06 i.l.core.protocol.ConnectionWatchdog-Reconnecting, last destination was localhost/<unresolved>:6379
2025-08-224 17:06 i.l.core.protocol.ConnectionWatchdog-Reconnecting, last destination was localhost/<unresolved>:6379
2025-08-224 17:06 i.l.core.protocol.ConnectionWatchdog-Cannot reconnect to [localhost/<unresolved>:6379]: Connection refused: getsockopt: localhost/127.0.0.1:6379
2025-08-224 17:06 i.l.core.protocol.ConnectionWatchdog-Cannot reconnect to [localhost/<unresolved>:6379]: Connection refused: getsockopt: localhost/127.0.0.1:6379
2025-08-224 17:06 i.l.core.protocol.ConnectionWatchdog-Reconnecting, last destination was localhost/<unresolved>:6379
2025-08-224 17:06 i.l.core.protocol.ConnectionWatchdog-Cannot reconnect to [localhost/<unresolved>:6379]: Connection refused: getsockopt: localhost/127.0.0.1:6379
2025-08-224 17:06 i.l.core.protocol.ConnectionWatchdog-Reconnecting, last destination was localhost/<unresolved>:6379
2025-08-224 17:06 i.l.core.protocol.ConnectionWatchdog-Cannot reconnect to [localhost/<unresolved>:6379]: Connection refused: getsockopt: localhost/127.0.0.1:6379
2025-08-224 17:06 o.s.a.r.l.SimpleMessageListenerContainer-Consumer raised exception, processing can restart if the connection factory supports it. Exception summary: org.springframework.amqp.AmqpConnectException: java.net.ConnectException: Connection refused: getsockopt
2025-08-224 17:06 o.s.a.r.l.SimpleMessageListenerContainer-Restarting Consumer@27806ae8: tags=[[]], channel=null, acknowledgeMode=AUTO local queue size=0
2025-08-224 17:06 o.s.a.r.c.CachingConnectionFactory-Attempting to connect to: localhost:5672
2025-08-224 17:06 o.s.a.r.l.SimpleMessageListenerContainer-Failed to check/redeclare auto-delete queue(s).
2025-08-224 17:06 o.s.a.r.c.CachingConnectionFactory-Attempting to connect to: localhost:5672
2025-08-224 17:06 o.s.a.r.l.SimpleMessageListenerContainer-Consumer raised exception, processing can restart if the connection factory supports it. Exception summary: org.springframework.amqp.AmqpConnectException: java.net.ConnectException: Connection refused: getsockopt
2025-08-224 17:06 o.s.a.r.l.SimpleMessageListenerContainer-Restarting Consumer@795a334f: tags=[[]], channel=null, acknowledgeMode=AUTO local queue size=0
2025-08-224 17:06 o.s.a.r.c.CachingConnectionFactory-Attempting to connect to: localhost:5672
2025-08-224 17:06 o.s.a.r.l.SimpleMessageListenerContainer-Failed to check/redeclare auto-delete queue(s).
2025-08-224 17:06 o.s.a.r.c.CachingConnectionFactory-Attempting to connect to: localhost:5672
2025-08-224 17:06 o.s.a.r.l.SimpleMessageListenerContainer-Consumer raised exception, processing can restart if the connection factory supports it. Exception summary: org.springframework.amqp.AmqpConnectException: java.net.ConnectException: Connection refused: getsockopt
2025-08-224 17:06 o.s.a.r.l.SimpleMessageListenerContainer-Restarting Consumer@376f5e18: tags=[[]], channel=null, acknowledgeMode=AUTO local queue size=0
2025-08-224 17:06 o.s.a.r.c.CachingConnectionFactory-Attempting to connect to: localhost:5672
2025-08-224 17:06 o.s.a.r.l.SimpleMessageListenerContainer-Failed to check/redeclare auto-delete queue(s).
2025-08-224 17:06 o.s.a.r.c.CachingConnectionFactory-Attempting to connect to: localhost:5672
2025-08-224 17:06 o.s.a.r.l.SimpleMessageListenerContainer-Consumer raised exception, processing can restart if the connection factory supports it. Exception summary: org.springframework.amqp.AmqpConnectException: java.net.ConnectException: Connection refused: getsockopt
2025-08-224 17:06 o.s.a.r.l.SimpleMessageListenerContainer-Restarting Consumer@3f96b634: tags=[[]], channel=null, acknowledgeMode=AUTO local queue size=0
2025-08-224 17:06 o.s.a.r.c.CachingConnectionFactory-Attempting to connect to: localhost:5672
2025-08-224 17:06 o.s.a.r.l.SimpleMessageListenerContainer-Failed to check/redeclare auto-delete queue(s).
2025-08-224 17:06 o.s.a.r.c.CachingConnectionFactory-Attempting to connect to: localhost:5672
2025-08-224 17:06 o.s.a.r.l.SimpleMessageListenerContainer-Consumer raised exception, processing can restart if the connection factory supports it. Exception summary: org.springframework.amqp.AmqpConnectException: java.net.ConnectException: Connection refused: getsockopt
2025-08-224 17:06 o.s.a.r.l.SimpleMessageListenerContainer-Restarting Consumer@293ee287: tags=[[]], channel=null, acknowledgeMode=AUTO local queue size=0
2025-08-224 17:06 o.s.a.r.c.CachingConnectionFactory-Attempting to connect to: localhost:5672
2025-08-224 17:06 o.s.a.r.l.SimpleMessageListenerContainer-Failed to check/redeclare auto-delete queue(s).
2025-08-224 17:06 o.s.a.r.c.CachingConnectionFactory-Attempting to connect to: localhost:5672
2025-08-224 17:06 o.s.a.r.l.SimpleMessageListenerContainer-Consumer raised exception, processing can restart if the connection factory supports it. Exception summary: org.springframework.amqp.AmqpConnectException: java.net.ConnectException: Connection refused: getsockopt
2025-08-224 17:06 o.s.a.r.l.SimpleMessageListenerContainer-Restarting Consumer@3611ee5f: tags=[[]], channel=null, acknowledgeMode=AUTO local queue size=0
2025-08-224 17:06 o.s.a.r.c.CachingConnectionFactory-Attempting to connect to: localhost:5672
2025-08-224 17:06 o.s.a.r.l.SimpleMessageListenerContainer-Failed to check/redeclare auto-delete queue(s).
2025-08-224 17:06 o.s.a.r.c.CachingConnectionFactory-Attempting to connect to: localhost:5672
2025-08-224 17:06 i.l.core.protocol.ConnectionWatchdog-Reconnecting, last destination was localhost/<unresolved>:6379
2025-08-224 17:06 i.l.core.protocol.ConnectionWatchdog-Reconnecting, last destination was localhost/<unresolved>:6379
2025-08-224 17:06 i.l.core.protocol.ConnectionWatchdog-Cannot reconnect to [localhost/<unresolved>:6379]: Connection refused: getsockopt: localhost/127.0.0.1:6379
2025-08-224 17:06 i.l.core.protocol.ConnectionWatchdog-Cannot reconnect to [localhost/<unresolved>:6379]: Connection refused: getsockopt: localhost/127.0.0.1:6379
2025-08-224 17:06 i.l.core.protocol.ConnectionWatchdog-Reconnecting, last destination was localhost/<unresolved>:6379
2025-08-224 17:06 i.l.core.protocol.ConnectionWatchdog-Cannot reconnect to [localhost/<unresolved>:6379]: Connection refused: getsockopt: localhost/127.0.0.1:6379
2025-08-224 17:06 i.l.core.protocol.ConnectionWatchdog-Reconnecting, last destination was localhost/<unresolved>:6379
2025-08-224 17:06 i.l.core.protocol.ConnectionWatchdog-Cannot reconnect to [localhost/<unresolved>:6379]: Connection refused: getsockopt: localhost/127.0.0.1:6379
2025-08-224 17:06 o.s.a.r.l.SimpleMessageListenerContainer-Consumer raised exception, processing can restart if the connection factory supports it. Exception summary: org.springframework.amqp.AmqpConnectException: java.net.ConnectException: Connection refused: getsockopt
2025-08-224 17:06 o.s.a.r.l.SimpleMessageListenerContainer-Restarting Consumer@876ee38: tags=[[]], channel=null, acknowledgeMode=AUTO local queue size=0
2025-08-224 17:06 o.s.a.r.c.CachingConnectionFactory-Attempting to connect to: localhost:5672
2025-08-224 17:06 o.s.a.r.l.SimpleMessageListenerContainer-Failed to check/redeclare auto-delete queue(s).
2025-08-224 17:06 o.s.a.r.c.CachingConnectionFactory-Attempting to connect to: localhost:5672
2025-08-224 17:07 o.s.a.r.l.SimpleMessageListenerContainer-Consumer raised exception, processing can restart if the connection factory supports it. Exception summary: org.springframework.amqp.AmqpConnectException: java.net.ConnectException: Connection refused: getsockopt
2025-08-224 17:07 o.s.a.r.l.SimpleMessageListenerContainer-Restarting Consumer@244ac82b: tags=[[]], channel=null, acknowledgeMode=AUTO local queue size=0
2025-08-224 17:07 o.s.a.r.c.CachingConnectionFactory-Attempting to connect to: localhost:5672
2025-08-224 17:07 o.s.a.r.l.SimpleMessageListenerContainer-Failed to check/redeclare auto-delete queue(s).
2025-08-224 17:07 o.s.a.r.c.CachingConnectionFactory-Attempting to connect to: localhost:5672
2025-08-224 17:07 o.s.a.r.l.SimpleMessageListenerContainer-Consumer raised exception, processing can restart if the connection factory supports it. Exception summary: org.springframework.amqp.AmqpConnectException: java.net.ConnectException: Connection refused: getsockopt
2025-08-224 17:07 o.s.a.r.l.SimpleMessageListenerContainer-Restarting Consumer@5694e24: tags=[[]], channel=null, acknowledgeMode=AUTO local queue size=0
2025-08-224 17:07 o.s.a.r.c.CachingConnectionFactory-Attempting to connect to: localhost:5672
2025-08-224 17:07 o.s.a.r.l.SimpleMessageListenerContainer-Failed to check/redeclare auto-delete queue(s).
2025-08-224 17:07 o.s.a.r.c.CachingConnectionFactory-Attempting to connect to: localhost:5672
